Internal Server Error: /alumnos/alumnosAdd
Traceback (most recent call last):
  File "/usr/lib/python3/dist-packages/django/utils/datastructures.py", line 76, in __getitem__
    list_ = super().__getitem__(key)
KeyError: 'genero'

During handling of the above exception, another exception occurred:

Traceback (most recent call last):
  File "/usr/lib/python3/dist-packages/django/core/handlers/exception.py", line 47, in inner
    response = get_response(request)
  File "/usr/lib/python3/dist-packages/django/core/handlers/base.py", line 181, in _get_response
    response = wrapped_callback(request, *callback_args, **callback_kwargs)
  File "/home/link/Documentos/django3/alumnos/views.py", line 32, in alumnosAdd
    genero = request.POST["genero"]
  File "/usr/lib/python3/dist-packages/django/utils/datastructures.py", line 78, in __getitem__
    raise MultiValueDictKeyError(key)
django.utils.datastructures.MultiValueDictKeyError: 'genero'
"POST /alumnos/alumnosAdd HTTP/1.1" 500 76469
File /home/link/Documentos/django3/alumnos/templates/alumnos/alumnos_add.html previous mtime: 1717424856.0826416, current mtime: 1717431261.0494416
/home/link/Documentos/django3/alumnos/templates/alumnos/alumnos_add.html notified as changed. Signal results: [(<function template_changed at 0x7608c17c5c60>, True), (<function translation_file_changed at 0x7608c0fef130>, None)].
File /home/link/Documentos/django3/alumnos/templates/alumnos/alumnos_add.html previous mtime: 1717431261.0494416, current mtime: 1717431269.5294843
/home/link/Documentos/django3/alumnos/templates/alumnos/alumnos_add.html notified as changed. Signal results: [(<function template_changed at 0x7608c17c5c60>, True), (<function translation_file_changed at 0x7608c0fef130>, None)].
Internal Server Error: /alumnos/alumnosAdd
Traceback (most recent call last):
  File "/usr/lib/python3/dist-packages/django/utils/datastructures.py", line 76, in __getitem__
    list_ = super().__getitem__(key)
KeyError: 'genero'

During handling of the above exception, another exception occurred:

Traceback (most recent call last):
  File "/usr/lib/python3/dist-packages/django/core/handlers/exception.py", line 47, in inner
    response = get_response(request)
  File "/usr/lib/python3/dist-packages/django/core/handlers/base.py", line 181, in _get_response
    response = wrapped_callback(request, *callback_args, **callback_kwargs)
  File "/home/link/Documentos/django3/alumnos/views.py", line 32, in alumnosAdd
    genero = request.POST["genero"]
  File "/usr/lib/python3/dist-packages/django/utils/datastructures.py", line 78, in __getitem__
    raise MultiValueDictKeyError(key)
django.utils.datastructures.MultiValueDictKeyError: 'genero'
"POST /alumnos/alumnosAdd HTTP/1.1" 500 76469
Internal Server Error: /alumnos/alumnosAdd
Traceback (most recent call last):
  File "/usr/lib/python3/dist-packages/django/utils/datastructures.py", line 76, in __getitem__
    list_ = super().__getitem__(key)
KeyError: 'genero'

During handling of the above exception, another exception occurred:

Traceback (most recent call last):
  File "/usr/lib/python3/dist-packages/django/core/handlers/exception.py", line 47, in inner
    response = get_response(request)
  File "/usr/lib/python3/dist-packages/django/core/handlers/base.py", line 181, in _get_response
    response = wrapped_callback(request, *callback_args, **callback_kwargs)
  File "/home/link/Documentos/django3/alumnos/views.py", line 32, in alumnosAdd
    genero = request.POST["genero"]
  File "/usr/lib/python3/dist-packages/django/utils/datastructures.py", line 78, in __getitem__
    raise MultiValueDictKeyError(key)
django.utils.datastructures.MultiValueDictKeyError: 'genero'
"POST /alumnos/alumnosAdd HTTP/1.1" 500 76469
Internal Server Error: /alumnos/alumnosAdd
Traceback (most recent call last):
  File "/usr/lib/python3/dist-packages/django/utils/datastructures.py", line 76, in __getitem__
    list_ = super().__getitem__(key)
KeyError: 'genero'

During handling of the above exception, another exception occurred:

Traceback (most recent call last):
  File "/usr/lib/python3/dist-packages/django/core/handlers/exception.py", line 47, in inner
    response = get_response(request)
  File "/usr/lib/python3/dist-packages/django/core/handlers/base.py", line 181, in _get_response
    response = wrapped_callback(request, *callback_args, **callback_kwargs)
  File "/home/link/Documentos/django3/alumnos/views.py", line 32, in alumnosAdd
    genero = request.POST["genero"]
  File "/usr/lib/python3/dist-packages/django/utils/datastructures.py", line 78, in __getitem__
    raise MultiValueDictKeyError(key)
django.utils.datastructures.MultiValueDictKeyError: 'genero'
"POST /alumnos/alumnosAdd HTTP/1.1" 500 76469
(0.000) SELECT "alumnos_genero"."idGenero", "alumnos_genero"."genero" FROM "alumnos_genero"; args=()
"GET /alumnos/alumnosAdd HTTP/1.1" 200 1837
(0.001) SELECT "alumnos_genero"."idGenero", "alumnos_genero"."genero" FROM "alumnos_genero"; args=()
"GET /alumnos/alumnosAdd HTTP/1.1" 200 1837
File /usr/lib/python3/dist-packages/django/contrib/auth/context_processors.py first seen with mtime 1643698995.0
File /usr/lib/python3/dist-packages/django/template/context_processors.py first seen with mtime 1643698711.0
File /usr/lib/python3/dist-packages/django/contrib/messages/context_processors.py first seen with mtime 1607634631.0
(0.001) SELECT "alumnos_genero"."idGenero", "alumnos_genero"."genero" FROM "alumnos_genero" WHERE "alumnos_genero"."idGenero" = 1 LIMIT 21; args=(1,)
(0.000) SELECT "alumnos_alumno"."rut", "alumnos_alumno"."nombre", "alumnos_alumno"."apellido_paterno", "alumnos_alumno"."apellido_materno", "alumnos_alumno"."fecha_nacimiento", "alumnos_alumno"."idGenero", "alumnos_alumno"."telefono", "alumnos_alumno"."email", "alumnos_alumno"."direccion", "alumnos_alumno"."activo" FROM "alumnos_alumno" LIMIT 21; args=()
Internal Server Error: /alumnos/alumnosAdd
Traceback (most recent call last):
  File "/usr/lib/python3/dist-packages/django/core/handlers/exception.py", line 47, in inner
    response = get_response(request)
  File "/usr/lib/python3/dist-packages/django/core/handlers/base.py", line 181, in _get_response
    response = wrapped_callback(request, *callback_args, **callback_kwargs)
  File "/home/link/Documentos/django3/alumnos/views.py", line 39, in alumnosAdd
    obj = Alumno.objects.create(
  File "/usr/lib/python3/dist-packages/django/db/models/manager.py", line 85, in manager_method
    return getattr(self.get_queryset(), name)(*args, **kwargs)
  File "/usr/lib/python3/dist-packages/django/db/models/query.py", line 451, in create
    obj = self.model(**kwargs)
  File "/usr/lib/python3/dist-packages/django/db/models/base.py", line 503, in __init__
    raise TypeError("%s() got an unexpected keyword argument '%s'" % (cls.__name__, kwarg))
TypeError: Alumno() got an unexpected keyword argument 'apaterno'
"POST /alumnos/alumnosAdd HTTP/1.1" 500 84069
(0.000) SELECT "alumnos_genero"."idGenero", "alumnos_genero"."genero" FROM "alumnos_genero" WHERE "alumnos_genero"."idGenero" = 1 LIMIT 21; args=(1,)
(0.000) SELECT "alumnos_alumno"."rut", "alumnos_alumno"."nombre", "alumnos_alumno"."apellido_paterno", "alumnos_alumno"."apellido_materno", "alumnos_alumno"."fecha_nacimiento", "alumnos_alumno"."idGenero", "alumnos_alumno"."telefono", "alumnos_alumno"."email", "alumnos_alumno"."direccion", "alumnos_alumno"."activo" FROM "alumnos_alumno" LIMIT 21; args=()
Internal Server Error: /alumnos/alumnosAdd
Traceback (most recent call last):
  File "/usr/lib/python3/dist-packages/django/core/handlers/exception.py", line 47, in inner
    response = get_response(request)
  File "/usr/lib/python3/dist-packages/django/core/handlers/base.py", line 181, in _get_response
    response = wrapped_callback(request, *callback_args, **callback_kwargs)
  File "/home/link/Documentos/django3/alumnos/views.py", line 39, in alumnosAdd
    obj = Alumno.objects.create(
  File "/usr/lib/python3/dist-packages/django/db/models/manager.py", line 85, in manager_method
    return getattr(self.get_queryset(), name)(*args, **kwargs)
  File "/usr/lib/python3/dist-packages/django/db/models/query.py", line 451, in create
    obj = self.model(**kwargs)
  File "/usr/lib/python3/dist-packages/django/db/models/base.py", line 503, in __init__
    raise TypeError("%s() got an unexpected keyword argument '%s'" % (cls.__name__, kwarg))
TypeError: Alumno() got an unexpected keyword argument 'apaterno'
"POST /alumnos/alumnosAdd HTTP/1.1" 500 84244
File /home/link/Documentos/django3/alumnos/views.py previous mtime: 1717431158.825181, current mtime: 1717431473.0113044
/home/link/Documentos/django3/alumnos/views.py notified as changed. Signal results: [(<function template_changed at 0x7608c17c5c60>, None), (<function translation_file_changed at 0x7608c0fef130>, None)].
/home/link/Documentos/django3/alumnos/views.py changed, reloading.
Watching for file changes with StatReloader
Waiting for apps ready_event.
Apps ready_event triggered. Sending autoreload_started signal.
Watching dir /home/link/Documentos/django3/alumnos/templates with glob **/*.
Watching dir /home/link/Documentos/django3/locale with glob **/*.mo.
Watching dir /home/link/Documentos/django3/alumnos/locale with glob **/*.mo.
(0.000) 
            SELECT name, type FROM sqlite_master
            WHERE type in ('table', 'view') AND NOT name='sqlite_sequence'
            ORDER BY name; args=None
(0.000) SELECT "django_migrations"."id", "django_migrations"."app", "django_migrations"."name", "django_migrations"."applied" FROM "django_migrations"; args=()
File /usr/lib/python3/dist-packages/django/forms/utils.py first seen with mtime 1643698995.0
File /usr/lib/python3.10/email/parser.py first seen with mtime 1700493245.0
File /usr/lib/python3/dist-packages/django/contrib/admin/templatetags/admin_list.py first seen with mtime 1643698995.0
File /usr/lib/python3/dist-packages/django/utils/dateparse.py first seen with mtime 1643698995.0
File /usr/lib/python3/dist-packages/sqlparse/exceptions.py first seen with mtime 1602053602.0
File /usr/lib/python3/dist-packages/django/utils/dates.py first seen with mtime 1607634634.0
File /usr/lib/python3/dist-packages/django/core/checks/caches.py first seen with mtime 1643698711.0
File /usr/lib/python3.10/sqlite3/__init__.py first seen with mtime 1700493245.0
File /usr/lib/python3/dist-packages/django/core/management/base.py first seen with mtime 1643698995.0
File /usr/lib/python3/dist-packages/asgiref/local.py first seen with mtime 1642870447.0
File /usr/lib/python3/dist-packages/django/templatetags/l10n.py first seen with mtime 1607634634.0
File /usr/lib/python3/dist-packages/django/views/generic/edit.py first seen with mtime 1643698995.0
File /usr/lib/python3/dist-packages/django/template/context.py first seen with mtime 1643698711.0
File /usr/lib/python3.10/lib-dynload/_queue.cpython-310-x86_64-linux-gnu.so first seen with mtime 1700493245.0
File /usr/lib/python3/dist-packages/django/core/handlers/base.py first seen with mtime 1643698711.0
File /usr/lib/python3.10/email/iterators.py first seen with mtime 1700493245.0
File /usr/lib/python3/dist-packages/django/db/backends/base/creation.py first seen with mtime 1643698711.0
File /usr/lib/python3/dist-packages/django/db/models/aggregates.py first seen with mtime 1643698995.0
File /usr/lib/python3/dist-packages/django/core/servers/__init__.py first seen with mtime 1607634634.0
File /usr/lib/python3.10/hmac.py first seen with mtime 1700493245.0
File /usr/lib/python3/dist-packages/django/core/servers/basehttp.py first seen with mtime 1643698995.0
File /usr/lib/python3/dist-packages/django/template/defaulttags.py first seen with mtime 1643698995.0
File /usr/lib/python3/dist-packages/django/utils/topological_sort.py first seen with mtime 1607634634.0
File /usr/lib/python3/dist-packages/django/contrib/admin/__init__.py first seen with mtime 1643698711.0
File /usr/lib/python3/dist-packages/django/db/backends/sqlite3/client.py first seen with mtime 1643698995.0
File /usr/lib/python3.10/string.py first seen with mtime 1700493245.0
File /usr/lib/python3/dist-packages/django/template/smartif.py first seen with mtime 1607634634.0
File /usr/lib/python3/dist-packages/django/core/files/temp.py first seen with mtime 1643698711.0
File /usr/lib/python3/dist-packages/django/http/cookie.py first seen with mtime 1643698995.0
File /usr/lib/python3/dist-packages/django/urls/converters.py first seen with mtime 1607634634.0
File /usr/lib/python3/dist-packages/django/conf/global_settings.py first seen with mtime 1708966424.0
File /usr/lib/python3/dist-packages/django/forms/forms.py first seen with mtime 1643698995.0
File /usr/lib/python3/dist-packages/django/utils/datastructures.py first seen with mtime 1643698995.0
File /usr/lib/python3/dist-packages/django/core/serializers/base.py first seen with mtime 1643698995.0
File /usr/lib/python3.10/queue.py first seen with mtime 1700493245.0
File /usr/lib/python3.10/sre_constants.py first seen with mtime 1700493245.0
File /usr/lib/python3.10/heapq.py first seen with mtime 1700493245.0
File /usr/lib/python3.10/hashlib.py first seen with mtime 1700493245.0
File /usr/lib/python3.10/gettext.py first seen with mtime 1700493245.0
File /usr/lib/python3/dist-packages/django/db/models/query.py first seen with mtime 1708966424.0
File /usr/lib/python3/dist-packages/django/contrib/admin/templatetags/log.py first seen with mtime 1607634617.0
File /usr/lib/python3/dist-packages/django/contrib/auth/backends.py first seen with mtime 1643698995.0
File /usr/lib/python3/dist-packages/django/utils/translation/reloader.py first seen with mtime 1643698712.0
File /usr/lib/python3.10/sysconfig.py first seen with mtime 1700493245.0
File /usr/lib/python3/dist-packages/django/contrib/admin/widgets.py first seen with mtime 1643698995.0
File /usr/lib/python3.10/asyncio/log.py first seen with mtime 1700493245.0
File /usr/lib/python3/dist-packages/django/contrib/admin/templatetags/base.py first seen with mtime 1643698711.0
File /usr/lib/python3/dist-packages/django/core/validators.py first seen with mtime 1708966424.0
File /usr/lib/python3.10/email/mime/nonmultipart.py first seen with mtime 1700493245.0
File /usr/lib/python3/dist-packages/django/core/checks/model_checks.py first seen with mtime 1643698711.0
File /usr/lib/python3/dist-packages/django/core/cache/backends/__init__.py first seen with mtime 1607634634.0
File /usr/lib/python3/dist-packages/django/utils/baseconv.py first seen with mtime 1643698995.0
File /usr/lib/python3/dist-packages/django/utils/lorem_ipsum.py first seen with mtime 1607634634.0
File /usr/lib/python3/dist-packages/sqlparse/utils.py first seen with mtime 1602053580.0
File /usr/lib/python3.10/importlib/_adapters.py first seen with mtime 1700493245.0
File /usr/lib/python3/dist-packages/sqlparse/sql.py first seen with mtime 1715174312.0
File /usr/lib/python3/dist-packages/django/utils/text.py first seen with mtime 1708966424.0
File /usr/lib/python3/dist-packages/django/views/csrf.py first seen with mtime 1643698995.0
File /usr/lib/python3/dist-packages/django/urls/exceptions.py first seen with mtime 1607634634.0
File /usr/lib/python3/dist-packages/django/contrib/auth/models.py first seen with mtime 1643698711.0
File /usr/lib/python3/dist-packages/sqlparse/filters/aligned_indent.py first seen with mtime 1602053530.0
File /usr/lib/python3.10/ctypes/_endian.py first seen with mtime 1700493245.0
File /usr/lib/python3/dist-packages/django/db/models/fields/reverse_related.py first seen with mtime 1643698995.0
File /usr/lib/python3.10/asyncio/staggered.py first seen with mtime 1700493245.0
File /usr/lib/python3.10/keyword.py first seen with mtime 1700493245.0
File /usr/lib/python3/dist-packages/django/template/loaders/filesystem.py first seen with mtime 1607634634.0
File /usr/lib/python3.10/cgi.py first seen with mtime 1700493245.0
File /usr/lib/python3/dist-packages/sqlparse/tokens.py first seen with mtime 1602053551.0
File /usr/lib/python3.10/_collections_abc.py first seen with mtime 1700493245.0
File /usr/lib/python3.10/email/utils.py first seen with mtime 1700493245.0
File /usr/lib/python3.10/ntpath.py first seen with mtime 1700493245.0
File /usr/lib/python3/dist-packages/django/utils/hashable.py first seen with mtime 1643698712.0
File /home/link/Documentos/django3/instituto/__init__.py first seen with mtime 1716821850.5554547
File /usr/lib/python3/dist-packages/django/forms/__init__.py first seen with mtime 1607634634.0
File /usr/lib/python3.10/json/decoder.py first seen with mtime 1700493245.0
File /usr/lib/python3/dist-packages/django/forms/renderers.py first seen with mtime 1643698995.0
File /usr/lib/python3/dist-packages/django/contrib/sessions/backends/__init__.py first seen with mtime 1607634631.0
File /usr/lib/python3.10/uu.py first seen with mtime 1700493245.0
File /usr/lib/python3.10/email/mime/multipart.py first seen with mtime 1700493245.0
File /usr/lib/python3.10/asyncio/events.py first seen with mtime 1700493245.0
File /usr/lib/python3/dist-packages/django/views/__init__.py first seen with mtime 1607634634.0
File /usr/lib/python3/dist-packages/django/contrib/admin/exceptions.py first seen with mtime 1607634615.0
File /usr/lib/python3.10/tokenize.py first seen with mtime 1700493245.0
File /usr/lib/python3.10/unittest/util.py first seen with mtime 1700493245.0
File /usr/lib/python3/dist-packages/django/core/files/locks.py first seen with mtime 1643698711.0
File /usr/lib/python3/dist-packages/django/contrib/admin/sites.py first seen with mtime 1643698995.0
File /usr/lib/python3/dist-packages/django/views/i18n.py first seen with mtime 1643698995.0
File /usr/lib/python3.10/asyncio/transports.py first seen with mtime 1700493245.0
File /usr/lib/python3/dist-packages/django/contrib/auth/password_validation.py first seen with mtime 1643698995.0
File /usr/lib/python3/dist-packages/django/template/backends/django.py first seen with mtime 1643698711.0
File /usr/lib/python3.10/asyncio/base_futures.py first seen with mtime 1700493245.0
File /usr/lib/python3.10/sre_compile.py first seen with mtime 1700493245.0
File /usr/lib/python3.10/genericpath.py first seen with mtime 1700493245.0
File /usr/lib/python3.10/importlib/resources.py first seen with mtime 1700493245.0
File /usr/lib/python3/dist-packages/django/db/backends/base/operations.py first seen with mtime 1708966424.0
File /usr/lib/python3/dist-packages/django/contrib/admin/options.py first seen with mtime 1643698995.0
File /usr/lib/python3.10/unittest/signals.py first seen with mtime 1700493245.0
File /usr/lib/python3/dist-packages/django/contrib/staticfiles/handlers.py first seen with mtime 1643698711.0
File /usr/lib/python3/dist-packages/django/db/models/lookups.py first seen with mtime 1708966424.0
File /usr/lib/python3/dist-packages/django/contrib/auth/validators.py first seen with mtime 1643698711.0
File /usr/lib/python3.10/functools.py first seen with mtime 1700493245.0
File /usr/lib/python3.10/asyncio/futures.py first seen with mtime 1700493245.0
File /usr/lib/python3/dist-packages/django/db/models/fields/related.py first seen with mtime 1643698995.0
File /usr/lib/python3/dist-packages/django/views/decorators/common.py first seen with mtime 1643698712.0
File /usr/lib/python3.10/asyncio/coroutines.py first seen with mtime 1700493245.0
File /usr/lib/python3/dist-packages/django/template/__init__.py first seen with mtime 1643698711.0
File /usr/lib/python3/dist-packages/django/db/models/fields/related_descriptors.py first seen with mtime 1643698995.0
File /usr/lib/python3/dist-packages/django/db/models/functions/math.py first seen with mtime 1643698995.0
File /usr/lib/python3.10/email/encoders.py first seen with mtime 1700493245.0
File /usr/lib/python3.10/json/__init__.py first seen with mtime 1700493245.0
File /usr/lib/python3.10/asyncio/base_subprocess.py first seen with mtime 1700493245.0
File /usr/lib/python3/dist-packages/django/contrib/contenttypes/checks.py first seen with mtime 1607634618.0
File /usr/lib/python3/dist-packages/django/core/checks/__init__.py first seen with mtime 1643698995.0
File /usr/lib/python3.10/locale.py first seen with mtime 1700493245.0
File /usr/lib/python3.10/pathlib.py first seen with mtime 1700493245.0
File /usr/lib/python3.10/difflib.py first seen with mtime 1700493245.0
File /usr/lib/python3.10/shutil.py first seen with mtime 1700493245.0
File /usr/lib/python3/dist-packages/django/contrib/admin/actions.py first seen with mtime 1643698711.0
File /usr/lib/python3/dist-packages/django/urls/utils.py first seen with mtime 1607634634.0
File /usr/lib/python3.10/linecache.py first seen with mtime 1700493245.0
File /usr/lib/python3.10/lib-dynload/_contextvars.cpython-310-x86_64-linux-gnu.so first seen with mtime 1700493245.0
File /usr/lib/python3/dist-packages/django/template/backends/__init__.py first seen with mtime 1607634634.0
File /usr/lib/python3/dist-packages/django/db/models/sql/subqueries.py first seen with mtime 1643698995.0
File /usr/lib/python3.10/numbers.py first seen with mtime 1700493245.0
File /usr/lib/python3/dist-packages/asgiref/sync.py first seen with mtime 1642870447.0
File /usr/lib/python3.10/asyncio/sslproto.py first seen with mtime 1700493245.0
File /usr/lib/python3.10/dataclasses.py first seen with mtime 1700493245.0
File /usr/lib/python3/dist-packages/django/utils/encoding.py first seen with mtime 1708966424.0
File /usr/lib/python3.10/urllib/error.py first seen with mtime 1700493245.0
File /usr/lib/python3.10/lib-dynload/_decimal.cpython-310-x86_64-linux-gnu.so first seen with mtime 1700493245.0
File /usr/lib/python3/dist-packages/colorama/ansitowin32.py first seen with mtime 1602564393.0
File /usr/lib/python3/dist-packages/django/contrib/staticfiles/__init__.py first seen with mtime 1643698711.0
File /usr/lib/python3.10/lib-dynload/termios.cpython-310-x86_64-linux-gnu.so first seen with mtime 1700493245.0
File /usr/lib/python3.10/_sysconfigdata__x86_64-linux-gnu.py first seen with mtime 1700493245.0
File /usr/lib/python3/dist-packages/django/db/models/constants.py first seen with mtime 1643698382.0
File /usr/lib/python3/dist-packages/django/db/migrations/operations/models.py first seen with mtime 1643698995.0
File /usr/lib/python3/dist-packages/django/conf/locale/__init__.py first seen with mtime 1643698995.0
File /usr/lib/python3/dist-packages/pytz/tzfile.py first seen with mtime 1679399155.0
File /usr/lib/python3/dist-packages/django/db/models/functions/window.py first seen with mtime 1607634634.0
File /usr/lib/python3.10/email/_parseaddr.py first seen with mtime 1700493245.0
File /usr/lib/python3/dist-packages/sqlparse/__init__.py first seen with mtime 1631256606.0
File /usr/lib/python3/dist-packages/django/contrib/admin/utils.py first seen with mtime 1643698995.0
File /usr/lib/python3/dist-packages/django/contrib/sessions/models.py first seen with mtime 1643698995.0
File /usr/lib/python3/dist-packages/django/contrib/admin/templatetags/admin_modify.py first seen with mtime 1643698995.0
File /usr/lib/python3.10/token.py first seen with mtime 1700493245.0
File /usr/lib/python3/dist-packages/django/db/models/fields/files.py first seen with mtime 1643698711.0
File /usr/lib/python3/dist-packages/django/utils/safestring.py first seen with mtime 1643698712.0
File /usr/lib/python3/dist-packages/django/db/models/query_utils.py first seen with mtime 1643698995.0
File /usr/lib/python3/dist-packages/sqlparse/filters/right_margin.py first seen with mtime 1602053411.0
File /usr/lib/python3.10/http/cookies.py first seen with mtime 1700493245.0
File /usr/lib/python3.10/email/mime/__init__.py first seen with mtime 1700493245.0
File /usr/lib/python3.10/logging/config.py first seen with mtime 1700493245.0
File /usr/lib/python3/dist-packages/django/contrib/admin/apps.py first seen with mtime 1643698711.0
File /usr/lib/python3/dist-packages/django/utils/http.py first seen with mtime 1643698995.0
File /usr/lib/python3.10/email/contentmanager.py first seen with mtime 1700493245.0
File /usr/lib/python3.10/email/__init__.py first seen with mtime 1700493245.0
File /usr/lib/python3.10/lzma.py first seen with mtime 1700493245.0
File /usr/lib/python3.10/urllib/request.py first seen with mtime 1700493245.0
File /usr/lib/python3/dist-packages/django/contrib/contenttypes/management/__init__.py first seen with mtime 1643698711.0
File /usr/lib/python3.10/ssl.py first seen with mtime 1700493245.0
File /usr/lib/python3/dist-packages/django/http/__init__.py first seen with mtime 1607634634.0
File /usr/lib/python3/dist-packages/django/core/cache/backends/locmem.py first seen with mtime 1643698995.0
File /home/link/Documentos/django3/alumnos/__init__.py first seen with mtime 1716822287.7033017
File /usr/lib/python3/dist-packages/django/db/models/functions/__init__.py first seen with mtime 1643698711.0
File /usr/lib/python3.10/asyncio/streams.py first seen with mtime 1700493245.0
File /usr/lib/python3/dist-packages/django/utils/version.py first seen with mtime 1643698995.0
File /usr/lib/python3/dist-packages/django/core/checks/security/__init__.py first seen with mtime 1607634634.0
File /usr/lib/python3/dist-packages/django/utils/html.py first seen with mtime 1643698995.0
File /usr/lib/python3.10/threading.py first seen with mtime 1700493245.0
File /usr/lib/python3/dist-packages/django/core/checks/translation.py first seen with mtime 1643698711.0
File /usr/lib/python3/dist-packages/django/template/exceptions.py first seen with mtime 1607634634.0
File /usr/lib/python3/dist-packages/django/templatetags/cache.py first seen with mtime 1607634634.0
File /usr/lib/python3/dist-packages/django/core/serializers/python.py first seen with mtime 1643698711.0
File /usr/lib/python3/dist-packages/django/db/models/__init__.py first seen with mtime 1643698711.0
File /usr/lib/python3.10/asyncio/subprocess.py first seen with mtime 1700493245.0
File /usr/lib/python3/dist-packages/django/templatetags/tz.py first seen with mtime 1643698995.0
File /usr/lib/python3.10/fractions.py first seen with mtime 1700493245.0
File /usr/lib/python3.10/selectors.py first seen with mtime 1700493245.0
File /usr/lib/python3/dist-packages/django/db/utils.py first seen with mtime 1643698711.0
File /usr/lib/python3.10/asyncio/protocols.py first seen with mtime 1700493245.0
File /usr/lib/python3.10/copy.py first seen with mtime 1700493245.0
File /usr/lib/python3/dist-packages/django/http/multipartparser.py first seen with mtime 1708966424.0
File /usr/lib/python3/dist-packages/sqlparse/engine/statement_splitter.py first seen with mtime 1602053583.0
File /usr/lib/python3/dist-packages/django/db/backends/base/introspection.py first seen with mtime 1643698711.0
File /usr/lib/python3/dist-packages/django/contrib/contenttypes/views.py first seen with mtime 1643698711.0
File /usr/lib/python3/dist-packages/django/conf/urls/__init__.py first seen with mtime 1643698995.0
File /usr/lib/python3/dist-packages/django/middleware/security.py first seen with mtime 1643698995.0
File /usr/lib/python3/dist-packages/django/utils/translation/__init__.py first seen with mtime 1643698995.0
File /usr/lib/python3.10/argparse.py first seen with mtime 1700493245.0
File /usr/lib/python3/dist-packages/colorama/initialise.py first seen with mtime 1602564393.0
File /usr/lib/python3.10/concurrent/futures/__init__.py first seen with mtime 1700493245.0
File /usr/lib/python3/dist-packages/django/urls/__init__.py first seen with mtime 1607634634.0
File /usr/lib/python3.10/unittest/loader.py first seen with mtime 1700493245.0
File /usr/lib/python3/dist-packages/django/forms/formsets.py first seen with mtime 1643698995.0
File /usr/lib/python3/dist-packages/django/template/response.py first seen with mtime 1643698711.0
File /usr/lib/python3.10/zoneinfo/__init__.py first seen with mtime 1700493245.0
File /usr/lib/python3/dist-packages/django/utils/log.py first seen with mtime 1643698995.0
File /usr/lib/python3.10/zoneinfo/_tzpath.py first seen with mtime 1700493245.0
File /usr/lib/python3/dist-packages/django/db/models/functions/datetime.py first seen with mtime 1708966424.0
File /usr/lib/python3.10/email/base64mime.py first seen with mtime 1700493245.0
File /usr/lib/python3/dist-packages/django/utils/itercompat.py first seen with mtime 1607634634.0
File /usr/lib/python3/dist-packages/django/core/mail/message.py first seen with mtime 1643698995.0
File /usr/lib/python3/dist-packages/django/contrib/admin/views/main.py first seen with mtime 1643698995.0
File /usr/lib/python3/dist-packages/sqlparse/cli.py first seen with mtime 1602053591.0
File /usr/lib/python3/dist-packages/django/utils/module_loading.py first seen with mtime 1643698995.0
File /usr/lib/python3/dist-packages/django/views/static.py first seen with mtime 1643698712.0
File /usr/lib/python3/dist-packages/django/db/backends/base/schema.py first seen with mtime 1643698995.0
File /usr/lib/python3/dist-packages/django/contrib/auth/tokens.py first seen with mtime 1643698995.0
File /usr/lib/python3/dist-packages/django/db/models/fields/related_lookups.py first seen with mtime 1708966424.0
File /usr/lib/python3.10/inspect.py first seen with mtime 1700493245.0
File /usr/lib/python3/dist-packages/django/db/backends/sqlite3/introspection.py first seen with mtime 1643698711.0
File /usr/lib/python3/dist-packages/django/contrib/admin/views/__init__.py first seen with mtime 1607634617.0
File /usr/lib/python3.10/concurrent/futures/thread.py first seen with mtime 1700493245.0
File /usr/lib/python3.10/mimetypes.py first seen with mtime 1700493245.0
File /usr/lib/python3/dist-packages/django/core/management/color.py first seen with mtime 1643698711.0
File /usr/lib/python3/dist-packages/django/views/decorators/debug.py first seen with mtime 1643698995.0
File /usr/lib/python3/dist-packages/django/contrib/contenttypes/models.py first seen with mtime 1643698711.0
File /usr/lib/python3/dist-packages/django/utils/termcolors.py first seen with mtime 1643698712.0
File /usr/lib/python3/dist-packages/django/template/autoreload.py first seen with mtime 1643698711.0
File /usr/lib/python3.10/lib-dynload/_uuid.cpython-310-x86_64-linux-gnu.so first seen with mtime 1700493245.0
File /usr/lib/python3/dist-packages/django/views/decorators/cache.py first seen with mtime 1643698995.0
File /usr/lib/python3/dist-packages/django/core/files/base.py first seen with mtime 1607634634.0
File /usr/lib/python3/dist-packages/django/contrib/auth/forms.py first seen with mtime 1643698995.0
File /usr/lib/python3/dist-packages/django/contrib/__init__.py first seen with mtime 1607634615.0
File /usr/lib/python3.10/quopri.py first seen with mtime 1700493245.0
File /usr/lib/python3/dist-packages/django/template/utils.py first seen with mtime 1643698711.0
File /usr/lib/python3/dist-packages/django/db/backends/base/base.py first seen with mtime 1643698995.0
File /usr/lib/python3.10/lib-dynload/_zoneinfo.cpython-310-x86_64-linux-gnu.so first seen with mtime 1700493245.0
File /usr/lib/python3/dist-packages/sqlparse/engine/__init__.py first seen with mtime 1602053595.0
File /usr/lib/python3/dist-packages/django/db/backends/sqlite3/creation.py first seen with mtime 1643698995.0
File /usr/lib/python3.10/types.py first seen with mtime 1700493245.0
File /usr/lib/python3/dist-packages/django/middleware/cache.py first seen with mtime 1643698995.0
File /usr/lib/python3/dist-packages/django/db/backends/sqlite3/schema.py first seen with mtime 1643698995.0
File /usr/lib/python3.10/ast.py first seen with mtime 1700493245.0
File /usr/lib/python3.10/lib-dynload/_lzma.cpython-310-x86_64-linux-gnu.so first seen with mtime 1700493245.0
File /usr/lib/python3/dist-packages/django/template/defaultfilters.py first seen with mtime 1643698995.0
File /usr/lib/python3/dist-packages/django/db/backends/base/features.py first seen with mtime 1643698995.0
File /usr/lib/python3/dist-packages/django/views/defaults.py first seen with mtime 1643698995.0
File /usr/lib/python3.10/html/__init__.py first seen with mtime 1700493245.0
File /usr/lib/python3/dist-packages/django/contrib/staticfiles/utils.py first seen with mtime 1643698711.0
File /usr/lib/python3/dist-packages/pytz/lazy.py first seen with mtime 1648114908.0
File /usr/lib/python3/dist-packages/django/db/backends/base/validation.py first seen with mtime 1607634634.0
File /usr/lib/python3.10/unittest/runner.py first seen with mtime 1700493245.0
File /usr/lib/python3/dist-packages/django/core/cache/utils.py first seen with mtime 1643698711.0
File /usr/lib/python3/dist-packages/django/core/management/commands/__init__.py first seen with mtime 1643698711.0
File /usr/lib/python3/dist-packages/django/http/response.py first seen with mtime 1708966424.0
File /usr/lib/python3.10/http/__init__.py first seen with mtime 1700493245.0
File /usr/lib/python3/dist-packages/django/core/paginator.py first seen with mtime 1643698711.0
File /usr/lib/python3.10/email/_header_value_parser.py first seen with mtime 1700493245.0
File /usr/lib/python3/dist-packages/django/db/models/options.py first seen with mtime 1643698995.0
File /usr/lib/python3.10/email/mime/text.py first seen with mtime 1700493245.0
File /usr/lib/python3/dist-packages/django/contrib/staticfiles/apps.py first seen with mtime 1643698711.0
File /usr/lib/python3/dist-packages/django/core/files/uploadhandler.py first seen with mtime 1643698711.0
File /usr/lib/python3.10/opcode.py first seen with mtime 1700493245.0
File /usr/lib/python3/dist-packages/django/utils/numberformat.py first seen with mtime 1643698712.0
File /home/link/Documentos/django3/instituto/urls.py first seen with mtime 1717166774.1495957
File /usr/lib/python3.10/traceback.py first seen with mtime 1700493245.0
File /usr/lib/python3.10/collections/__init__.py first seen with mtime 1700493245.0
File /usr/lib/python3.10/sre_parse.py first seen with mtime 1700493245.0
File /usr/lib/python3/dist-packages/django/db/__init__.py first seen with mtime 1643698711.0
File /usr/lib/python3.10/signal.py first seen with mtime 1700493245.0
File /usr/lib/python3/dist-packages/django/contrib/auth/management/__init__.py first seen with mtime 1643698711.0
File /usr/lib/python3/dist-packages/django/db/models/functions/text.py first seen with mtime 1643698711.0
File /usr/lib/python3/dist-packages/django/templatetags/__init__.py first seen with mtime 1607634634.0
File /usr/lib/python3.10/email/errors.py first seen with mtime 1700493245.0
File /usr/lib/python3.10/statistics.py first seen with mtime 1700493245.0
File /usr/lib/python3/dist-packages/django/contrib/auth/__init__.py first seen with mtime 1643698995.0
File /usr/lib/python3/dist-packages/django/core/checks/messages.py first seen with mtime 1643698995.0
File /usr/lib/python3.10/unittest/case.py first seen with mtime 1700493245.0
File /usr/lib/python3/dist-packages/django/core/exceptions.py first seen with mtime 1708966424.0
File /usr/lib/python3.10/http/client.py first seen with mtime 1700493245.0
File /usr/lib/python3/dist-packages/django/db/models/sql/query.py first seen with mtime 1708966424.0
File /usr/lib/python3.10/base64.py first seen with mtime 1700493245.0
File /usr/lib/python3.10/contextlib.py first seen with mtime 1700493245.0
File /usr/lib/python3.10/html/parser.py first seen with mtime 1700493245.0
File /usr/lib/python3/dist-packages/django/contrib/staticfiles/management/__init__.py first seen with mtime 1643698711.0
File /home/link/Documentos/django3/alumnos/apps.py first seen with mtime 1716822287.7033017
File /usr/lib/python3/dist-packages/django/forms/models.py first seen with mtime 1643698995.0
File /usr/lib/python3/dist-packages/django/db/models/signals.py first seen with mtime 1643698711.0
File /usr/lib/python3.10/importlib/_abc.py first seen with mtime 1700493245.0
File /usr/lib/python3/dist-packages/django/core/checks/security/sessions.py first seen with mtime 1607634634.0
File /usr/lib/python3.10/lib-dynload/_sqlite3.cpython-310-x86_64-linux-gnu.so first seen with mtime 1700493245.0
File /usr/lib/python3/dist-packages/django/db/models/utils.py first seen with mtime 1643698711.0
File /usr/lib/python3/dist-packages/django/utils/tree.py first seen with mtime 1643698995.0
File /usr/lib/python3/dist-packages/django/core/checks/urls.py first seen with mtime 1607634634.0
File /usr/lib/python3.10/tempfile.py first seen with mtime 1700493245.0
File /usr/lib/python3/dist-packages/django/template/library.py first seen with mtime 1643698995.0
File /usr/lib/python3/dist-packages/sqlparse/keywords.py first seen with mtime 1715174312.0
File /usr/lib/python3/dist-packages/django/views/generic/base.py first seen with mtime 1643698995.0
File /usr/lib/python3.10/abc.py first seen with mtime 1700493245.0
File /usr/lib/python3.10/uuid.py first seen with mtime 1700493245.0
File /usr/lib/python3/dist-packages/pytz/tzinfo.py first seen with mtime 1648114908.0
File /usr/lib/python3.10/operator.py first seen with mtime 1700493245.0
File /usr/lib/python3.10/_compat_pickle.py first seen with mtime 1700493245.0
File /usr/lib/python3/dist-packages/django/contrib/auth/base_user.py first seen with mtime 1643698995.0
File /usr/lib/python3/dist-packages/django/forms/boundfield.py first seen with mtime 1643698995.0
File /usr/lib/python3/dist-packages/django/db/backends/sqlite3/operations.py first seen with mtime 1643698995.0
File /usr/lib/python3/dist-packages/django/views/decorators/__init__.py first seen with mtime 1607634634.0
File /usr/lib/python3/dist-packages/django/core/signing.py first seen with mtime 1643698995.0
File /usr/lib/python3/dist-packages/django/contrib/admin/checks.py first seen with mtime 1643698995.0
File /usr/lib/python3.10/io.py first seen with mtime 1700493245.0
File /usr/lib/python3/dist-packages/apport_python_hook.py first seen with mtime 1681427306.0
File /usr/lib/python3/dist-packages/django/db/backends/ddl_references.py first seen with mtime 1643698711.0
File /usr/lib/python3/dist-packages/django/core/cache/__init__.py first seen with mtime 1643698711.0
File /usr/lib/python3/dist-packages/django/middleware/__init__.py first seen with mtime 1607634634.0
File /usr/lib/python3.10/sqlite3/dbapi2.py first seen with mtime 1700493245.0
File /usr/lib/python3.10/struct.py first seen with mtime 1700493245.0
File /usr/lib/python3/dist-packages/django/template/loaders/__init__.py first seen with mtime 1607634634.0
File /usr/lib/python3.10/urllib/__init__.py first seen with mtime 1700493245.0
File /usr/lib/python3/dist-packages/django/core/checks/registry.py first seen with mtime 1643698995.0
File /usr/lib/python3.10/email/policy.py first seen with mtime 1700493245.0
File /usr/lib/python3.10/ipaddress.py first seen with mtime 1700493245.0
File /usr/lib/python3.10/wsgiref/simple_server.py first seen with mtime 1700493245.0
File /usr/lib/python3/dist-packages/django/utils/translation/trans_real.py first seen with mtime 1708966424.0
File /usr/lib/python3/dist-packages/django/utils/asyncio.py first seen with mtime 1643698995.0
File /usr/lib/python3/dist-packages/django/contrib/sessions/backends/base.py first seen with mtime 1643698995.0
File /usr/lib/python3/dist-packages/django/db/migrations/operations/__init__.py first seen with mtime 1607634634.0
File /usr/lib/python3/dist-packages/django/core/checks/security/csrf.py first seen with mtime 1643698711.0
File /usr/lib/python3/dist-packages/django/db/transaction.py first seen with mtime 1643698711.0
File /usr/lib/python3/dist-packages/django/utils/duration.py first seen with mtime 1607634634.0
File /home/link/Documentos/django3/alumnos/urls.py first seen with mtime 1717422274.546533
File /usr/lib/python3.10/site.py first seen with mtime 1700493245.0
File /usr/lib/python3/dist-packages/django/db/backends/__init__.py first seen with mtime 1607634634.0
File /home/link/Documentos/django3/manage.py first seen with mtime 1716821850.5514543
File /usr/lib/python3.10/ctypes/__init__.py first seen with mtime 1700493245.0
File /usr/lib/python3/dist-packages/django/contrib/sessions/__init__.py first seen with mtime 1643698711.0
File /usr/lib/python3.10/asyncio/unix_events.py first seen with mtime 1700493245.0
File /usr/lib/python3.10/_compression.py first seen with mtime 1700493245.0
File /usr/lib/python3.10/html/entities.py first seen with mtime 1700493245.0
File /usr/lib/python3.10/asyncio/format_helpers.py first seen with mtime 1700493245.0
File /usr/lib/python3/dist-packages/sqlparse/engine/grouping.py first seen with mtime 1602053576.0
File /usr/lib/python3.10/collections/abc.py first seen with mtime 1700493245.0
File /usr/lib/python3/dist-packages/django/db/models/sql/where.py first seen with mtime 1643698995.0
File /usr/lib/python3.10/os.py first seen with mtime 1700493245.0
File /usr/lib/python3/dist-packages/django/core/files/move.py first seen with mtime 1643698711.0
File /usr/lib/python3.10/wsgiref/headers.py first seen with mtime 1700493245.0
File /usr/lib/python3/dist-packages/django/core/management/__init__.py first seen with mtime 1643698995.0
File /usr/lib/python3.10/email/header.py first seen with mtime 1700493245.0
File /usr/lib/python3.10/dis.py first seen with mtime 1700493245.0
File /usr/lib/python3/dist-packages/sqlparse/filters/__init__.py first seen with mtime 1602053422.0
File /usr/lib/python3.10/asyncio/constants.py first seen with mtime 1700493245.0
File /usr/lib/python3/dist-packages/django/utils/deprecation.py first seen with mtime 1643698995.0
File /usr/lib/python3.10/email/_encoded_words.py first seen with mtime 1700493245.0
File /usr/lib/python3.10/encodings/utf_8.py first seen with mtime 1700493245.0
File /usr/lib/python3/dist-packages/django/db/migrations/operations/fields.py first seen with mtime 1643698995.0
File /usr/lib/python3/dist-packages/django/core/handlers/__init__.py first seen with mtime 1607634634.0
File /usr/lib/python3/dist-packages/django/db/models/fields/proxy.py first seen with mtime 1607634634.0
File /usr/lib/python3/dist-packages/django/contrib/messages/constants.py first seen with mtime 1607634631.0
File /usr/lib/python3.10/decimal.py first seen with mtime 1700493245.0
File /usr/lib/python3/dist-packages/django/db/models/sql/constants.py first seen with mtime 1643698995.0
File /usr/lib/python3/dist-packages/django/contrib/admin/views/autocomplete.py first seen with mtime 1643698995.0
File /usr/lib/python3/dist-packages/django/contrib/contenttypes/forms.py first seen with mtime 1643698711.0
File /usr/lib/python3/dist-packages/django/core/handlers/wsgi.py first seen with mtime 1643698995.0
File /usr/lib/python3/dist-packages/django/template/backends/base.py first seen with mtime 1607634634.0
File /usr/lib/python3/dist-packages/django/core/files/storage.py first seen with mtime 1643698995.0
File /usr/lib/python3.10/email/mime/message.py first seen with mtime 1700493245.0
File /usr/lib/python3.10/asyncio/runners.py first seen with mtime 1700493245.0
File /usr/lib/python3/dist-packages/django/core/serializers/__init__.py first seen with mtime 1643698711.0
File /usr/lib/python3/dist-packages/django/utils/regex_helper.py first seen with mtime 1643698712.0
File /usr/lib/python3/dist-packages/django/db/migrations/migration.py first seen with mtime 1643698995.0
File /usr/lib/python3/dist-packages/django/contrib/auth/signals.py first seen with mtime 1643698711.0
File /usr/lib/python3.10/_markupbase.py first seen with mtime 1700493245.0
File /usr/lib/python3/dist-packages/django/contrib/admin/templatetags/admin_urls.py first seen with mtime 1607634617.0
File /usr/lib/python3.10/email/message.py first seen with mtime 1700493245.0
File /usr/lib/python3/dist-packages/django/core/mail/__init__.py first seen with mtime 1643698711.0
File /usr/lib/python3/dist-packages/django/utils/crypto.py first seen with mtime 1643698995.0
File /usr/lib/python3/dist-packages/django/contrib/auth/admin.py first seen with mtime 1643698995.0
File /usr/lib/python3/dist-packages/django/db/models/deletion.py first seen with mtime 1643698995.0
File /usr/lib/python3/dist-packages/django/template/loader_tags.py first seen with mtime 1643698995.0
File /usr/lib/python3/dist-packages/colorama/ansi.py first seen with mtime 1602564393.0
File /usr/lib/python3.10/lib-dynload/_bz2.cpython-310-x86_64-linux-gnu.so first seen with mtime 1700493245.0
File /usr/lib/python3/dist-packages/django/utils/ipv6.py first seen with mtime 1607634634.0
File /usr/lib/python3/dist-packages/django/db/migrations/exceptions.py first seen with mtime 1643698711.0
File /usr/lib/python3/dist-packages/django/contrib/auth/apps.py first seen with mtime 1643698711.0
File /usr/lib/python3/dist-packages/django/utils/datetime_safe.py first seen with mtime 1643698995.0
File /usr/lib/python3/dist-packages/django/conf/__init__.py first seen with mtime 1643698995.0
File /usr/lib/python3/dist-packages/django/core/files/uploadedfile.py first seen with mtime 1638864276.0
File /usr/lib/python3/dist-packages/django/utils/timesince.py first seen with mtime 1643698995.0
File /usr/lib/python3.10/contextvars.py first seen with mtime 1700493245.0
File /usr/lib/python3/dist-packages/django/contrib/sites/shortcuts.py first seen with mtime 1708966424.0
File /usr/lib/python3/dist-packages/django/contrib/admin/templatetags/__init__.py first seen with mtime 1607634617.0
File /usr/lib/python3.10/pickle.py first seen with mtime 1700493245.0
File /usr/lib/python3/dist-packages/django/shortcuts.py first seen with mtime 1643698995.0
File /usr/lib/python3/dist-packages/django/views/debug.py first seen with mtime 1643698995.0
File /usr/lib/python3.10/unittest/main.py first seen with mtime 1700493245.0
File /usr/lib/python3/dist-packages/django/apps/config.py first seen with mtime 1643698995.0
File /usr/lib/python3/dist-packages/django/__init__.py first seen with mtime 1643699007.0
File /usr/lib/python3.10/email/mime/base.py first seen with mtime 1700493245.0
File /usr/lib/python3/dist-packages/django/apps/__init__.py first seen with mtime 1607634615.0
File /usr/lib/python3.10/importlib/abc.py first seen with mtime 1700493245.0
File /usr/lib/python3/dist-packages/django/core/__init__.py first seen with mtime 1607634634.0
File /usr/lib/python3/dist-packages/django/utils/timezone.py first seen with mtime 1643698995.0
File /usr/lib/python3.10/asyncio/__init__.py first seen with mtime 1700493245.0
File /usr/lib/python3/dist-packages/django/template/engine.py first seen with mtime 1643698995.0
File /usr/lib/python3/dist-packages/django/core/serializers/json.py first seen with mtime 1643698711.0
File /usr/lib/python3/dist-packages/django/contrib/messages/__init__.py first seen with mtime 1643698711.0
File /usr/lib/python3/dist-packages/django/db/backends/base/client.py first seen with mtime 1643698711.0
File /usr/lib/python3/dist-packages/django/db/migrations/state.py first seen with mtime 1643698995.0
File /usr/lib/python3/dist-packages/django/db/models/sql/__init__.py first seen with mtime 1643698711.0
File /usr/lib/python3/dist-packages/django/core/wsgi.py first seen with mtime 1607634634.0
File /usr/lib/python3.10/asyncio/base_events.py first seen with mtime 1700493245.0
File /usr/lib/python3.10/urllib/response.py first seen with mtime 1700493245.0
File /usr/lib/python3/dist-packages/pytz/__init__.py first seen with mtime 1679399155.0
File /usr/lib/python3/dist-packages/django/core/checks/security/base.py first seen with mtime 1643698995.0
File /usr/lib/python3/dist-packages/django/contrib/admin/models.py first seen with mtime 1643698711.0
File /usr/lib/python3/dist-packages/django/db/models/fields/mixins.py first seen with mtime 1643698711.0
File /usr/lib/python3/dist-packages/django/contrib/contenttypes/__init__.py first seen with mtime 1643698711.0
File /usr/lib/python3/dist-packages/asgiref/__init__.py first seen with mtime 1642870447.0
File /usr/lib/python3/dist-packages/django/contrib/staticfiles/checks.py first seen with mtime 1607634634.0
File /usr/lib/python3/dist-packages/sqlparse/formatter.py first seen with mtime 1602053558.0
File /usr/lib/python3/dist-packages/django/contrib/admin/filters.py first seen with mtime 1643698995.0
File /usr/lib/python3.10/socket.py first seen with mtime 1700493245.0
File /usr/lib/python3/dist-packages/django/apps/registry.py first seen with mtime 1643698995.0
File /usr/lib/python3.10/calendar.py first seen with mtime 1700493245.0
File /usr/lib/python3.10/email/_policybase.py first seen with mtime 1700493245.0
File /usr/lib/python3.10/asyncio/mixins.py first seen with mtime 1700493245.0
File /usr/lib/python3.10/zoneinfo/_common.py first seen with mtime 1700493245.0
File /usr/lib/python3/dist-packages/django/db/models/fields/json.py first seen with mtime 1643698995.0
File /usr/lib/python3.10/email/feedparser.py first seen with mtime 1700493245.0
File /usr/lib/python3/dist-packages/django/db/models/base.py first seen with mtime 1643698995.0
File /usr/lib/python3.10/lib-dynload/_opcode.cpython-310-x86_64-linux-gnu.so first seen with mtime 1700493245.0
File /usr/lib/python3/dist-packages/django/db/models/constraints.py first seen with mtime 1643698995.0
File /usr/lib/python3/dist-packages/django/contrib/auth/middleware.py first seen with mtime 1643698995.0
File /usr/lib/python3/dist-packages/django/contrib/messages/api.py first seen with mtime 1607634631.0
File /usr/lib/python3/dist-packages/django/contrib/admin/helpers.py first seen with mtime 1643698995.0
File /usr/lib/python3/dist-packages/django/utils/dateformat.py first seen with mtime 1643698995.0
File /usr/lib/python3.10/asyncio/base_tasks.py first seen with mtime 1700493245.0
File /usr/lib/python3/dist-packages/django/utils/formats.py first seen with mtime 1643698995.0
File /usr/lib/python3.10/urllib/parse.py first seen with mtime 1700493245.0
File /usr/lib/python3/dist-packages/django/core/management/commands/runserver.py first seen with mtime 1643698995.0
File /usr/lib/python3/dist-packages/django/db/backends/sqlite3/base.py first seen with mtime 1643698995.0
File /usr/lib/python3/dist-packages/colorama/winterm.py first seen with mtime 1602564393.0
File /usr/lib/python3.10/gzip.py first seen with mtime 1700493245.0
File /usr/lib/python3.10/datetime.py first seen with mtime 1700493245.0
File /usr/lib/python3.10/email/headerregistry.py first seen with mtime 1700493245.0
File /usr/lib/python3/dist-packages/django/utils/deconstruct.py first seen with mtime 1643698382.0
File /usr/lib/python3.10/reprlib.py first seen with mtime 1700493245.0
File /usr/lib/python3/dist-packages/django/db/migrations/utils.py first seen with mtime 1643698995.0
File /usr/lib/python3/dist-packages/django/db/migrations/operations/utils.py first seen with mtime 1643698995.0
File /usr/lib/python3/dist-packages/sqlparse/filters/others.py first seen with mtime 1631256606.0
File /usr/lib/python3/dist-packages/django/db/backends/signals.py first seen with mtime 1643698711.0
File /usr/lib/python3/dist-packages/django/db/backends/sqlite3/features.py first seen with mtime 1643698995.0
File /usr/lib/python3/dist-packages/django/contrib/contenttypes/fields.py first seen with mtime 1643698995.0
File /usr/lib/python3.10/wsgiref/handlers.py first seen with mtime 1700493245.0
File /usr/lib/python3/dist-packages/django/urls/base.py first seen with mtime 1643698711.0
File /usr/lib/python3/dist-packages/django/db/backends/utils.py first seen with mtime 1643698995.0
File /usr/lib/python3/dist-packages/django/urls/conf.py first seen with mtime 1643698995.0
File /usr/lib/python3/dist-packages/django/utils/decorators.py first seen with mtime 1643698995.0
File /usr/lib/python3.10/typing.py first seen with mtime 1700493245.0
File /usr/lib/python3/dist-packages/django/views/generic/__init__.py first seen with mtime 1607634634.0
File /usr/lib/python3/dist-packages/django/contrib/sites/requests.py first seen with mtime 1607634633.0
File /usr/lib/python3.10/lib-dynload/_hashlib.cpython-310-x86_64-linux-gnu.so first seen with mtime 1700493245.0
File /usr/lib/python3.10/random.py first seen with mtime 1700493245.0
File /usr/lib/python3.10/unittest/suite.py first seen with mtime 1700493245.0
File /usr/lib/python3/dist-packages/django/templatetags/i18n.py first seen with mtime 1643698995.0
File /usr/lib/python3/dist-packages/django/utils/_os.py first seen with mtime 1643698711.0
File /usr/lib/python3.10/asyncio/exceptions.py first seen with mtime 1700493245.0
File /usr/lib/python3/dist-packages/django/contrib/sessions/apps.py first seen with mtime 1607634631.0
File /home/link/Documentos/django3/instituto/settings.py first seen with mtime 1717424473.9829688
File /usr/lib/python3.10/copyreg.py first seen with mtime 1700493245.0
File /usr/lib/python3/dist-packages/django/db/models/functions/comparison.py first seen with mtime 1643698995.0
File /usr/lib/python3/dist-packages/django/utils/cache.py first seen with mtime 1643698711.0
File /home/link/Documentos/django3/alumnos/admin.py first seen with mtime 1717177601.366039
File /usr/lib/python3.10/wsgiref/__init__.py first seen with mtime 1700493245.0
File /usr/lib/python3/dist-packages/django/urls/resolvers.py first seen with mtime 1708966424.0
File /usr/lib/python3.10/getpass.py first seen with mtime 1700493245.0
File /usr/lib/python3/dist-packages/django/db/migrations/operations/special.py first seen with mtime 1607634634.0
File /usr/lib/python3/dist-packages/django/utils/autoreload.py first seen with mtime 1643698995.0
File /usr/lib/python3/dist-packages/django/core/handlers/asgi.py first seen with mtime 1643698995.0
File /usr/lib/python3/dist-packages/pytz/exceptions.py first seen with mtime 1648114908.0
File /usr/lib/python3/dist-packages/colorama/win32.py first seen with mtime 1602564393.0
File /usr/lib/python3/dist-packages/django/views/decorators/csrf.py first seen with mtime 1607634634.0
File /usr/lib/python3.10/bz2.py first seen with mtime 1700493245.0
File /usr/lib/python3/dist-packages/sqlparse/filters/output.py first seen with mtime 1602053546.0
File /usr/lib/python3/dist-packages/django/db/models/expressions.py first seen with mtime 1708966424.0
File /usr/lib/python3/dist-packages/sqlparse/filters/tokens.py first seen with mtime 1602053538.0
File /usr/lib/python3.10/_sitebuiltins.py first seen with mtime 1700493245.0
File /usr/lib/python3/dist-packages/django/db/models/sql/datastructures.py first seen with mtime 1643698995.0
File /usr/lib/python3/dist-packages/django/db/models/manager.py first seen with mtime 1643698711.0
File /usr/lib/python3/dist-packages/django/core/files/utils.py first seen with mtime 1638864276.0
File /usr/lib/python3/dist-packages/django/middleware/csrf.py first seen with mtime 1643698995.0
File /usr/lib/python3.10/asyncio/tasks.py first seen with mtime 1700493245.0
File /usr/lib/python3/dist-packages/django/contrib/staticfiles/views.py first seen with mtime 1643698711.0
File /usr/lib/python3/dist-packages/django/core/cache/backends/base.py first seen with mtime 1643698995.0
File /usr/lib/python3/dist-packages/django/core/mail/utils.py first seen with mtime 1643698711.0
File /usr/lib/python3.10/importlib/machinery.py first seen with mtime 1700493245.0
File /usr/lib/python3.10/importlib/__init__.py first seen with mtime 1700493245.0
File /usr/lib/python3.10/concurrent/futures/_base.py first seen with mtime 1700493245.0
File /usr/lib/python3/dist-packages/django/views/generic/dates.py first seen with mtime 1643698712.0
File /usr/lib/python3/dist-packages/django/contrib/sessions/middleware.py first seen with mtime 1643698995.0
File /usr/lib/python3/dist-packages/django/utils/functional.py first seen with mtime 1643698995.0
File /usr/lib/python3/dist-packages/django/db/models/indexes.py first seen with mtime 1643698995.0
File /usr/lib/python3/dist-packages/django/template/loader.py first seen with mtime 1607634634.0
File /usr/lib/python3/dist-packages/sqlparse/lexer.py first seen with mtime 1602053598.0
File /usr/lib/python3.10/asyncio/selector_events.py first seen with mtime 1700493245.0
File /usr/lib/python3.10/secrets.py first seen with mtime 1700493245.0
File /usr/lib/python3.10/codecs.py first seen with mtime 1700493245.0
File /usr/lib/python3/dist-packages/django/forms/widgets.py first seen with mtime 1708966424.0
File /usr/lib/python3/dist-packages/django/contrib/staticfiles/management/commands/__init__.py first seen with mtime 1643698711.0
File /usr/lib/python3/dist-packages/django/core/signals.py first seen with mtime 1643698711.0
File /usr/lib/python3.10/pprint.py first seen with mtime 1700493245.0
File /usr/lib/python3/dist-packages/django/contrib/staticfiles/management/commands/runserver.py first seen with mtime 1643698995.0
File /usr/lib/python3/dist-packages/django/forms/fields.py first seen with mtime 1708966424.0
File /usr/lib/python3/dist-packages/django/utils/connection.py first seen with mtime 1643698711.0
File /usr/lib/python3.10/email/quoprimime.py first seen with mtime 1700493245.0
File /usr/lib/python3.10/platform.py first seen with mtime 1700493245.0
File /usr/lib/python3.10/warnings.py first seen with mtime 1700493245.0
File /usr/lib/python3.10/lib-dynload/_asyncio.cpython-310-x86_64-linux-gnu.so first seen with mtime 1700493245.0
File /usr/lib/python3/dist-packages/django/contrib/admin/decorators.py first seen with mtime 1643698711.0
File /usr/lib/python3/dist-packages/django/core/checks/templates.py first seen with mtime 1643698382.0
File /usr/lib/python3/dist-packages/django/views/generic/list.py first seen with mtime 1643698712.0
File /usr/lib/python3.10/json/scanner.py first seen with mtime 1700493245.0
File /usr/lib/python3/dist-packages/django/db/migrations/__init__.py first seen with mtime 1607634634.0
File /usr/lib/python3.10/weakref.py first seen with mtime 1700493245.0
File /usr/lib/python3.10/concurrent/__init__.py first seen with mtime 1700493245.0
File /usr/lib/python3/dist-packages/django/core/checks/async_checks.py first seen with mtime 1643698711.0
File /usr/lib/python3.10/unittest/result.py first seen with mtime 1700493245.0
File /usr/lib/python3.10/_weakrefset.py first seen with mtime 1700493245.0
File /usr/lib/python3.10/asyncio/locks.py first seen with mtime 1700493245.0
File /home/link/Documentos/django3/alumnos/views.py first seen with mtime 1717431473.0113044
File /usr/lib/python3.10/http/server.py first seen with mtime 1700493245.0
File /usr/lib/python3.10/encodings/aliases.py first seen with mtime 1700493245.0
File /usr/lib/python3.10/stat.py first seen with mtime 1700493245.0
File /usr/lib/python3.10/logging/handlers.py first seen with mtime 1700493245.0
File /usr/lib/python3.10/lib-dynload/_ctypes.cpython-310-x86_64-linux-gnu.so first seen with mtime 1700493245.0
File /usr/lib/python3/dist-packages/django/contrib/messages/apps.py first seen with mtime 1643698382.0
File /usr/lib/python3.10/enum.py first seen with mtime 1700493245.0
File /usr/lib/python3.10/asyncio/threads.py first seen with mtime 1700493245.0
File /usr/lib/python3/dist-packages/django/contrib/contenttypes/admin.py first seen with mtime 1643698711.0
File /usr/lib/python3.10/importlib/_common.py first seen with mtime 1700493245.0
File /usr/lib/python3/dist-packages/django/core/files/images.py first seen with mtime 1643698995.0
File /usr/lib/python3/dist-packages/django/contrib/contenttypes/apps.py first seen with mtime 1643698711.0
File /usr/lib/python3/dist-packages/django/dispatch/__init__.py first seen with mtime 1607634634.0
File /usr/lib/python3.10/bisect.py first seen with mtime 1700493245.0
File /usr/lib/python3.10/lib-dynload/_ssl.cpython-310-x86_64-linux-gnu.so first seen with mtime 1700493245.0
File /usr/lib/python3.10/re.py first seen with mtime 1700493245.0
File /usr/lib/python3/dist-packages/django/template/base.py first seen with mtime 1643698995.0
File /home/link/Documentos/django3/alumnos/models.py first seen with mtime 1717424290.0778077
File /usr/lib/python3/dist-packages/django/contrib/staticfiles/finders.py first seen with mtime 1643698995.0
File /usr/lib/python3/dist-packages/django/utils/inspect.py first seen with mtime 1643698712.0
File /usr/lib/python3.10/logging/__init__.py first seen with mtime 1700493245.0
File /usr/lib/python3.10/asyncio/queues.py first seen with mtime 1700493245.0
File /usr/lib/python3/dist-packages/django/utils/__init__.py first seen with mtime 1607634634.0
File /usr/lib/python3.10/pkgutil.py first seen with mtime 1700493245.0
File /usr/lib/python3/dist-packages/colorama/__init__.py first seen with mtime 1602564393.0
File /usr/lib/python3/dist-packages/django/db/models/enums.py first seen with mtime 1643698995.0
File /usr/lib/python3/dist-packages/sqlparse/engine/filter_stack.py first seen with mtime 1602053563.0
File /usr/lib/python3/dist-packages/django/core/handlers/exception.py first seen with mtime 1708966424.0
File /usr/lib/python3/dist-packages/asgiref/current_thread_executor.py first seen with mtime 1642870447.0
File /usr/lib/python3.10/posixpath.py first seen with mtime 1700493245.0
File /usr/lib/python3/dist-packages/django/contrib/auth/checks.py first seen with mtime 1643698711.0
File /usr/lib/python3.10/wsgiref/util.py first seen with mtime 1700493245.0
File /usr/lib/python3/dist-packages/sqlparse/filters/reindent.py first seen with mtime 1602136317.0
File /usr/lib/python3/dist-packages/django/core/files/__init__.py first seen with mtime 1607634634.0
File /usr/lib/python3/dist-packages/django/template/loaders/app_directories.py first seen with mtime 1607634634.0
File /usr/lib/python3.10/encodings/__init__.py first seen with mtime 1700493245.0
File /usr/lib/python3.10/asyncio/trsock.py first seen with mtime 1700493245.0
File /usr/lib/python3/dist-packages/django/core/checks/database.py first seen with mtime 1643698711.0
File /usr/lib/python3/dist-packages/django/db/backends/base/__init__.py first seen with mtime 1607634634.0
File /usr/lib/python3/dist-packages/django/views/generic/detail.py first seen with mtime 1607634634.0
File /usr/lib/python3/dist-packages/django/contrib/auth/hashers.py first seen with mtime 1643698995.0
File /usr/lib/python3/dist-packages/django/template/loaders/base.py first seen with mtime 1643698711.0
File /usr/lib/python3/dist-packages/django/dispatch/dispatcher.py first seen with mtime 1643698995.0
File /usr/lib/python3/dist-packages/django/templatetags/static.py first seen with mtime 1643698995.0
File /usr/lib/python3/dist-packages/django/contrib/sessions/base_session.py first seen with mtime 1607634631.0
File /usr/lib/python3/dist-packages/django/http/request.py first seen with mtime 1708966424.0
File /usr/lib/python3.10/email/generator.py first seen with mtime 1700493245.0
File /usr/lib/python3/dist-packages/django/contrib/messages/storage/__init__.py first seen with mtime 1607634631.0
File /usr/lib/python3.10/subprocess.py first seen with mtime 1700493245.0
File /usr/lib/python3/dist-packages/django/core/cache/backends/filebased.py first seen with mtime 1643698995.0
File /usr/lib/python3.10/fnmatch.py first seen with mtime 1700493245.0
File /usr/lib/python3.10/lib-dynload/_json.cpython-310-x86_64-linux-gnu.so first seen with mtime 1700493245.0
File /usr/lib/python3/dist-packages/django/db/models/fields/__init__.py first seen with mtime 1643698995.0
File /usr/lib/python3/dist-packages/django/contrib/sites/__init__.py first seen with mtime 1643698711.0
File /usr/lib/python3/dist-packages/django/db/migrations/operations/base.py first seen with mtime 1643698711.0
File /etc/python3.10/sitecustomize.py first seen with mtime 1648890259.0
File /usr/lib/python3.10/email/charset.py first seen with mtime 1700493245.0
File /usr/lib/python3.10/glob.py first seen with mtime 1700493245.0
File /usr/lib/python3.10/json/encoder.py first seen with mtime 1700493245.0
File /usr/lib/python3.10/unittest/__init__.py first seen with mtime 1700493245.0
File /usr/lib/python3/dist-packages/django/db/models/functions/mixins.py first seen with mtime 1643698711.0
File /usr/lib/python3.10/socketserver.py first seen with mtime 1700493245.0
File /usr/lib/python3.10/importlib/util.py first seen with mtime 1700493245.0
File /usr/lib/python3/dist-packages/django/db/backends/sqlite3/__init__.py first seen with mtime 1607634634.0
File /home/link/Documentos/django3/alumnos/templates/alumnos first seen with mtime 1717421922.8167622
File /home/link/Documentos/django3/alumnos/templates/alumnos/alumnos_add.html first seen with mtime 1717431269.5294843
File /home/link/Documentos/django3/alumnos/templates/alumnos/alumnos_list.html first seen with mtime 1717430690.4179218
File /home/link/Documentos/django3/alumnos/templates/alumnos/index.html first seen with mtime 1717427397.290951
File /home/link/Documentos/django3/alumnos/templates/alumnos/listadoSQL.html first seen with mtime 1717426080.9381447
File /home/link/Documentos/django3/alumnos/templates/alumnos/alumnos_edit.html first seen with mtime 1717421922.8367624
File /usr/lib/python3/dist-packages/django/contrib/auth/migrations/0007_alter_validators_add_error_messages.py first seen with mtime 1607634618.0
File /home/link/Documentos/django3/alumnos/migrations/0004_alumnoseccion.py first seen with mtime 1717169943.4391043
File /usr/lib/python3/dist-packages/django/db/migrations/recorder.py first seen with mtime 1643698711.0
File /usr/lib/python3/dist-packages/django/contrib/sessions/migrations/0001_initial.py first seen with mtime 1607634631.0
File /usr/lib/python3/dist-packages/django/contrib/auth/migrations/0006_require_contenttypes_0002.py first seen with mtime 1607634618.0
File /usr/lib/python3/dist-packages/django/contrib/auth/migrations/0003_alter_user_email_max_length.py first seen with mtime 1607634618.0
File /usr/lib/python3/dist-packages/django/contrib/admin/migrations/0002_logentry_remove_auto_add.py first seen with mtime 1607634616.0
File /usr/lib/python3/dist-packages/django/contrib/auth/migrations/0008_alter_user_username_max_length.py first seen with mtime 1607634618.0
File /usr/lib/python3/dist-packages/django/contrib/auth/migrations/0012_alter_user_first_name_max_length.py first seen with mtime 1643698711.0
File /usr/lib/python3/dist-packages/django/middleware/common.py first seen with mtime 1643698711.0
File /usr/lib/python3/dist-packages/django/db/migrations/loader.py first seen with mtime 1643698995.0
File /usr/lib/python3/dist-packages/django/db/migrations/graph.py first seen with mtime 1643698995.0
File /usr/lib/python3/dist-packages/django/contrib/contenttypes/migrations/0001_initial.py first seen with mtime 1607634618.0
File /usr/lib/python3/dist-packages/django/contrib/auth/migrations/0011_update_proxy_permissions.py first seen with mtime 1643698711.0
File /usr/lib/python3/dist-packages/django/contrib/contenttypes/migrations/0002_remove_content_type_name.py first seen with mtime 1607634618.0
File /usr/lib/python3/dist-packages/django/contrib/admin/migrations/__init__.py first seen with mtime 1607634616.0
File /home/link/Documentos/django3/alumnos/migrations/0003_seccion.py first seen with mtime 1717169455.585605
File /usr/lib/python3/dist-packages/django/contrib/auth/migrations/0004_alter_user_username_opts.py first seen with mtime 1607634618.0
File /usr/lib/python3/dist-packages/django/contrib/auth/migrations/0009_alter_user_last_name_max_length.py first seen with mtime 1607634618.0
File /usr/lib/python3/dist-packages/django/contrib/sessions/migrations/__init__.py first seen with mtime 1607634631.0
File /usr/lib/python3/dist-packages/django/db/migrations/executor.py first seen with mtime 1643698995.0
File /usr/lib/python3.10/encodings/idna.py first seen with mtime 1700493245.0
File /usr/lib/python3/dist-packages/django/contrib/auth/migrations/0005_alter_user_last_login_null.py first seen with mtime 1607634618.0
File /home/link/Documentos/django3/instituto/wsgi.py first seen with mtime 1716821850.5554547
File /usr/lib/python3/dist-packages/django/contrib/auth/migrations/0001_initial.py first seen with mtime 1643698995.0
File /usr/lib/python3/dist-packages/django/contrib/auth/migrations/0002_alter_permission_name_max_length.py first seen with mtime 1607634618.0
File /home/link/Documentos/django3/alumnos/migrations/0001_initial.py first seen with mtime 1717166853.1163907
File /home/link/Documentos/django3/alumnos/migrations/0006_auto_20240531_1748.py first seen with mtime 1717177731.3908193
File /usr/lib/python3/dist-packages/django/middleware/clickjacking.py first seen with mtime 1643698711.0
File /usr/lib/python3/dist-packages/django/contrib/contenttypes/migrations/__init__.py first seen with mtime 1607634618.0
File /usr/lib/python3/dist-packages/django/db/models/sql/compiler.py first seen with mtime 1708966424.0
File /usr/lib/python3/dist-packages/django/contrib/sessions/exceptions.py first seen with mtime 1643698711.0
File /usr/lib/python3/dist-packages/django/contrib/admin/migrations/0003_logentry_add_action_flag_choices.py first seen with mtime 1607634616.0
File /usr/lib/python3.10/stringprep.py first seen with mtime 1700493245.0
File /usr/lib/python3/dist-packages/django/contrib/auth/migrations/__init__.py first seen with mtime 1607634618.0
File /home/link/Documentos/django3/alumnos/migrations/0005_auto_20240531_1748.py first seen with mtime 1717177684.2865407
File /home/link/Documentos/django3/alumnos/migrations/0002_ramo.py first seen with mtime 1717167512.2934258
File /usr/lib/python3/dist-packages/django/contrib/sessions/backends/db.py first seen with mtime 1607634631.0
File /home/link/Documentos/django3/alumnos/migrations/__init__.py first seen with mtime 1716822287.7033017
File /home/link/Documentos/django3/alumnos/migrations/0007_alter_alumnoseccion_id_alumno.py first seen with mtime 1717177753.626949
File /usr/lib/python3/dist-packages/django/contrib/auth/migrations/0010_alter_group_name_max_length.py first seen with mtime 1607634618.0
File /usr/lib/python3/dist-packages/django/contrib/messages/middleware.py first seen with mtime 1607634631.0
File /usr/lib/python3/dist-packages/django/contrib/admin/migrations/0001_initial.py first seen with mtime 1643698995.0
(0.000) SELECT "alumnos_genero"."idGenero", "alumnos_genero"."genero" FROM "alumnos_genero" WHERE "alumnos_genero"."idGenero" = 1 LIMIT 21; args=(1,)
(0.000) SELECT "alumnos_alumno"."rut", "alumnos_alumno"."nombre", "alumnos_alumno"."apellido_paterno", "alumnos_alumno"."apellido_materno", "alumnos_alumno"."fecha_nacimiento", "alumnos_alumno"."idGenero", "alumnos_alumno"."telefono", "alumnos_alumno"."email", "alumnos_alumno"."direccion", "alumnos_alumno"."activo" FROM "alumnos_alumno" LIMIT 21; args=()
Internal Server Error: /alumnos/alumnosAdd
Traceback (most recent call last):
  File "/usr/lib/python3/dist-packages/django/core/handlers/exception.py", line 47, in inner
    response = get_response(request)
  File "/usr/lib/python3/dist-packages/django/core/handlers/base.py", line 181, in _get_response
    response = wrapped_callback(request, *callback_args, **callback_kwargs)
  File "/home/link/Documentos/django3/alumnos/views.py", line 39, in alumnosAdd
    obj = Alumno.objects.create(
  File "/usr/lib/python3/dist-packages/django/db/models/manager.py", line 85, in manager_method
    return getattr(self.get_queryset(), name)(*args, **kwargs)
  File "/usr/lib/python3/dist-packages/django/db/models/query.py", line 451, in create
    obj = self.model(**kwargs)
  File "/usr/lib/python3/dist-packages/django/db/models/base.py", line 503, in __init__
    raise TypeError("%s() got an unexpected keyword argument '%s'" % (cls.__name__, kwarg))
TypeError: Alumno() got an unexpected keyword argument 'fechaNac'
"POST /alumnos/alumnosAdd HTTP/1.1" 500 84725
File /usr/lib/python3/dist-packages/django/contrib/sessions/serializers.py first seen with mtime 1643698995.0
File /usr/lib/python3/dist-packages/django/contrib/messages/storage/cookie.py first seen with mtime 1643698995.0
File /usr/lib/python3/dist-packages/django/conf/locale/en/__init__.py first seen with mtime 1607634615.0
File /usr/lib/python3/dist-packages/django/contrib/messages/storage/session.py first seen with mtime 1643698995.0
File /usr/lib/python3/dist-packages/django/conf/locale/en/formats.py first seen with mtime 1643698995.0
File /usr/lib/python3/dist-packages/django/contrib/messages/storage/fallback.py first seen with mtime 1607634631.0
File /usr/lib/python3/dist-packages/django/contrib/messages/storage/base.py first seen with mtime 1643698995.0
File /usr/lib/python3/dist-packages/django/contrib/messages/utils.py first seen with mtime 1607634631.0
File /home/link/Documentos/django3/alumnos/views.py previous mtime: 1717431473.0113044, current mtime: 1717431515.1158423
/home/link/Documentos/django3/alumnos/views.py notified as changed. Signal results: [(<function template_changed at 0x7bcdfe719c60>, None), (<function translation_file_changed at 0x7bcdfdf4f130>, None)].
/home/link/Documentos/django3/alumnos/views.py changed, reloading.
Watching for file changes with StatReloader
Waiting for apps ready_event.
Apps ready_event triggered. Sending autoreload_started signal.
Watching dir /home/link/Documentos/django3/alumnos/templates with glob **/*.
Watching dir /home/link/Documentos/django3/locale with glob **/*.mo.
Watching dir /home/link/Documentos/django3/alumnos/locale with glob **/*.mo.
(0.000) 
            SELECT name, type FROM sqlite_master
            WHERE type in ('table', 'view') AND NOT name='sqlite_sequence'
            ORDER BY name; args=None
(0.001) SELECT "django_migrations"."id", "django_migrations"."app", "django_migrations"."name", "django_migrations"."applied" FROM "django_migrations"; args=()
File /usr/lib/python3/dist-packages/django/views/decorators/cache.py first seen with mtime 1643698995.0
File /usr/lib/python3/dist-packages/django/forms/formsets.py first seen with mtime 1643698995.0
File /usr/lib/python3/dist-packages/django/template/loader_tags.py first seen with mtime 1643698995.0
File /usr/lib/python3/dist-packages/django/core/serializers/base.py first seen with mtime 1643698995.0
File /usr/lib/python3/dist-packages/sqlparse/exceptions.py first seen with mtime 1602053602.0
File /usr/lib/python3.10/importlib/resources.py first seen with mtime 1700493245.0
File /usr/lib/python3/dist-packages/colorama/ansi.py first seen with mtime 1602564393.0
File /usr/lib/python3/dist-packages/django/contrib/admin/views/__init__.py first seen with mtime 1607634617.0
File /usr/lib/python3.10/functools.py first seen with mtime 1700493245.0
File /usr/lib/python3.10/email/errors.py first seen with mtime 1700493245.0
File /usr/lib/python3/dist-packages/django/template/utils.py first seen with mtime 1643698711.0
File /usr/lib/python3/dist-packages/django/middleware/csrf.py first seen with mtime 1643698995.0
File /usr/lib/python3.10/importlib/_adapters.py first seen with mtime 1700493245.0
File /usr/lib/python3/dist-packages/django/contrib/staticfiles/finders.py first seen with mtime 1643698995.0
File /usr/lib/python3.10/gettext.py first seen with mtime 1700493245.0
File /usr/lib/python3/dist-packages/django/templatetags/__init__.py first seen with mtime 1607634634.0
File /usr/lib/python3/dist-packages/django/utils/module_loading.py first seen with mtime 1643698995.0
File /usr/lib/python3.10/email/mime/nonmultipart.py first seen with mtime 1700493245.0
File /usr/lib/python3/dist-packages/django/db/models/functions/math.py first seen with mtime 1643698995.0
File /usr/lib/python3/dist-packages/django/db/backends/sqlite3/__init__.py first seen with mtime 1607634634.0
File /usr/lib/python3.10/encodings/__init__.py first seen with mtime 1700493245.0
File /home/link/Documentos/django3/instituto/settings.py first seen with mtime 1717424473.9829688
File /usr/lib/python3/dist-packages/django/forms/utils.py first seen with mtime 1643698995.0
File /usr/lib/python3.10/datetime.py first seen with mtime 1700493245.0
File /usr/lib/python3/dist-packages/django/template/loaders/app_directories.py first seen with mtime 1607634634.0
File /usr/lib/python3.10/platform.py first seen with mtime 1700493245.0
File /usr/lib/python3/dist-packages/pytz/lazy.py first seen with mtime 1648114908.0
File /usr/lib/python3.10/_weakrefset.py first seen with mtime 1700493245.0
File /usr/lib/python3.10/asyncio/queues.py first seen with mtime 1700493245.0
File /usr/lib/python3/dist-packages/django/db/models/__init__.py first seen with mtime 1643698711.0
File /usr/lib/python3.10/asyncio/base_events.py first seen with mtime 1700493245.0
File /usr/lib/python3/dist-packages/django/utils/ipv6.py first seen with mtime 1607634634.0
File /usr/lib/python3.10/subprocess.py first seen with mtime 1700493245.0
File /usr/lib/python3/dist-packages/django/core/files/storage.py first seen with mtime 1643698995.0
File /home/link/Documentos/django3/instituto/__init__.py first seen with mtime 1716821850.5554547
File /usr/lib/python3/dist-packages/django/db/models/query.py first seen with mtime 1708966424.0
File /usr/lib/python3/dist-packages/django/templatetags/cache.py first seen with mtime 1607634634.0
File /usr/lib/python3.10/ctypes/__init__.py first seen with mtime 1700493245.0
File /usr/lib/python3/dist-packages/django/contrib/admin/utils.py first seen with mtime 1643698995.0
File /usr/lib/python3/dist-packages/django/forms/models.py first seen with mtime 1643698995.0
File /usr/lib/python3.10/lib-dynload/_json.cpython-310-x86_64-linux-gnu.so first seen with mtime 1700493245.0
File /usr/lib/python3.10/urllib/response.py first seen with mtime 1700493245.0
File /usr/lib/python3/dist-packages/django/core/checks/urls.py first seen with mtime 1607634634.0
File /usr/lib/python3.10/unittest/util.py first seen with mtime 1700493245.0
File /usr/lib/python3/dist-packages/django/db/models/constants.py first seen with mtime 1643698382.0
File /usr/lib/python3.10/concurrent/futures/__init__.py first seen with mtime 1700493245.0
File /usr/lib/python3/dist-packages/asgiref/sync.py first seen with mtime 1642870447.0
File /usr/lib/python3.10/importlib/_abc.py first seen with mtime 1700493245.0
File /usr/lib/python3.10/sre_parse.py first seen with mtime 1700493245.0
File /usr/lib/python3.10/inspect.py first seen with mtime 1700493245.0
File /usr/lib/python3/dist-packages/django/utils/dateformat.py first seen with mtime 1643698995.0
File /usr/lib/python3.10/re.py first seen with mtime 1700493245.0
File /usr/lib/python3/dist-packages/django/contrib/contenttypes/models.py first seen with mtime 1643698711.0
File /usr/lib/python3/dist-packages/django/__init__.py first seen with mtime 1643699007.0
File /usr/lib/python3/dist-packages/django/db/models/sql/query.py first seen with mtime 1708966424.0
File /usr/lib/python3.10/asyncio/threads.py first seen with mtime 1700493245.0
File /usr/lib/python3/dist-packages/django/dispatch/dispatcher.py first seen with mtime 1643698995.0
File /usr/lib/python3.10/lib-dynload/_decimal.cpython-310-x86_64-linux-gnu.so first seen with mtime 1700493245.0
File /usr/lib/python3/dist-packages/django/contrib/auth/models.py first seen with mtime 1643698711.0
File /usr/lib/python3.10/asyncio/base_tasks.py first seen with mtime 1700493245.0
File /usr/lib/python3/dist-packages/asgiref/current_thread_executor.py first seen with mtime 1642870447.0
File /usr/lib/python3/dist-packages/django/contrib/admin/models.py first seen with mtime 1643698711.0
File /usr/lib/python3/dist-packages/django/contrib/sessions/apps.py first seen with mtime 1607634631.0
File /usr/lib/python3/dist-packages/django/db/models/sql/constants.py first seen with mtime 1643698995.0
File /usr/lib/python3/dist-packages/django/db/models/functions/text.py first seen with mtime 1643698711.0
File /usr/lib/python3/dist-packages/django/contrib/contenttypes/checks.py first seen with mtime 1607634618.0
File /usr/lib/python3.10/operator.py first seen with mtime 1700493245.0
File /usr/lib/python3/dist-packages/django/core/checks/security/__init__.py first seen with mtime 1607634634.0
File /usr/lib/python3/dist-packages/pytz/tzinfo.py first seen with mtime 1648114908.0
File /usr/lib/python3/dist-packages/django/template/loaders/__init__.py first seen with mtime 1607634634.0
File /usr/lib/python3.10/urllib/__init__.py first seen with mtime 1700493245.0
File /usr/lib/python3/dist-packages/django/contrib/auth/checks.py first seen with mtime 1643698711.0
File /usr/lib/python3.10/hmac.py first seen with mtime 1700493245.0
File /usr/lib/python3.10/lib-dynload/_ctypes.cpython-310-x86_64-linux-gnu.so first seen with mtime 1700493245.0
File /usr/lib/python3/dist-packages/django/db/migrations/__init__.py first seen with mtime 1607634634.0
File /usr/lib/python3/dist-packages/django/core/checks/model_checks.py first seen with mtime 1643698711.0
File /usr/lib/python3/dist-packages/django/contrib/admin/checks.py first seen with mtime 1643698995.0
File /usr/lib/python3/dist-packages/django/core/checks/__init__.py first seen with mtime 1643698995.0
File /usr/lib/python3/dist-packages/django/middleware/security.py first seen with mtime 1643698995.0
File /usr/lib/python3/dist-packages/django/views/generic/dates.py first seen with mtime 1643698712.0
File /usr/lib/python3/dist-packages/sqlparse/__init__.py first seen with mtime 1631256606.0
File /usr/lib/python3.10/decimal.py first seen with mtime 1700493245.0
File /usr/lib/python3.10/collections/abc.py first seen with mtime 1700493245.0
File /usr/lib/python3/dist-packages/django/core/mail/message.py first seen with mtime 1643698995.0
File /usr/lib/python3.10/lib-dynload/_bz2.cpython-310-x86_64-linux-gnu.so first seen with mtime 1700493245.0
File /usr/lib/python3/dist-packages/django/utils/http.py first seen with mtime 1643698995.0
File /usr/lib/python3/dist-packages/django/utils/html.py first seen with mtime 1643698995.0
File /usr/lib/python3/dist-packages/django/contrib/contenttypes/views.py first seen with mtime 1643698711.0
File /usr/lib/python3.10/dataclasses.py first seen with mtime 1700493245.0
File /usr/lib/python3.10/wsgiref/handlers.py first seen with mtime 1700493245.0
File /usr/lib/python3.10/asyncio/base_futures.py first seen with mtime 1700493245.0
File /usr/lib/python3/dist-packages/asgiref/__init__.py first seen with mtime 1642870447.0
File /usr/lib/python3.10/unittest/signals.py first seen with mtime 1700493245.0
File /usr/lib/python3/dist-packages/sqlparse/cli.py first seen with mtime 1602053591.0
File /usr/lib/python3/dist-packages/django/template/base.py first seen with mtime 1643698995.0
File /usr/lib/python3.10/abc.py first seen with mtime 1700493245.0
File /usr/lib/python3.10/sysconfig.py first seen with mtime 1700493245.0
File /usr/lib/python3.10/unittest/loader.py first seen with mtime 1700493245.0
File /usr/lib/python3.10/email/header.py first seen with mtime 1700493245.0
File /usr/lib/python3.10/zoneinfo/__init__.py first seen with mtime 1700493245.0
File /usr/lib/python3/dist-packages/django/template/smartif.py first seen with mtime 1607634634.0
File /usr/lib/python3.10/logging/config.py first seen with mtime 1700493245.0
File /usr/lib/python3/dist-packages/django/db/transaction.py first seen with mtime 1643698711.0
File /usr/lib/python3/dist-packages/django/db/models/lookups.py first seen with mtime 1708966424.0
File /usr/lib/python3/dist-packages/django/utils/lorem_ipsum.py first seen with mtime 1607634634.0
File /usr/lib/python3.10/asyncio/unix_events.py first seen with mtime 1700493245.0
File /usr/lib/python3/dist-packages/django/template/backends/django.py first seen with mtime 1643698711.0
File /usr/lib/python3.10/email/mime/__init__.py first seen with mtime 1700493245.0
File /usr/lib/python3/dist-packages/sqlparse/filters/aligned_indent.py first seen with mtime 1602053530.0
File /usr/lib/python3/dist-packages/django/utils/deconstruct.py first seen with mtime 1643698382.0
File /usr/lib/python3/dist-packages/django/db/models/options.py first seen with mtime 1643698995.0
File /usr/lib/python3.10/lib-dynload/termios.cpython-310-x86_64-linux-gnu.so first seen with mtime 1700493245.0
File /usr/lib/python3/dist-packages/django/core/serializers/__init__.py first seen with mtime 1643698711.0
File /usr/lib/python3/dist-packages/django/contrib/admin/templatetags/log.py first seen with mtime 1607634617.0
File /usr/lib/python3.10/weakref.py first seen with mtime 1700493245.0
File /usr/lib/python3.10/email/base64mime.py first seen with mtime 1700493245.0
File /usr/lib/python3/dist-packages/sqlparse/formatter.py first seen with mtime 1602053558.0
File /usr/lib/python3/dist-packages/django/utils/safestring.py first seen with mtime 1643698712.0
File /usr/lib/python3.10/lib-dynload/_opcode.cpython-310-x86_64-linux-gnu.so first seen with mtime 1700493245.0
File /usr/lib/python3/dist-packages/django/http/response.py first seen with mtime 1708966424.0
File /usr/lib/python3/dist-packages/colorama/ansitowin32.py first seen with mtime 1602564393.0
File /usr/lib/python3.10/bz2.py first seen with mtime 1700493245.0
File /usr/lib/python3.10/http/__init__.py first seen with mtime 1700493245.0
File /usr/lib/python3/dist-packages/django/db/migrations/operations/base.py first seen with mtime 1643698711.0
File /usr/lib/python3.10/genericpath.py first seen with mtime 1700493245.0
File /usr/lib/python3/dist-packages/django/utils/dateparse.py first seen with mtime 1643698995.0
File /usr/lib/python3.10/tokenize.py first seen with mtime 1700493245.0
File /usr/lib/python3/dist-packages/django/contrib/__init__.py first seen with mtime 1607634615.0
File /usr/lib/python3/dist-packages/django/utils/datetime_safe.py first seen with mtime 1643698995.0
File /usr/lib/python3/dist-packages/django/contrib/staticfiles/management/commands/__init__.py first seen with mtime 1643698711.0
File /usr/lib/python3/dist-packages/django/contrib/staticfiles/__init__.py first seen with mtime 1643698711.0
File /usr/lib/python3/dist-packages/django/core/cache/backends/base.py first seen with mtime 1643698995.0
File /usr/lib/python3.10/bisect.py first seen with mtime 1700493245.0
File /usr/lib/python3/dist-packages/django/urls/base.py first seen with mtime 1643698711.0
File /usr/lib/python3.10/unittest/runner.py first seen with mtime 1700493245.0
File /usr/lib/python3/dist-packages/django/utils/__init__.py first seen with mtime 1607634634.0
File /usr/lib/python3.10/pickle.py first seen with mtime 1700493245.0
File /usr/lib/python3/dist-packages/sqlparse/filters/__init__.py first seen with mtime 1602053422.0
File /usr/lib/python3.10/uuid.py first seen with mtime 1700493245.0
File /usr/lib/python3/dist-packages/django/db/models/functions/comparison.py first seen with mtime 1643698995.0
File /usr/lib/python3/dist-packages/django/contrib/auth/tokens.py first seen with mtime 1643698995.0
File /usr/lib/python3/dist-packages/django/core/cache/utils.py first seen with mtime 1643698711.0
File /usr/lib/python3/dist-packages/django/contrib/contenttypes/admin.py first seen with mtime 1643698711.0
File /usr/lib/python3.10/argparse.py first seen with mtime 1700493245.0
File /usr/lib/python3/dist-packages/django/contrib/sessions/__init__.py first seen with mtime 1643698711.0
File /usr/lib/python3/dist-packages/django/forms/forms.py first seen with mtime 1643698995.0
File /usr/lib/python3/dist-packages/django/http/__init__.py first seen with mtime 1607634634.0
File /usr/lib/python3/dist-packages/django/conf/urls/__init__.py first seen with mtime 1643698995.0
File /usr/lib/python3/dist-packages/django/contrib/auth/admin.py first seen with mtime 1643698995.0
File /usr/lib/python3/dist-packages/colorama/initialise.py first seen with mtime 1602564393.0
File /usr/lib/python3/dist-packages/colorama/win32.py first seen with mtime 1602564393.0
File /usr/lib/python3/dist-packages/django/db/models/manager.py first seen with mtime 1643698711.0
File /usr/lib/python3/dist-packages/django/contrib/auth/backends.py first seen with mtime 1643698995.0
File /usr/lib/python3/dist-packages/django/contrib/sessions/backends/__init__.py first seen with mtime 1607634631.0
File /usr/lib/python3.10/importlib/util.py first seen with mtime 1700493245.0
File /usr/lib/python3/dist-packages/django/contrib/messages/api.py first seen with mtime 1607634631.0
File /usr/lib/python3/dist-packages/django/db/backends/base/introspection.py first seen with mtime 1643698711.0
File /usr/lib/python3/dist-packages/django/utils/cache.py first seen with mtime 1643698711.0
File /usr/lib/python3.10/wsgiref/headers.py first seen with mtime 1700493245.0
File /usr/lib/python3.10/concurrent/futures/thread.py first seen with mtime 1700493245.0
File /usr/lib/python3.10/contextlib.py first seen with mtime 1700493245.0
File /usr/lib/python3/dist-packages/django/utils/autoreload.py first seen with mtime 1643698995.0
File /usr/lib/python3.10/unittest/result.py first seen with mtime 1700493245.0
File /usr/lib/python3/dist-packages/django/core/servers/__init__.py first seen with mtime 1607634634.0
File /usr/lib/python3.10/email/_header_value_parser.py first seen with mtime 1700493245.0
File /usr/lib/python3/dist-packages/django/contrib/admin/views/autocomplete.py first seen with mtime 1643698995.0
File /usr/lib/python3/dist-packages/django/core/management/commands/runserver.py first seen with mtime 1643698995.0
File /usr/lib/python3.10/locale.py first seen with mtime 1700493245.0
File /usr/lib/python3.10/hashlib.py first seen with mtime 1700493245.0
File /usr/lib/python3/dist-packages/django/urls/exceptions.py first seen with mtime 1607634634.0
File /usr/lib/python3/dist-packages/django/db/migrations/state.py first seen with mtime 1643698995.0
File /usr/lib/python3.10/ntpath.py first seen with mtime 1700493245.0
File /usr/lib/python3.10/string.py first seen with mtime 1700493245.0
File /usr/lib/python3/dist-packages/django/views/decorators/__init__.py first seen with mtime 1607634634.0
File /usr/lib/python3/dist-packages/django/db/models/sql/subqueries.py first seen with mtime 1643698995.0
File /usr/lib/python3/dist-packages/django/db/backends/base/client.py first seen with mtime 1643698711.0
File /usr/lib/python3.10/secrets.py first seen with mtime 1700493245.0
File /usr/lib/python3.10/unittest/__init__.py first seen with mtime 1700493245.0
File /usr/lib/python3.10/asyncio/trsock.py first seen with mtime 1700493245.0
File /usr/lib/python3/dist-packages/django/core/checks/templates.py first seen with mtime 1643698382.0
File /usr/lib/python3/dist-packages/django/core/serializers/json.py first seen with mtime 1643698711.0
File /usr/lib/python3/dist-packages/django/db/models/indexes.py first seen with mtime 1643698995.0
File /usr/lib/python3.10/opcode.py first seen with mtime 1700493245.0
File /usr/lib/python3/dist-packages/django/contrib/sessions/middleware.py first seen with mtime 1643698995.0
File /usr/lib/python3/dist-packages/django/template/defaulttags.py first seen with mtime 1643698995.0
File /usr/lib/python3.10/asyncio/selector_events.py first seen with mtime 1700493245.0
File /usr/lib/python3/dist-packages/django/template/context.py first seen with mtime 1643698711.0
File /usr/lib/python3/dist-packages/django/db/utils.py first seen with mtime 1643698711.0
File /usr/lib/python3/dist-packages/django/db/backends/base/features.py first seen with mtime 1643698995.0
File /usr/lib/python3/dist-packages/django/db/migrations/exceptions.py first seen with mtime 1643698711.0
File /etc/python3.10/sitecustomize.py first seen with mtime 1648890259.0
File /usr/lib/python3/dist-packages/django/utils/termcolors.py first seen with mtime 1643698712.0
File /usr/lib/python3.10/tempfile.py first seen with mtime 1700493245.0
File /usr/lib/python3.10/asyncio/__init__.py first seen with mtime 1700493245.0
File /usr/lib/python3/dist-packages/sqlparse/filters/reindent.py first seen with mtime 1602136317.0
File /usr/lib/python3/dist-packages/django/db/backends/__init__.py first seen with mtime 1607634634.0
File /usr/lib/python3/dist-packages/sqlparse/engine/grouping.py first seen with mtime 1602053576.0
File /usr/lib/python3/dist-packages/django/db/backends/sqlite3/schema.py first seen with mtime 1643698995.0
File /usr/lib/python3/dist-packages/django/core/validators.py first seen with mtime 1708966424.0
File /usr/lib/python3.10/urllib/parse.py first seen with mtime 1700493245.0
File /usr/lib/python3/dist-packages/django/db/backends/sqlite3/introspection.py first seen with mtime 1643698711.0
File /usr/lib/python3/dist-packages/django/contrib/sites/requests.py first seen with mtime 1607634633.0
File /usr/lib/python3.10/asyncio/events.py first seen with mtime 1700493245.0
File /usr/lib/python3/dist-packages/django/templatetags/static.py first seen with mtime 1643698995.0
File /usr/lib/python3.10/keyword.py first seen with mtime 1700493245.0
File /usr/lib/python3/dist-packages/django/contrib/auth/management/__init__.py first seen with mtime 1643698711.0
File /usr/lib/python3/dist-packages/django/core/cache/backends/locmem.py first seen with mtime 1643698995.0
File /usr/lib/python3/dist-packages/django/db/models/fields/proxy.py first seen with mtime 1607634634.0
File /usr/lib/python3/dist-packages/django/db/models/fields/mixins.py first seen with mtime 1643698711.0
File /usr/lib/python3.10/http/server.py first seen with mtime 1700493245.0
File /usr/lib/python3/dist-packages/django/conf/global_settings.py first seen with mtime 1708966424.0
File /usr/lib/python3/dist-packages/django/db/backends/sqlite3/creation.py first seen with mtime 1643698995.0
File /usr/lib/python3/dist-packages/django/urls/converters.py first seen with mtime 1607634634.0
File /usr/lib/python3.10/email/feedparser.py first seen with mtime 1700493245.0
File /usr/lib/python3.10/token.py first seen with mtime 1700493245.0
File /home/link/Documentos/django3/alumnos/models.py first seen with mtime 1717424290.0778077
File /usr/lib/python3/dist-packages/django/utils/encoding.py first seen with mtime 1708966424.0
File /usr/lib/python3/dist-packages/django/contrib/admin/filters.py first seen with mtime 1643698995.0
File /usr/lib/python3/dist-packages/django/db/backends/sqlite3/client.py first seen with mtime 1643698995.0
File /usr/lib/python3.10/asyncio/protocols.py first seen with mtime 1700493245.0
File /usr/lib/python3/dist-packages/django/contrib/contenttypes/__init__.py first seen with mtime 1643698711.0
File /usr/lib/python3/dist-packages/django/db/models/functions/datetime.py first seen with mtime 1708966424.0
File /usr/lib/python3/dist-packages/django/db/models/sql/datastructures.py first seen with mtime 1643698995.0
File /usr/lib/python3/dist-packages/django/template/autoreload.py first seen with mtime 1643698711.0
File /usr/lib/python3.10/json/scanner.py first seen with mtime 1700493245.0
File /usr/lib/python3.10/urllib/request.py first seen with mtime 1700493245.0
File /usr/lib/python3.10/asyncio/subprocess.py first seen with mtime 1700493245.0
File /usr/lib/python3.10/lib-dynload/_lzma.cpython-310-x86_64-linux-gnu.so first seen with mtime 1700493245.0
File /usr/lib/python3/dist-packages/django/db/migrations/operations/__init__.py first seen with mtime 1607634634.0
File /usr/lib/python3/dist-packages/django/contrib/staticfiles/apps.py first seen with mtime 1643698711.0
File /usr/lib/python3/dist-packages/django/db/migrations/migration.py first seen with mtime 1643698995.0
File /usr/lib/python3/dist-packages/django/contrib/auth/password_validation.py first seen with mtime 1643698995.0
File /usr/lib/python3/dist-packages/django/core/cache/backends/__init__.py first seen with mtime 1607634634.0
File /usr/lib/python3.10/ssl.py first seen with mtime 1700493245.0
File /usr/lib/python3.10/asyncio/streams.py first seen with mtime 1700493245.0
File /usr/lib/python3/dist-packages/django/core/handlers/wsgi.py first seen with mtime 1643698995.0
File /usr/lib/python3/dist-packages/django/urls/__init__.py first seen with mtime 1607634634.0
File /usr/lib/python3.10/unittest/case.py first seen with mtime 1700493245.0
File /usr/lib/python3/dist-packages/django/utils/translation/reloader.py first seen with mtime 1643698712.0
File /usr/lib/python3/dist-packages/django/db/models/utils.py first seen with mtime 1643698711.0
File /usr/lib/python3.10/logging/__init__.py first seen with mtime 1700493245.0
File /usr/lib/python3.10/queue.py first seen with mtime 1700493245.0
File /usr/lib/python3/dist-packages/django/core/handlers/exception.py first seen with mtime 1708966424.0
File /usr/lib/python3.10/http/cookies.py first seen with mtime 1700493245.0
File /usr/lib/python3/dist-packages/django/db/models/deletion.py first seen with mtime 1643698995.0
File /usr/lib/python3/dist-packages/django/db/models/fields/reverse_related.py first seen with mtime 1643698995.0
File /home/link/Documentos/django3/alumnos/views.py first seen with mtime 1717431515.1158423
File /usr/lib/python3.10/lib-dynload/_zoneinfo.cpython-310-x86_64-linux-gnu.so first seen with mtime 1700493245.0
File /usr/lib/python3.10/copyreg.py first seen with mtime 1700493245.0
File /usr/lib/python3/dist-packages/django/contrib/sites/shortcuts.py first seen with mtime 1708966424.0
File /usr/lib/python3.10/struct.py first seen with mtime 1700493245.0
File /usr/lib/python3/dist-packages/django/views/generic/detail.py first seen with mtime 1607634634.0
File /usr/lib/python3/dist-packages/django/core/checks/security/sessions.py first seen with mtime 1607634634.0
File /usr/lib/python3.10/email/generator.py first seen with mtime 1700493245.0
File /usr/lib/python3/dist-packages/django/utils/numberformat.py first seen with mtime 1643698712.0
File /usr/lib/python3.10/email/_policybase.py first seen with mtime 1700493245.0
File /usr/lib/python3.10/email/encoders.py first seen with mtime 1700493245.0
File /usr/lib/python3/dist-packages/django/templatetags/i18n.py first seen with mtime 1643698995.0
File /usr/lib/python3/dist-packages/django/core/management/base.py first seen with mtime 1643698995.0
File /usr/lib/python3/dist-packages/django/views/decorators/debug.py first seen with mtime 1643698995.0
File /usr/lib/python3/dist-packages/django/db/models/expressions.py first seen with mtime 1708966424.0
File /usr/lib/python3/dist-packages/django/views/__init__.py first seen with mtime 1607634634.0
File /usr/lib/python3/dist-packages/django/views/static.py first seen with mtime 1643698712.0
File /usr/lib/python3/dist-packages/django/contrib/auth/middleware.py first seen with mtime 1643698995.0
File /usr/lib/python3.10/codecs.py first seen with mtime 1700493245.0
File /usr/lib/python3.10/email/_encoded_words.py first seen with mtime 1700493245.0
File /usr/lib/python3.10/random.py first seen with mtime 1700493245.0
File /usr/lib/python3/dist-packages/django/contrib/auth/validators.py first seen with mtime 1643698711.0
File /usr/lib/python3/dist-packages/django/db/models/fields/related_descriptors.py first seen with mtime 1643698995.0
File /usr/lib/python3/dist-packages/django/contrib/staticfiles/handlers.py first seen with mtime 1643698711.0
File /usr/lib/python3/dist-packages/django/db/backends/base/base.py first seen with mtime 1643698995.0
File /usr/lib/python3/dist-packages/django/templatetags/tz.py first seen with mtime 1643698995.0
File /usr/lib/python3/dist-packages/django/core/exceptions.py first seen with mtime 1708966424.0
File /usr/lib/python3.10/types.py first seen with mtime 1700493245.0
File /usr/lib/python3.10/getpass.py first seen with mtime 1700493245.0
File /usr/lib/python3/dist-packages/django/core/mail/utils.py first seen with mtime 1643698711.0
File /usr/lib/python3.10/pprint.py first seen with mtime 1700493245.0
File /usr/lib/python3/dist-packages/django/contrib/admin/templatetags/admin_urls.py first seen with mtime 1607634617.0
File /usr/lib/python3.10/ast.py first seen with mtime 1700493245.0
File /usr/lib/python3.10/html/__init__.py first seen with mtime 1700493245.0
File /usr/lib/python3/dist-packages/django/utils/timezone.py first seen with mtime 1643698995.0
File /usr/lib/python3.10/importlib/__init__.py first seen with mtime 1700493245.0
File /usr/lib/python3.10/email/mime/multipart.py first seen with mtime 1700493245.0
File /usr/lib/python3.10/traceback.py first seen with mtime 1700493245.0
File /usr/lib/python3/dist-packages/django/utils/functional.py first seen with mtime 1643698995.0
File /usr/lib/python3/dist-packages/sqlparse/lexer.py first seen with mtime 1602053598.0
File /usr/lib/python3/dist-packages/django/core/files/__init__.py first seen with mtime 1607634634.0
File /usr/lib/python3/dist-packages/sqlparse/engine/__init__.py first seen with mtime 1602053595.0
File /usr/lib/python3/dist-packages/django/db/migrations/utils.py first seen with mtime 1643698995.0
File /usr/lib/python3.10/statistics.py first seen with mtime 1700493245.0
File /usr/lib/python3/dist-packages/sqlparse/utils.py first seen with mtime 1602053580.0
File /usr/lib/python3/dist-packages/django/template/backends/base.py first seen with mtime 1607634634.0
File /usr/lib/python3/dist-packages/django/views/generic/list.py first seen with mtime 1643698712.0
File /usr/lib/python3/dist-packages/django/utils/asyncio.py first seen with mtime 1643698995.0
File /usr/lib/python3.10/importlib/_common.py first seen with mtime 1700493245.0
File /usr/lib/python3.10/encodings/utf_8.py first seen with mtime 1700493245.0
File /usr/lib/python3/dist-packages/django/db/backends/signals.py first seen with mtime 1643698711.0
File /usr/lib/python3/dist-packages/django/utils/decorators.py first seen with mtime 1643698995.0
File /usr/lib/python3/dist-packages/django/core/checks/async_checks.py first seen with mtime 1643698711.0
File /usr/lib/python3.10/concurrent/__init__.py first seen with mtime 1700493245.0
File /usr/lib/python3/dist-packages/django/contrib/contenttypes/fields.py first seen with mtime 1643698995.0
File /usr/lib/python3/dist-packages/django/core/checks/caches.py first seen with mtime 1643698711.0
File /usr/lib/python3/dist-packages/django/http/request.py first seen with mtime 1708966424.0
File /usr/lib/python3/dist-packages/django/core/management/commands/__init__.py first seen with mtime 1643698711.0
File /usr/lib/python3/dist-packages/django/utils/duration.py first seen with mtime 1607634634.0
File /usr/lib/python3/dist-packages/django/db/migrations/operations/fields.py first seen with mtime 1643698995.0
File /usr/lib/python3/dist-packages/django/utils/formats.py first seen with mtime 1643698995.0
File /usr/lib/python3.10/json/__init__.py first seen with mtime 1700493245.0
File /usr/lib/python3/dist-packages/sqlparse/filters/others.py first seen with mtime 1631256606.0
File /usr/lib/python3.10/cgi.py first seen with mtime 1700493245.0
File /usr/lib/python3.10/email/mime/message.py first seen with mtime 1700493245.0
File /home/link/Documentos/django3/alumnos/admin.py first seen with mtime 1717177601.366039
File /usr/lib/python3/dist-packages/django/template/loader.py first seen with mtime 1607634634.0
File /usr/lib/python3/dist-packages/asgiref/local.py first seen with mtime 1642870447.0
File /usr/lib/python3.10/asyncio/exceptions.py first seen with mtime 1700493245.0
File /usr/lib/python3/dist-packages/django/core/checks/registry.py first seen with mtime 1643698995.0
File /usr/lib/python3.10/asyncio/futures.py first seen with mtime 1700493245.0
File /usr/lib/python3.10/json/encoder.py first seen with mtime 1700493245.0
File /usr/lib/python3.10/unittest/main.py first seen with mtime 1700493245.0
File /usr/lib/python3/dist-packages/django/contrib/admin/actions.py first seen with mtime 1643698711.0
File /usr/lib/python3/dist-packages/django/apps/config.py first seen with mtime 1643698995.0
File /usr/lib/python3.10/pkgutil.py first seen with mtime 1700493245.0
File /usr/lib/python3/dist-packages/django/template/exceptions.py first seen with mtime 1607634634.0
File /usr/lib/python3.10/sqlite3/dbapi2.py first seen with mtime 1700493245.0
File /usr/lib/python3.10/calendar.py first seen with mtime 1700493245.0
File /usr/lib/python3/dist-packages/django/http/cookie.py first seen with mtime 1643698995.0
File /usr/lib/python3/dist-packages/django/urls/conf.py first seen with mtime 1643698995.0
File /usr/lib/python3/dist-packages/django/views/generic/base.py first seen with mtime 1643698995.0
File /usr/lib/python3.10/lzma.py first seen with mtime 1700493245.0
File /usr/lib/python3.10/sre_constants.py first seen with mtime 1700493245.0
File /usr/lib/python3/dist-packages/django/core/checks/messages.py first seen with mtime 1643698995.0
File /usr/lib/python3.10/glob.py first seen with mtime 1700493245.0
File /usr/lib/python3/dist-packages/django/middleware/__init__.py first seen with mtime 1607634634.0
File /usr/lib/python3/dist-packages/django/contrib/contenttypes/apps.py first seen with mtime 1643698711.0
File /usr/lib/python3.10/enum.py first seen with mtime 1700493245.0
File /usr/lib/python3/dist-packages/django/core/cache/__init__.py first seen with mtime 1643698711.0
File /usr/lib/python3/dist-packages/django/contrib/auth/signals.py first seen with mtime 1643698711.0
File /usr/lib/python3/dist-packages/django/db/models/fields/json.py first seen with mtime 1643698995.0
File /usr/lib/python3/dist-packages/django/contrib/admin/views/main.py first seen with mtime 1643698995.0
File /usr/lib/python3/dist-packages/django/db/backends/base/validation.py first seen with mtime 1607634634.0
File /usr/lib/python3.10/threading.py first seen with mtime 1700493245.0
File /usr/lib/python3/dist-packages/django/utils/tree.py first seen with mtime 1643698995.0
File /usr/lib/python3.10/base64.py first seen with mtime 1700493245.0
File /usr/lib/python3/dist-packages/django/contrib/auth/apps.py first seen with mtime 1643698711.0
File /usr/lib/python3/dist-packages/django/core/paginator.py first seen with mtime 1643698711.0
File /usr/lib/python3/dist-packages/django/utils/topological_sort.py first seen with mtime 1607634634.0
File /usr/lib/python3.10/email/quoprimime.py first seen with mtime 1700493245.0
File /usr/lib/python3/dist-packages/django/contrib/admin/apps.py first seen with mtime 1643698711.0
File /usr/lib/python3.10/asyncio/runners.py first seen with mtime 1700493245.0
File /usr/lib/python3/dist-packages/django/urls/resolvers.py first seen with mtime 1708966424.0
File /usr/lib/python3.10/asyncio/sslproto.py first seen with mtime 1700493245.0
File /usr/lib/python3/dist-packages/django/core/__init__.py first seen with mtime 1607634634.0
File /usr/lib/python3/dist-packages/django/core/checks/security/csrf.py first seen with mtime 1643698711.0
File /usr/lib/python3.10/pathlib.py first seen with mtime 1700493245.0
File /usr/lib/python3/dist-packages/django/middleware/cache.py first seen with mtime 1643698995.0
File /usr/lib/python3/dist-packages/django/forms/renderers.py first seen with mtime 1643698995.0
File /usr/lib/python3/dist-packages/django/contrib/admin/exceptions.py first seen with mtime 1607634615.0
File /usr/lib/python3.10/importlib/machinery.py first seen with mtime 1700493245.0
File /usr/lib/python3.10/asyncio/tasks.py first seen with mtime 1700493245.0
File /usr/lib/python3.10/email/__init__.py first seen with mtime 1700493245.0
File /home/link/Documentos/django3/alumnos/urls.py first seen with mtime 1717422274.546533
File /usr/lib/python3.10/linecache.py first seen with mtime 1700493245.0
File /usr/lib/python3.10/numbers.py first seen with mtime 1700493245.0
File /usr/lib/python3/dist-packages/django/db/models/fields/related_lookups.py first seen with mtime 1708966424.0
File /usr/lib/python3/dist-packages/django/template/response.py first seen with mtime 1643698711.0
File /usr/lib/python3.10/lib-dynload/_uuid.cpython-310-x86_64-linux-gnu.so first seen with mtime 1700493245.0
File /usr/lib/python3/dist-packages/django/core/serializers/python.py first seen with mtime 1643698711.0
File /usr/lib/python3.10/ctypes/_endian.py first seen with mtime 1700493245.0
File /usr/lib/python3/dist-packages/django/db/models/sql/where.py first seen with mtime 1643698995.0
File /usr/lib/python3/dist-packages/django/db/backends/base/operations.py first seen with mtime 1708966424.0
File /usr/lib/python3.10/wsgiref/simple_server.py first seen with mtime 1700493245.0
File /usr/lib/python3/dist-packages/django/core/management/__init__.py first seen with mtime 1643698995.0
File /usr/lib/python3/dist-packages/django/utils/dates.py first seen with mtime 1607634634.0
File /usr/lib/python3/dist-packages/django/contrib/staticfiles/checks.py first seen with mtime 1607634634.0
File /usr/lib/python3/dist-packages/django/db/migrations/operations/special.py first seen with mtime 1607634634.0
File /usr/lib/python3/dist-packages/django/db/__init__.py first seen with mtime 1643698711.0
File /usr/lib/python3.10/uu.py first seen with mtime 1700493245.0
File /usr/lib/python3/dist-packages/django/contrib/sessions/models.py first seen with mtime 1643698995.0
File /usr/lib/python3/dist-packages/django/db/backends/base/__init__.py first seen with mtime 1607634634.0
File /usr/lib/python3.10/importlib/abc.py first seen with mtime 1700493245.0
File /usr/lib/python3/dist-packages/django/db/models/functions/__init__.py first seen with mtime 1643698711.0
File /usr/lib/python3.10/email/mime/text.py first seen with mtime 1700493245.0
File /usr/lib/python3.10/html/entities.py first seen with mtime 1700493245.0
File /usr/lib/python3/dist-packages/django/contrib/messages/storage/__init__.py first seen with mtime 1607634631.0
File /usr/lib/python3.10/ipaddress.py first seen with mtime 1700493245.0
File /usr/lib/python3/dist-packages/django/utils/crypto.py first seen with mtime 1643698995.0
File /usr/lib/python3/dist-packages/django/core/checks/database.py first seen with mtime 1643698711.0
File /usr/lib/python3/dist-packages/pytz/tzfile.py first seen with mtime 1679399155.0
File /usr/lib/python3/dist-packages/django/db/models/fields/files.py first seen with mtime 1643698711.0
File /usr/lib/python3/dist-packages/django/template/__init__.py first seen with mtime 1643698711.0
File /home/link/Documentos/django3/alumnos/__init__.py first seen with mtime 1716822287.7033017
File /usr/lib/python3.10/email/headerregistry.py first seen with mtime 1700493245.0
File /usr/lib/python3/dist-packages/sqlparse/engine/statement_splitter.py first seen with mtime 1602053583.0
File /usr/lib/python3.10/logging/handlers.py first seen with mtime 1700493245.0
File /usr/lib/python3.10/typing.py first seen with mtime 1700493245.0
File /usr/lib/python3/dist-packages/django/core/files/locks.py first seen with mtime 1643698711.0
File /usr/lib/python3/dist-packages/sqlparse/tokens.py first seen with mtime 1602053551.0
File /usr/lib/python3.10/asyncio/base_subprocess.py first seen with mtime 1700493245.0
File /usr/lib/python3.10/signal.py first seen with mtime 1700493245.0
File /usr/lib/python3/dist-packages/django/conf/__init__.py first seen with mtime 1643698995.0
File /usr/lib/python3/dist-packages/django/utils/connection.py first seen with mtime 1643698711.0
File /usr/lib/python3.10/email/_parseaddr.py first seen with mtime 1700493245.0
File /usr/lib/python3.10/asyncio/constants.py first seen with mtime 1700493245.0
File /usr/lib/python3/dist-packages/django/forms/__init__.py first seen with mtime 1607634634.0
File /usr/lib/python3/dist-packages/django/template/backends/__init__.py first seen with mtime 1607634634.0
File /usr/lib/python3.10/wsgiref/util.py first seen with mtime 1700493245.0
File /usr/lib/python3/dist-packages/django/views/defaults.py first seen with mtime 1643698995.0
File /usr/lib/python3.10/selectors.py first seen with mtime 1700493245.0
File /usr/lib/python3.10/shutil.py first seen with mtime 1700493245.0
File /usr/lib/python3.10/socketserver.py first seen with mtime 1700493245.0
File /usr/lib/python3/dist-packages/django/contrib/messages/apps.py first seen with mtime 1643698382.0
File /home/link/Documentos/django3/instituto/urls.py first seen with mtime 1717166774.1495957
File /usr/lib/python3.10/socket.py first seen with mtime 1700493245.0
File /usr/lib/python3/dist-packages/django/db/backends/utils.py first seen with mtime 1643698995.0
File /usr/lib/python3/dist-packages/django/utils/text.py first seen with mtime 1708966424.0
File /usr/lib/python3/dist-packages/django/db/backends/sqlite3/operations.py first seen with mtime 1643698995.0
File /usr/lib/python3/dist-packages/django/utils/_os.py first seen with mtime 1643698711.0
File /usr/lib/python3/dist-packages/django/utils/deprecation.py first seen with mtime 1643698995.0
File /usr/lib/python3.10/site.py first seen with mtime 1700493245.0
File /usr/lib/python3.10/quopri.py first seen with mtime 1700493245.0
File /usr/lib/python3.10/urllib/error.py first seen with mtime 1700493245.0
File /usr/lib/python3.10/os.py first seen with mtime 1700493245.0
File /usr/lib/python3/dist-packages/django/contrib/auth/__init__.py first seen with mtime 1643698995.0
File /usr/lib/python3/dist-packages/django/contrib/admin/__init__.py first seen with mtime 1643698711.0
File /usr/lib/python3/dist-packages/django/core/servers/basehttp.py first seen with mtime 1643698995.0
File /usr/lib/python3/dist-packages/django/db/backends/sqlite3/features.py first seen with mtime 1643698995.0
File /usr/lib/python3/dist-packages/sqlparse/keywords.py first seen with mtime 1715174312.0
File /usr/lib/python3.10/email/contentmanager.py first seen with mtime 1700493245.0
File /usr/lib/python3/dist-packages/django/db/models/aggregates.py first seen with mtime 1643698995.0
File /usr/lib/python3/dist-packages/django/core/handlers/base.py first seen with mtime 1643698711.0
File /usr/lib/python3/dist-packages/django/utils/version.py first seen with mtime 1643698995.0
File /usr/lib/python3.10/_collections_abc.py first seen with mtime 1700493245.0
File /usr/lib/python3.10/contextvars.py first seen with mtime 1700493245.0
File /usr/lib/python3.10/copy.py first seen with mtime 1700493245.0
File /usr/lib/python3/dist-packages/django/views/generic/__init__.py first seen with mtime 1607634634.0
File /usr/lib/python3/dist-packages/sqlparse/filters/output.py first seen with mtime 1602053546.0
File /usr/lib/python3/dist-packages/django/contrib/admin/templatetags/base.py first seen with mtime 1643698711.0
File /usr/lib/python3.10/heapq.py first seen with mtime 1700493245.0
File /usr/lib/python3.10/warnings.py first seen with mtime 1700493245.0
File /usr/lib/python3.10/lib-dynload/_hashlib.cpython-310-x86_64-linux-gnu.so first seen with mtime 1700493245.0
File /usr/lib/python3.10/_compression.py first seen with mtime 1700493245.0
File /usr/lib/python3/dist-packages/django/db/migrations/operations/utils.py first seen with mtime 1643698995.0
File /usr/lib/python3/dist-packages/django/contrib/sites/__init__.py first seen with mtime 1643698711.0
File /usr/lib/python3/dist-packages/django/db/models/enums.py first seen with mtime 1643698995.0
File /usr/lib/python3/dist-packages/django/utils/hashable.py first seen with mtime 1643698712.0
File /usr/lib/python3/dist-packages/django/utils/itercompat.py first seen with mtime 1607634634.0
File /usr/lib/python3/dist-packages/django/views/decorators/csrf.py first seen with mtime 1607634634.0
File /usr/lib/python3/dist-packages/apport_python_hook.py first seen with mtime 1681427306.0
File /usr/lib/python3/dist-packages/django/core/signals.py first seen with mtime 1643698711.0
File /usr/lib/python3.10/gzip.py first seen with mtime 1700493245.0
File /usr/lib/python3.10/unittest/suite.py first seen with mtime 1700493245.0
File /usr/lib/python3/dist-packages/django/db/models/sql/__init__.py first seen with mtime 1643698711.0
File /usr/lib/python3/dist-packages/django/shortcuts.py first seen with mtime 1643698995.0
File /usr/lib/python3.10/sre_compile.py first seen with mtime 1700493245.0
File /usr/lib/python3/dist-packages/django/core/files/move.py first seen with mtime 1643698711.0
File /usr/lib/python3/dist-packages/django/db/models/fields/__init__.py first seen with mtime 1643698995.0
File /usr/lib/python3/dist-packages/django/urls/utils.py first seen with mtime 1607634634.0
File /usr/lib/python3/dist-packages/django/core/wsgi.py first seen with mtime 1607634634.0
File /usr/lib/python3/dist-packages/pytz/exceptions.py first seen with mtime 1648114908.0
File /usr/lib/python3/dist-packages/sqlparse/filters/tokens.py first seen with mtime 1602053538.0
File /usr/lib/python3/dist-packages/django/apps/__init__.py first seen with mtime 1607634615.0
File /usr/lib/python3/dist-packages/django/contrib/admin/helpers.py first seen with mtime 1643698995.0
File /usr/lib/python3/dist-packages/django/core/files/uploadedfile.py first seen with mtime 1638864276.0
File /usr/lib/python3/dist-packages/django/core/files/images.py first seen with mtime 1643698995.0
File /usr/lib/python3.10/zoneinfo/_tzpath.py first seen with mtime 1700493245.0
File /usr/lib/python3/dist-packages/django/db/migrations/operations/models.py first seen with mtime 1643698995.0
File /usr/lib/python3.10/email/iterators.py first seen with mtime 1700493245.0
File /usr/lib/python3.10/html/parser.py first seen with mtime 1700493245.0
File /usr/lib/python3.10/encodings/aliases.py first seen with mtime 1700493245.0
File /usr/lib/python3/dist-packages/django/contrib/sessions/base_session.py first seen with mtime 1607634631.0
File /usr/lib/python3.10/difflib.py first seen with mtime 1700493245.0
File /home/link/Documentos/django3/manage.py first seen with mtime 1716821850.5514543
File /usr/lib/python3/dist-packages/django/core/mail/__init__.py first seen with mtime 1643698711.0
File /usr/lib/python3.10/sqlite3/__init__.py first seen with mtime 1700493245.0
File /usr/lib/python3/dist-packages/django/contrib/contenttypes/management/__init__.py first seen with mtime 1643698711.0
File /usr/lib/python3/dist-packages/django/forms/fields.py first seen with mtime 1708966424.0
File /usr/lib/python3.10/concurrent/futures/_base.py first seen with mtime 1700493245.0
File /usr/lib/python3/dist-packages/django/utils/translation/__init__.py first seen with mtime 1643698995.0
File /usr/lib/python3/dist-packages/django/db/models/constraints.py first seen with mtime 1643698995.0
File /usr/lib/python3.10/asyncio/locks.py first seen with mtime 1700493245.0
File /usr/lib/python3/dist-packages/colorama/winterm.py first seen with mtime 1602564393.0
File /usr/lib/python3/dist-packages/django/core/handlers/asgi.py first seen with mtime 1643698995.0
File /usr/lib/python3/dist-packages/django/utils/log.py first seen with mtime 1643698995.0
File /usr/lib/python3/dist-packages/django/db/models/functions/window.py first seen with mtime 1607634634.0
File /usr/lib/python3/dist-packages/django/contrib/messages/__init__.py first seen with mtime 1643698711.0
File /usr/lib/python3/dist-packages/django/forms/widgets.py first seen with mtime 1708966424.0
File /usr/lib/python3.10/_sysconfigdata__x86_64-linux-gnu.py first seen with mtime 1700493245.0
File /home/link/Documentos/django3/alumnos/apps.py first seen with mtime 1716822287.7033017
File /usr/lib/python3/dist-packages/django/core/files/uploadhandler.py first seen with mtime 1643698711.0
File /usr/lib/python3.10/io.py first seen with mtime 1700493245.0
File /usr/lib/python3/dist-packages/sqlparse/sql.py first seen with mtime 1715174312.0
File /usr/lib/python3.10/lib-dynload/_asyncio.cpython-310-x86_64-linux-gnu.so first seen with mtime 1700493245.0
File /usr/lib/python3/dist-packages/django/core/cache/backends/filebased.py first seen with mtime 1643698995.0
File /usr/lib/python3/dist-packages/django/utils/timesince.py first seen with mtime 1643698995.0
File /usr/lib/python3/dist-packages/django/utils/datastructures.py first seen with mtime 1643698995.0
File /usr/lib/python3/dist-packages/django/contrib/admin/sites.py first seen with mtime 1643698995.0
File /usr/lib/python3/dist-packages/django/contrib/admin/options.py first seen with mtime 1643698995.0
File /usr/lib/python3/dist-packages/django/core/files/utils.py first seen with mtime 1638864276.0
File /usr/lib/python3/dist-packages/django/apps/registry.py first seen with mtime 1643698995.0
File /usr/lib/python3.10/asyncio/staggered.py first seen with mtime 1700493245.0
File /usr/lib/python3/dist-packages/django/db/backends/sqlite3/base.py first seen with mtime 1643698995.0
File /usr/lib/python3/dist-packages/django/conf/locale/__init__.py first seen with mtime 1643698995.0
File /usr/lib/python3/dist-packages/django/contrib/admin/widgets.py first seen with mtime 1643698995.0
File /usr/lib/python3/dist-packages/django/contrib/messages/constants.py first seen with mtime 1607634631.0
File /usr/lib/python3/dist-packages/django/views/i18n.py first seen with mtime 1643698995.0
File /usr/lib/python3.10/http/client.py first seen with mtime 1700493245.0
File /usr/lib/python3/dist-packages/django/views/decorators/common.py first seen with mtime 1643698712.0
File /usr/lib/python3.10/email/policy.py first seen with mtime 1700493245.0
File /usr/lib/python3/dist-packages/django/db/models/base.py first seen with mtime 1643698995.0
File /usr/lib/python3.10/dis.py first seen with mtime 1700493245.0
File /usr/lib/python3/dist-packages/django/contrib/admin/templatetags/admin_modify.py first seen with mtime 1643698995.0
File /usr/lib/python3.10/zoneinfo/_common.py first seen with mtime 1700493245.0
File /usr/lib/python3/dist-packages/sqlparse/engine/filter_stack.py first seen with mtime 1602053563.0
File /usr/lib/python3.10/reprlib.py first seen with mtime 1700493245.0
File /usr/lib/python3/dist-packages/sqlparse/filters/right_margin.py first seen with mtime 1602053411.0
File /usr/lib/python3.10/fractions.py first seen with mtime 1700493245.0
File /usr/lib/python3/dist-packages/django/utils/baseconv.py first seen with mtime 1643698995.0
File /usr/lib/python3/dist-packages/django/forms/boundfield.py first seen with mtime 1643698995.0
File /usr/lib/python3/dist-packages/pytz/__init__.py first seen with mtime 1679399155.0
File /usr/lib/python3/dist-packages/django/core/checks/translation.py first seen with mtime 1643698711.0
File /usr/lib/python3/dist-packages/django/contrib/staticfiles/utils.py first seen with mtime 1643698711.0
File /usr/lib/python3.10/json/decoder.py first seen with mtime 1700493245.0
File /usr/lib/python3.10/asyncio/format_helpers.py first seen with mtime 1700493245.0
File /usr/lib/python3/dist-packages/django/db/models/query_utils.py first seen with mtime 1643698995.0
File /usr/lib/python3.10/wsgiref/__init__.py first seen with mtime 1700493245.0
File /usr/lib/python3/dist-packages/django/contrib/admin/templatetags/admin_list.py first seen with mtime 1643698995.0
File /usr/lib/python3.10/_sitebuiltins.py first seen with mtime 1700493245.0
File /usr/lib/python3/dist-packages/django/db/models/signals.py first seen with mtime 1643698711.0
File /usr/lib/python3.10/lib-dynload/_contextvars.cpython-310-x86_64-linux-gnu.so first seen with mtime 1700493245.0
File /usr/lib/python3.10/lib-dynload/_ssl.cpython-310-x86_64-linux-gnu.so first seen with mtime 1700493245.0
File /usr/lib/python3/dist-packages/django/core/handlers/__init__.py first seen with mtime 1607634634.0
File /usr/lib/python3/dist-packages/django/core/files/temp.py first seen with mtime 1643698711.0
File /usr/lib/python3.10/email/parser.py first seen with mtime 1700493245.0
File /usr/lib/python3/dist-packages/django/template/engine.py first seen with mtime 1643698995.0
File /usr/lib/python3/dist-packages/django/contrib/auth/hashers.py first seen with mtime 1643698995.0
File /usr/lib/python3.10/asyncio/mixins.py first seen with mtime 1700493245.0
File /usr/lib/python3/dist-packages/django/contrib/admin/templatetags/__init__.py first seen with mtime 1607634617.0
File /usr/lib/python3/dist-packages/django/core/signing.py first seen with mtime 1643698995.0
File /usr/lib/python3/dist-packages/django/db/models/functions/mixins.py first seen with mtime 1643698711.0
File /usr/lib/python3/dist-packages/django/template/defaultfilters.py first seen with mtime 1643698995.0
File /usr/lib/python3/dist-packages/django/core/management/color.py first seen with mtime 1643698711.0
File /usr/lib/python3.10/asyncio/log.py first seen with mtime 1700493245.0
File /usr/lib/python3/dist-packages/django/views/csrf.py first seen with mtime 1643698995.0
File /usr/lib/python3/dist-packages/django/views/debug.py first seen with mtime 1643698995.0
File /usr/lib/python3.10/fnmatch.py first seen with mtime 1700493245.0
File /usr/lib/python3/dist-packages/django/template/loaders/filesystem.py first seen with mtime 1607634634.0
File /usr/lib/python3.10/_markupbase.py first seen with mtime 1700493245.0
File /usr/lib/python3/dist-packages/django/views/generic/edit.py first seen with mtime 1643698995.0
File /usr/lib/python3.10/email/charset.py first seen with mtime 1700493245.0
File /usr/lib/python3/dist-packages/django/core/checks/security/base.py first seen with mtime 1643698995.0
File /usr/lib/python3/dist-packages/django/template/loaders/base.py first seen with mtime 1643698711.0
File /usr/lib/python3/dist-packages/django/db/models/fields/related.py first seen with mtime 1643698995.0
File /usr/lib/python3/dist-packages/django/db/backends/base/schema.py first seen with mtime 1643698995.0
File /usr/lib/python3/dist-packages/colorama/__init__.py first seen with mtime 1602564393.0
File /usr/lib/python3.10/email/message.py first seen with mtime 1700493245.0
File /usr/lib/python3/dist-packages/django/contrib/contenttypes/forms.py first seen with mtime 1643698711.0
File /usr/lib/python3.10/lib-dynload/_queue.cpython-310-x86_64-linux-gnu.so first seen with mtime 1700493245.0
File /usr/lib/python3/dist-packages/django/dispatch/__init__.py first seen with mtime 1607634634.0
File /usr/lib/python3/dist-packages/django/db/backends/ddl_references.py first seen with mtime 1643698711.0
File /usr/lib/python3/dist-packages/django/template/library.py first seen with mtime 1643698995.0
File /usr/lib/python3/dist-packages/django/contrib/staticfiles/management/__init__.py first seen with mtime 1643698711.0
File /usr/lib/python3/dist-packages/django/contrib/auth/forms.py first seen with mtime 1643698995.0
File /usr/lib/python3.10/_compat_pickle.py first seen with mtime 1700493245.0
File /usr/lib/python3/dist-packages/django/utils/regex_helper.py first seen with mtime 1643698712.0
File /usr/lib/python3.10/mimetypes.py first seen with mtime 1700493245.0
File /usr/lib/python3/dist-packages/django/contrib/auth/base_user.py first seen with mtime 1643698995.0
File /usr/lib/python3/dist-packages/django/db/backends/base/creation.py first seen with mtime 1643698711.0
File /usr/lib/python3.10/lib-dynload/_sqlite3.cpython-310-x86_64-linux-gnu.so first seen with mtime 1700493245.0
File /usr/lib/python3.10/email/utils.py first seen with mtime 1700493245.0
File /usr/lib/python3.10/collections/__init__.py first seen with mtime 1700493245.0
File /usr/lib/python3/dist-packages/django/contrib/staticfiles/views.py first seen with mtime 1643698711.0
File /usr/lib/python3.10/asyncio/coroutines.py first seen with mtime 1700493245.0
File /usr/lib/python3.10/posixpath.py first seen with mtime 1700493245.0
File /usr/lib/python3/dist-packages/django/contrib/staticfiles/management/commands/runserver.py first seen with mtime 1643698995.0
File /usr/lib/python3/dist-packages/django/http/multipartparser.py first seen with mtime 1708966424.0
File /usr/lib/python3.10/asyncio/transports.py first seen with mtime 1700493245.0
File /usr/lib/python3/dist-packages/django/templatetags/l10n.py first seen with mtime 1607634634.0
File /usr/lib/python3.10/stat.py first seen with mtime 1700493245.0
File /usr/lib/python3/dist-packages/django/contrib/admin/decorators.py first seen with mtime 1643698711.0
File /usr/lib/python3/dist-packages/django/utils/translation/trans_real.py first seen with mtime 1708966424.0
File /usr/lib/python3/dist-packages/django/core/files/base.py first seen with mtime 1607634634.0
File /usr/lib/python3.10/email/mime/base.py first seen with mtime 1700493245.0
File /usr/lib/python3/dist-packages/django/utils/inspect.py first seen with mtime 1643698712.0
File /home/link/Documentos/django3/alumnos/templates/alumnos first seen with mtime 1717421922.8167622
File /home/link/Documentos/django3/alumnos/templates/alumnos/alumnos_add.html first seen with mtime 1717431269.5294843
File /home/link/Documentos/django3/alumnos/templates/alumnos/alumnos_list.html first seen with mtime 1717430690.4179218
File /home/link/Documentos/django3/alumnos/templates/alumnos/index.html first seen with mtime 1717427397.290951
File /home/link/Documentos/django3/alumnos/templates/alumnos/listadoSQL.html first seen with mtime 1717426080.9381447
File /home/link/Documentos/django3/alumnos/templates/alumnos/alumnos_edit.html first seen with mtime 1717421922.8367624
File /usr/lib/python3/dist-packages/django/contrib/auth/migrations/0002_alter_permission_name_max_length.py first seen with mtime 1607634618.0
File /usr/lib/python3/dist-packages/django/db/models/sql/compiler.py first seen with mtime 1708966424.0
File /usr/lib/python3/dist-packages/django/contrib/sessions/migrations/__init__.py first seen with mtime 1607634631.0
File /usr/lib/python3.10/stringprep.py first seen with mtime 1700493245.0
File /usr/lib/python3/dist-packages/django/contrib/sessions/backends/base.py first seen with mtime 1643698995.0
File /usr/lib/python3/dist-packages/django/contrib/sessions/exceptions.py first seen with mtime 1643698711.0
File /usr/lib/python3/dist-packages/django/middleware/common.py first seen with mtime 1643698711.0
File /usr/lib/python3/dist-packages/django/contrib/auth/migrations/0011_update_proxy_permissions.py first seen with mtime 1643698711.0
File /usr/lib/python3/dist-packages/django/contrib/auth/migrations/0001_initial.py first seen with mtime 1643698995.0
File /usr/lib/python3/dist-packages/django/contrib/auth/migrations/0005_alter_user_last_login_null.py first seen with mtime 1607634618.0
File /usr/lib/python3/dist-packages/django/contrib/sessions/migrations/0001_initial.py first seen with mtime 1607634631.0
File /usr/lib/python3/dist-packages/django/contrib/auth/migrations/0003_alter_user_email_max_length.py first seen with mtime 1607634618.0
File /home/link/Documentos/django3/instituto/wsgi.py first seen with mtime 1716821850.5554547
File /usr/lib/python3/dist-packages/django/contrib/auth/migrations/__init__.py first seen with mtime 1607634618.0
File /usr/lib/python3/dist-packages/django/db/migrations/executor.py first seen with mtime 1643698995.0
File /usr/lib/python3/dist-packages/django/contrib/auth/migrations/0004_alter_user_username_opts.py first seen with mtime 1607634618.0
File /home/link/Documentos/django3/alumnos/migrations/0001_initial.py first seen with mtime 1717166853.1163907
File /home/link/Documentos/django3/alumnos/migrations/0005_auto_20240531_1748.py first seen with mtime 1717177684.2865407
File /usr/lib/python3/dist-packages/django/db/migrations/recorder.py first seen with mtime 1643698711.0
File /usr/lib/python3/dist-packages/django/contrib/contenttypes/migrations/__init__.py first seen with mtime 1607634618.0
File /usr/lib/python3/dist-packages/django/contrib/contenttypes/migrations/0002_remove_content_type_name.py first seen with mtime 1607634618.0
File /usr/lib/python3/dist-packages/django/contrib/auth/migrations/0006_require_contenttypes_0002.py first seen with mtime 1607634618.0
File /home/link/Documentos/django3/alumnos/migrations/__init__.py first seen with mtime 1716822287.7033017
File /usr/lib/python3/dist-packages/django/contrib/messages/middleware.py first seen with mtime 1607634631.0
File /usr/lib/python3/dist-packages/django/contrib/auth/migrations/0008_alter_user_username_max_length.py first seen with mtime 1607634618.0
File /home/link/Documentos/django3/alumnos/migrations/0006_auto_20240531_1748.py first seen with mtime 1717177731.3908193
File /usr/lib/python3/dist-packages/django/contrib/admin/migrations/0001_initial.py first seen with mtime 1643698995.0
File /usr/lib/python3/dist-packages/django/contrib/contenttypes/migrations/0001_initial.py first seen with mtime 1607634618.0
File /home/link/Documentos/django3/alumnos/migrations/0004_alumnoseccion.py first seen with mtime 1717169943.4391043
File /home/link/Documentos/django3/alumnos/migrations/0007_alter_alumnoseccion_id_alumno.py first seen with mtime 1717177753.626949
File /usr/lib/python3/dist-packages/django/contrib/sessions/backends/db.py first seen with mtime 1607634631.0
File /usr/lib/python3/dist-packages/django/contrib/admin/migrations/__init__.py first seen with mtime 1607634616.0
File /usr/lib/python3/dist-packages/django/contrib/admin/migrations/0003_logentry_add_action_flag_choices.py first seen with mtime 1607634616.0
File /home/link/Documentos/django3/alumnos/migrations/0003_seccion.py first seen with mtime 1717169455.585605
File /usr/lib/python3/dist-packages/django/middleware/clickjacking.py first seen with mtime 1643698711.0
File /usr/lib/python3/dist-packages/django/db/migrations/graph.py first seen with mtime 1643698995.0
File /usr/lib/python3/dist-packages/django/contrib/admin/migrations/0002_logentry_remove_auto_add.py first seen with mtime 1607634616.0
File /usr/lib/python3/dist-packages/django/contrib/auth/migrations/0012_alter_user_first_name_max_length.py first seen with mtime 1643698711.0
File /usr/lib/python3/dist-packages/django/contrib/auth/migrations/0009_alter_user_last_name_max_length.py first seen with mtime 1607634618.0
File /usr/lib/python3.10/encodings/idna.py first seen with mtime 1700493245.0
File /usr/lib/python3/dist-packages/django/contrib/auth/migrations/0007_alter_validators_add_error_messages.py first seen with mtime 1607634618.0
File /usr/lib/python3/dist-packages/django/contrib/auth/migrations/0010_alter_group_name_max_length.py first seen with mtime 1607634618.0
File /home/link/Documentos/django3/alumnos/migrations/0002_ramo.py first seen with mtime 1717167512.2934258
File /usr/lib/python3/dist-packages/django/db/migrations/loader.py first seen with mtime 1643698995.0
(0.000) SELECT "alumnos_genero"."idGenero", "alumnos_genero"."genero" FROM "alumnos_genero" WHERE "alumnos_genero"."idGenero" = 1 LIMIT 21; args=(1,)
(0.005) INSERT INTO "alumnos_alumno" ("rut", "nombre", "apellido_paterno", "apellido_materno", "fecha_nacimiento", "idGenero", "telefono", "email", "direccion", "activo") SELECT '4237748632', 'Dante', 'Sparda', 'Nephlim', '2024-06-03', 1, '523432', '3223', '42342', 1; args=('4237748632', 'Dante', 'Sparda', 'Nephlim', '2024-06-03', 1, '523432', '3223', '42342', 1)
(0.002) UPDATE "alumnos_alumno" SET "nombre" = 'Dante', "apellido_paterno" = 'Sparda', "apellido_materno" = 'Nephlim', "fecha_nacimiento" = '2024-06-03', "idGenero" = 1, "telefono" = '523432', "email" = '3223', "direccion" = '42342', "activo" = 1 WHERE "alumnos_alumno"."rut" = '4237748632'; args=('Dante', 'Sparda', 'Nephlim', '2024-06-03', 1, '523432', '3223', '42342', 1, '4237748632')
Exception while resolving variable 'generos' in template 'alumnos/alumnos_add.html'.
Traceback (most recent call last):
  File "/usr/lib/python3/dist-packages/django/template/base.py", line 829, in _resolve_lookup
    current = current[bit]
  File "/usr/lib/python3/dist-packages/django/template/context.py", line 83, in __getitem__
    raise KeyError(key)
KeyError: 'generos'

During handling of the above exception, another exception occurred:

Traceback (most recent call last):
  File "/usr/lib/python3/dist-packages/django/template/base.py", line 835, in _resolve_lookup
    if isinstance(current, BaseContext) and getattr(type(current), bit):
AttributeError: type object 'RequestContext' has no attribute 'generos'

During handling of the above exception, another exception occurred:

Traceback (most recent call last):
  File "/usr/lib/python3/dist-packages/django/template/base.py", line 843, in _resolve_lookup
    current = current[int(bit)]
ValueError: invalid literal for int() with base 10: 'generos'

During handling of the above exception, another exception occurred:

Traceback (most recent call last):
  File "/usr/lib/python3/dist-packages/django/template/base.py", line 848, in _resolve_lookup
    raise VariableDoesNotExist("Failed lookup for key "
django.template.base.VariableDoesNotExist: Failed lookup for key [generos] in [{'True': True, 'False': False, 'None': None}, {'csrf_token': <SimpleLazyObject: 'zsMPERcmSZzqf038yPFP84zPqlP6ik7cxyidmSVOzLeLSWqkEfGSumi6x7z0yWy7'>, 'request': <WSGIRequest: POST '/alumnos/alumnosAdd'>, 'user': <SimpleLazyObject: <function AuthenticationMiddleware.process_request.<locals>.<lambda> at 0x716b5d1e3520>>, 'perms': <django.contrib.auth.context_processors.PermWrapper object at 0x716b5d2b6080>, 'messages': <django.contrib.messages.storage.fallback.FallbackStorage object at 0x716b5d1d2050>, 'DEFAULT_MESSAGE_LEVELS': {'DEBUG': 10, 'INFO': 20, 'SUCCESS': 25, 'WARNING': 30, 'ERROR': 40}}, {}, {'mensaje': 'OK, datos grabados...'}, {}]
"POST /alumnos/alumnosAdd HTTP/1.1" 200 1698
File /usr/lib/python3/dist-packages/django/contrib/messages/storage/fallback.py first seen with mtime 1607634631.0
File /usr/lib/python3/dist-packages/django/contrib/messages/utils.py first seen with mtime 1607634631.0
File /usr/lib/python3/dist-packages/django/contrib/messages/storage/session.py first seen with mtime 1643698995.0
File /usr/lib/python3/dist-packages/django/contrib/messages/storage/base.py first seen with mtime 1643698995.0
File /usr/lib/python3/dist-packages/django/template/context_processors.py first seen with mtime 1643698711.0
File /usr/lib/python3/dist-packages/django/contrib/auth/context_processors.py first seen with mtime 1643698995.0
File /usr/lib/python3/dist-packages/django/contrib/sessions/serializers.py first seen with mtime 1643698995.0
File /usr/lib/python3/dist-packages/django/contrib/messages/context_processors.py first seen with mtime 1607634631.0
File /usr/lib/python3/dist-packages/django/contrib/messages/storage/cookie.py first seen with mtime 1643698995.0
Internal Server Error: /alumnos/alumnosAdd
Traceback (most recent call last):
  File "/usr/lib/python3/dist-packages/django/utils/datastructures.py", line 76, in __getitem__
    list_ = super().__getitem__(key)
KeyError: 'genero'

During handling of the above exception, another exception occurred:

Traceback (most recent call last):
  File "/usr/lib/python3/dist-packages/django/core/handlers/exception.py", line 47, in inner
    response = get_response(request)
  File "/usr/lib/python3/dist-packages/django/core/handlers/base.py", line 181, in _get_response
    response = wrapped_callback(request, *callback_args, **callback_kwargs)
  File "/home/link/Documentos/django3/alumnos/views.py", line 32, in alumnosAdd
    genero = request.POST["genero"]
  File "/usr/lib/python3/dist-packages/django/utils/datastructures.py", line 78, in __getitem__
    raise MultiValueDictKeyError(key)
django.utils.datastructures.MultiValueDictKeyError: 'genero'
"POST /alumnos/alumnosAdd HTTP/1.1" 500 76469
File /usr/lib/python3/dist-packages/django/conf/locale/en/__init__.py first seen with mtime 1607634615.0
File /usr/lib/python3/dist-packages/django/conf/locale/en/formats.py first seen with mtime 1643698995.0
(0.000) SELECT "alumnos_alumno"."rut", "alumnos_alumno"."nombre", "alumnos_alumno"."apellido_paterno", "alumnos_alumno"."apellido_materno", "alumnos_alumno"."fecha_nacimiento", "alumnos_alumno"."idGenero", "alumnos_alumno"."telefono", "alumnos_alumno"."email", "alumnos_alumno"."direccion", "alumnos_alumno"."activo" FROM "alumnos_alumno" LIMIT 21; args=()
Exception while resolving variable 'mensaje' in template 'alumnos/alumnos_list.html'.
Traceback (most recent call last):
  File "/usr/lib/python3/dist-packages/django/template/base.py", line 829, in _resolve_lookup
    current = current[bit]
  File "/usr/lib/python3/dist-packages/django/template/context.py", line 83, in __getitem__
    raise KeyError(key)
KeyError: 'mensaje'

During handling of the above exception, another exception occurred:

Traceback (most recent call last):
  File "/usr/lib/python3/dist-packages/django/template/base.py", line 835, in _resolve_lookup
    if isinstance(current, BaseContext) and getattr(type(current), bit):
AttributeError: type object 'RequestContext' has no attribute 'mensaje'

During handling of the above exception, another exception occurred:

Traceback (most recent call last):
  File "/usr/lib/python3/dist-packages/django/template/base.py", line 843, in _resolve_lookup
    current = current[int(bit)]
ValueError: invalid literal for int() with base 10: 'mensaje'

During handling of the above exception, another exception occurred:

Traceback (most recent call last):
  File "/usr/lib/python3/dist-packages/django/template/base.py", line 848, in _resolve_lookup
    raise VariableDoesNotExist("Failed lookup for key "
django.template.base.VariableDoesNotExist: Failed lookup for key [mensaje] in [{'True': True, 'False': False, 'None': None}, {'csrf_token': <SimpleLazyObject: <function csrf.<locals>._get_val at 0x716b5d223250>>, 'request': <WSGIRequest: GET '/alumnos/crud'>, 'user': <SimpleLazyObject: <function AuthenticationMiddleware.process_request.<locals>.<lambda> at 0x716b5d222b90>>, 'perms': <django.contrib.auth.context_processors.PermWrapper object at 0x716b5d2b6320>, 'messages': <django.contrib.messages.storage.fallback.FallbackStorage object at 0x716b5d2b7340>, 'DEFAULT_MESSAGE_LEVELS': {'DEBUG': 10, 'INFO': 20, 'SUCCESS': 25, 'WARNING': 30, 'ERROR': 40}}, {}, {'alumnos': <QuerySet [<Alumno: Link Kokiry>, <Alumno: Max Steel>, <Alumno: Dante Sparda>]>}]
(0.000) SELECT "alumnos_alumno"."rut", "alumnos_alumno"."nombre", "alumnos_alumno"."apellido_paterno", "alumnos_alumno"."apellido_materno", "alumnos_alumno"."fecha_nacimiento", "alumnos_alumno"."idGenero", "alumnos_alumno"."telefono", "alumnos_alumno"."email", "alumnos_alumno"."direccion", "alumnos_alumno"."activo" FROM "alumnos_alumno"; args=()
"GET /alumnos/crud HTTP/1.1" 200 2420
"GET /static/css/style.css HTTP/1.1" 404 1798
"GET /static/js/main.js HTTP/1.1" 404 1789
File /usr/lib/python3/dist-packages/django/contrib/staticfiles/storage.py first seen with mtime 1643698995.0
(0.000) SELECT "alumnos_genero"."idGenero", "alumnos_genero"."genero" FROM "alumnos_genero"; args=()
"GET /alumnos/alumnosAdd HTTP/1.1" 200 1837
(0.000) SELECT "alumnos_genero"."idGenero", "alumnos_genero"."genero" FROM "alumnos_genero" WHERE "alumnos_genero"."idGenero" = 1 LIMIT 21; args=(1,)
(0.000) SELECT "alumnos_alumno"."rut", "alumnos_alumno"."nombre", "alumnos_alumno"."apellido_paterno", "alumnos_alumno"."apellido_materno", "alumnos_alumno"."fecha_nacimiento", "alumnos_alumno"."idGenero", "alumnos_alumno"."telefono", "alumnos_alumno"."email", "alumnos_alumno"."direccion", "alumnos_alumno"."activo" FROM "alumnos_alumno" LIMIT 21; args=()
(0.000) SELECT "alumnos_alumno"."rut", "alumnos_alumno"."nombre", "alumnos_alumno"."apellido_paterno", "alumnos_alumno"."apellido_materno", "alumnos_alumno"."fecha_nacimiento", "alumnos_alumno"."idGenero", "alumnos_alumno"."telefono", "alumnos_alumno"."email", "alumnos_alumno"."direccion", "alumnos_alumno"."activo" FROM "alumnos_alumno" LIMIT 21; args=()
Internal Server Error: /alumnos/alumnosAdd
Traceback (most recent call last):
  File "/usr/lib/python3/dist-packages/django/core/handlers/exception.py", line 47, in inner
    response = get_response(request)
  File "/usr/lib/python3/dist-packages/django/core/handlers/base.py", line 181, in _get_response
    response = wrapped_callback(request, *callback_args, **callback_kwargs)
  File "/home/link/Documentos/django3/alumnos/views.py", line 39, in alumnosAdd
    obj = Alumno.objects.create(
  File "/usr/lib/python3/dist-packages/django/db/models/manager.py", line 85, in manager_method
    return getattr(self.get_queryset(), name)(*args, **kwargs)
  File "/usr/lib/python3/dist-packages/django/db/models/query.py", line 453, in create
    obj.save(force_insert=True, using=self.db)
  File "/usr/lib/python3/dist-packages/django/db/models/base.py", line 739, in save
    self.save_base(using=using, force_insert=force_insert,
  File "/usr/lib/python3/dist-packages/django/db/models/base.py", line 776, in save_base
    updated = self._save_table(
  File "/usr/lib/python3/dist-packages/django/db/models/base.py", line 881, in _save_table
    results = self._do_insert(cls._base_manager, using, fields, returning_fields, raw)
  File "/usr/lib/python3/dist-packages/django/db/models/base.py", line 919, in _do_insert
    return manager._insert(
  File "/usr/lib/python3/dist-packages/django/db/models/manager.py", line 85, in manager_method
    return getattr(self.get_queryset(), name)(*args, **kwargs)
  File "/usr/lib/python3/dist-packages/django/db/models/query.py", line 1270, in _insert
    return query.get_compiler(using=using).execute_sql(returning_fields)
  File "/usr/lib/python3/dist-packages/django/db/models/sql/compiler.py", line 1415, in execute_sql
    for sql, params in self.as_sql():
  File "/usr/lib/python3/dist-packages/django/db/models/sql/compiler.py", line 1358, in as_sql
    value_rows = [
  File "/usr/lib/python3/dist-packages/django/db/models/sql/compiler.py", line 1359, in <listcomp>
    [self.prepare_value(field, self.pre_save_val(field, obj)) for field in fields]
  File "/usr/lib/python3/dist-packages/django/db/models/sql/compiler.py", line 1359, in <listcomp>
    [self.prepare_value(field, self.pre_save_val(field, obj)) for field in fields]
  File "/usr/lib/python3/dist-packages/django/db/models/sql/compiler.py", line 1300, in prepare_value
    value = field.get_db_prep_save(value, connection=self.connection)
  File "/usr/lib/python3/dist-packages/django/db/models/fields/__init__.py", line 842, in get_db_prep_save
    return self.get_db_prep_value(value, connection=connection, prepared=False)
  File "/usr/lib/python3/dist-packages/django/db/models/fields/__init__.py", line 1271, in get_db_prep_value
    value = self.get_prep_value(value)
  File "/usr/lib/python3/dist-packages/django/db/models/fields/__init__.py", line 1266, in get_prep_value
    return self.to_python(value)
  File "/usr/lib/python3/dist-packages/django/db/models/fields/__init__.py", line 1238, in to_python
    raise exceptions.ValidationError(
django.core.exceptions.ValidationError: [' value has an invalid date format. It must be in YYYY-MM-DD format.']
"POST /alumnos/alumnosAdd HTTP/1.1" 500 151811
(0.001) SELECT "alumnos_genero"."idGenero", "alumnos_genero"."genero" FROM "alumnos_genero" WHERE "alumnos_genero"."idGenero" = 1 LIMIT 21; args=(1,)
(0.000) INSERT INTO "alumnos_alumno" ("rut", "nombre", "apellido_paterno", "apellido_materno", "fecha_nacimiento", "idGenero", "telefono", "email", "direccion", "activo") SELECT '4237748632', 'Dante', '', '', '2024-06-04', 1, '', '', '', 1; args=('4237748632', 'Dante', '', '', '2024-06-04', 1, '', '', '', 1)
(0.000) SELECT "alumnos_alumno"."rut", "alumnos_alumno"."nombre", "alumnos_alumno"."apellido_paterno", "alumnos_alumno"."apellido_materno", "alumnos_alumno"."fecha_nacimiento", "alumnos_alumno"."idGenero", "alumnos_alumno"."telefono", "alumnos_alumno"."email", "alumnos_alumno"."direccion", "alumnos_alumno"."activo" FROM "alumnos_alumno" LIMIT 21; args=()
(0.000) SELECT "alumnos_alumno"."rut", "alumnos_alumno"."nombre", "alumnos_alumno"."apellido_paterno", "alumnos_alumno"."apellido_materno", "alumnos_alumno"."fecha_nacimiento", "alumnos_alumno"."idGenero", "alumnos_alumno"."telefono", "alumnos_alumno"."email", "alumnos_alumno"."direccion", "alumnos_alumno"."activo" FROM "alumnos_alumno" LIMIT 21; args=()
Internal Server Error: /alumnos/alumnosAdd
Traceback (most recent call last):
  File "/usr/lib/python3/dist-packages/django/db/backends/utils.py", line 84, in _execute
    return self.cursor.execute(sql, params)
  File "/usr/lib/python3/dist-packages/django/db/backends/sqlite3/base.py", line 423, in execute
    return Database.Cursor.execute(self, query, params)
sqlite3.IntegrityError: UNIQUE constraint failed: alumnos_alumno.rut

The above exception was the direct cause of the following exception:

Traceback (most recent call last):
  File "/usr/lib/python3/dist-packages/django/core/handlers/exception.py", line 47, in inner
    response = get_response(request)
  File "/usr/lib/python3/dist-packages/django/core/handlers/base.py", line 181, in _get_response
    response = wrapped_callback(request, *callback_args, **callback_kwargs)
  File "/home/link/Documentos/django3/alumnos/views.py", line 39, in alumnosAdd
    obj = Alumno.objects.create(
  File "/usr/lib/python3/dist-packages/django/db/models/manager.py", line 85, in manager_method
    return getattr(self.get_queryset(), name)(*args, **kwargs)
  File "/usr/lib/python3/dist-packages/django/db/models/query.py", line 453, in create
    obj.save(force_insert=True, using=self.db)
  File "/usr/lib/python3/dist-packages/django/db/models/base.py", line 739, in save
    self.save_base(using=using, force_insert=force_insert,
  File "/usr/lib/python3/dist-packages/django/db/models/base.py", line 776, in save_base
    updated = self._save_table(
  File "/usr/lib/python3/dist-packages/django/db/models/base.py", line 881, in _save_table
    results = self._do_insert(cls._base_manager, using, fields, returning_fields, raw)
  File "/usr/lib/python3/dist-packages/django/db/models/base.py", line 919, in _do_insert
    return manager._insert(
  File "/usr/lib/python3/dist-packages/django/db/models/manager.py", line 85, in manager_method
    return getattr(self.get_queryset(), name)(*args, **kwargs)
  File "/usr/lib/python3/dist-packages/django/db/models/query.py", line 1270, in _insert
    return query.get_compiler(using=using).execute_sql(returning_fields)
  File "/usr/lib/python3/dist-packages/django/db/models/sql/compiler.py", line 1416, in execute_sql
    cursor.execute(sql, params)
  File "/usr/lib/python3/dist-packages/django/db/backends/utils.py", line 98, in execute
    return super().execute(sql, params)
  File "/usr/lib/python3/dist-packages/django/db/backends/utils.py", line 66, in execute
    return self._execute_with_wrappers(sql, params, many=False, executor=self._execute)
  File "/usr/lib/python3/dist-packages/django/db/backends/utils.py", line 75, in _execute_with_wrappers
    return executor(sql, params, many, context)
  File "/usr/lib/python3/dist-packages/django/db/backends/utils.py", line 79, in _execute
    with self.db.wrap_database_errors:
  File "/usr/lib/python3/dist-packages/django/db/utils.py", line 90, in __exit__
    raise dj_exc_value.with_traceback(traceback) from exc_value
  File "/usr/lib/python3/dist-packages/django/db/backends/utils.py", line 84, in _execute
    return self.cursor.execute(sql, params)
  File "/usr/lib/python3/dist-packages/django/db/backends/sqlite3/base.py", line 423, in execute
    return Database.Cursor.execute(self, query, params)
django.db.utils.IntegrityError: UNIQUE constraint failed: alumnos_alumno.rut
"POST /alumnos/alumnosAdd HTTP/1.1" 500 160769
(0.000) SELECT "alumnos_genero"."idGenero", "alumnos_genero"."genero" FROM "alumnos_genero" WHERE "alumnos_genero"."idGenero" = 1 LIMIT 21; args=(1,)
(0.003) INSERT INTO "alumnos_alumno" ("rut", "nombre", "apellido_paterno", "apellido_materno", "fecha_nacimiento", "idGenero", "telefono", "email", "direccion", "activo") SELECT '423774863266', 'Dante', '', '', '2024-06-04', 1, '', '', '', 1; args=('423774863266', 'Dante', '', '', '2024-06-04', 1, '', '', '', 1)
(0.002) UPDATE "alumnos_alumno" SET "nombre" = 'Dante', "apellido_paterno" = '', "apellido_materno" = '', "fecha_nacimiento" = '2024-06-04', "idGenero" = 1, "telefono" = '', "email" = '', "direccion" = '', "activo" = 1 WHERE "alumnos_alumno"."rut" = '423774863266'; args=('Dante', '', '', '2024-06-04', 1, '', '', '', 1, '423774863266')
Exception while resolving variable 'generos' in template 'alumnos/alumnos_add.html'.
Traceback (most recent call last):
  File "/usr/lib/python3/dist-packages/django/template/base.py", line 829, in _resolve_lookup
    current = current[bit]
  File "/usr/lib/python3/dist-packages/django/template/context.py", line 83, in __getitem__
    raise KeyError(key)
KeyError: 'generos'

During handling of the above exception, another exception occurred:

Traceback (most recent call last):
  File "/usr/lib/python3/dist-packages/django/template/base.py", line 835, in _resolve_lookup
    if isinstance(current, BaseContext) and getattr(type(current), bit):
AttributeError: type object 'RequestContext' has no attribute 'generos'

During handling of the above exception, another exception occurred:

Traceback (most recent call last):
  File "/usr/lib/python3/dist-packages/django/template/base.py", line 843, in _resolve_lookup
    current = current[int(bit)]
ValueError: invalid literal for int() with base 10: 'generos'

During handling of the above exception, another exception occurred:

Traceback (most recent call last):
  File "/usr/lib/python3/dist-packages/django/template/base.py", line 848, in _resolve_lookup
    raise VariableDoesNotExist("Failed lookup for key "
django.template.base.VariableDoesNotExist: Failed lookup for key [generos] in [{'True': True, 'False': False, 'None': None}, {'csrf_token': <SimpleLazyObject: 'VFOxqMHfK4p0z9qcmWWpjJGSGthbwpacTLkV8NqHrQ4lc5NosmXsF1p9Nf15M1B7'>, 'request': <WSGIRequest: POST '/alumnos/alumnosAdd'>, 'user': <SimpleLazyObject: <function AuthenticationMiddleware.process_request.<locals>.<lambda> at 0x716b4ffd7490>>, 'perms': <django.contrib.auth.context_processors.PermWrapper object at 0x716b4ff68340>, 'messages': <django.contrib.messages.storage.fallback.FallbackStorage object at 0x716b5c1a3220>, 'DEFAULT_MESSAGE_LEVELS': {'DEBUG': 10, 'INFO': 20, 'SUCCESS': 25, 'WARNING': 30, 'ERROR': 40}}, {}, {'mensaje': 'OK, datos grabados...'}, {}]
"POST /alumnos/alumnosAdd HTTP/1.1" 200 1698
(0.000) SELECT "alumnos_alumno"."rut", "alumnos_alumno"."nombre", "alumnos_alumno"."apellido_paterno", "alumnos_alumno"."apellido_materno", "alumnos_alumno"."fecha_nacimiento", "alumnos_alumno"."idGenero", "alumnos_alumno"."telefono", "alumnos_alumno"."email", "alumnos_alumno"."direccion", "alumnos_alumno"."activo" FROM "alumnos_alumno" LIMIT 21; args=()
Exception while resolving variable 'mensaje' in template 'alumnos/alumnos_list.html'.
Traceback (most recent call last):
  File "/usr/lib/python3/dist-packages/django/template/base.py", line 829, in _resolve_lookup
    current = current[bit]
  File "/usr/lib/python3/dist-packages/django/template/context.py", line 83, in __getitem__
    raise KeyError(key)
KeyError: 'mensaje'

During handling of the above exception, another exception occurred:

Traceback (most recent call last):
  File "/usr/lib/python3/dist-packages/django/template/base.py", line 835, in _resolve_lookup
    if isinstance(current, BaseContext) and getattr(type(current), bit):
AttributeError: type object 'RequestContext' has no attribute 'mensaje'

During handling of the above exception, another exception occurred:

Traceback (most recent call last):
  File "/usr/lib/python3/dist-packages/django/template/base.py", line 843, in _resolve_lookup
    current = current[int(bit)]
ValueError: invalid literal for int() with base 10: 'mensaje'

During handling of the above exception, another exception occurred:

Traceback (most recent call last):
  File "/usr/lib/python3/dist-packages/django/template/base.py", line 848, in _resolve_lookup
    raise VariableDoesNotExist("Failed lookup for key "
django.template.base.VariableDoesNotExist: Failed lookup for key [mensaje] in [{'True': True, 'False': False, 'None': None}, {'csrf_token': <SimpleLazyObject: <function csrf.<locals>._get_val at 0x716b4ff12cb0>>, 'request': <WSGIRequest: GET '/alumnos/crud'>, 'user': <SimpleLazyObject: <function AuthenticationMiddleware.process_request.<locals>.<lambda> at 0x716b4ff13c70>>, 'perms': <django.contrib.auth.context_processors.PermWrapper object at 0x716b4ff68970>, 'messages': <django.contrib.messages.storage.fallback.FallbackStorage object at 0x716b5c1a3d90>, 'DEFAULT_MESSAGE_LEVELS': {'DEBUG': 10, 'INFO': 20, 'SUCCESS': 25, 'WARNING': 30, 'ERROR': 40}}, {}, {'alumnos': <QuerySet [<Alumno: Link Kokiry>, <Alumno: Max Steel>, <Alumno: Dante Sparda>, <Alumno: Dante >]>}]
(0.000) SELECT "alumnos_alumno"."rut", "alumnos_alumno"."nombre", "alumnos_alumno"."apellido_paterno", "alumnos_alumno"."apellido_materno", "alumnos_alumno"."fecha_nacimiento", "alumnos_alumno"."idGenero", "alumnos_alumno"."telefono", "alumnos_alumno"."email", "alumnos_alumno"."direccion", "alumnos_alumno"."activo" FROM "alumnos_alumno"; args=()
"GET /alumnos/crud HTTP/1.1" 200 2609
"GET /static/css/style.css HTTP/1.1" 404 1798
"GET /static/js/main.js HTTP/1.1" 404 1789
File /home/link/Documentos/django3/alumnos/templates/alumnos/alumnos_list.html previous mtime: 1717430690.4179218, current mtime: 1717431631.325554
/home/link/Documentos/django3/alumnos/templates/alumnos/alumnos_list.html notified as changed. Signal results: [(<function template_changed at 0x716b5e56dc60>, True), (<function translation_file_changed at 0x716b5dd97130>, None)].
(0.000) SELECT "alumnos_alumno"."rut", "alumnos_alumno"."nombre", "alumnos_alumno"."apellido_paterno", "alumnos_alumno"."apellido_materno", "alumnos_alumno"."fecha_nacimiento", "alumnos_alumno"."idGenero", "alumnos_alumno"."telefono", "alumnos_alumno"."email", "alumnos_alumno"."direccion", "alumnos_alumno"."activo" FROM "alumnos_alumno" LIMIT 21; args=()
Exception while resolving variable 'mensaje' in template 'alumnos/alumnos_list.html'.
Traceback (most recent call last):
  File "/usr/lib/python3/dist-packages/django/template/base.py", line 829, in _resolve_lookup
    current = current[bit]
  File "/usr/lib/python3/dist-packages/django/template/context.py", line 83, in __getitem__
    raise KeyError(key)
KeyError: 'mensaje'

During handling of the above exception, another exception occurred:

Traceback (most recent call last):
  File "/usr/lib/python3/dist-packages/django/template/base.py", line 835, in _resolve_lookup
    if isinstance(current, BaseContext) and getattr(type(current), bit):
AttributeError: type object 'RequestContext' has no attribute 'mensaje'

During handling of the above exception, another exception occurred:

Traceback (most recent call last):
  File "/usr/lib/python3/dist-packages/django/template/base.py", line 843, in _resolve_lookup
    current = current[int(bit)]
ValueError: invalid literal for int() with base 10: 'mensaje'

During handling of the above exception, another exception occurred:

Traceback (most recent call last):
  File "/usr/lib/python3/dist-packages/django/template/base.py", line 848, in _resolve_lookup
    raise VariableDoesNotExist("Failed lookup for key "
django.template.base.VariableDoesNotExist: Failed lookup for key [mensaje] in [{'True': True, 'False': False, 'None': None}, {'csrf_token': <SimpleLazyObject: <function csrf.<locals>._get_val at 0x716b4ffd7490>>, 'request': <WSGIRequest: GET '/alumnos/crud'>, 'user': <SimpleLazyObject: <function AuthenticationMiddleware.process_request.<locals>.<lambda> at 0x716b5d222a70>>, 'perms': <django.contrib.auth.context_processors.PermWrapper object at 0x716b4ff6a7a0>, 'messages': <django.contrib.messages.storage.fallback.FallbackStorage object at 0x716b5c1a3a60>, 'DEFAULT_MESSAGE_LEVELS': {'DEBUG': 10, 'INFO': 20, 'SUCCESS': 25, 'WARNING': 30, 'ERROR': 40}}, {}, {'alumnos': <QuerySet [<Alumno: Link Kokiry>, <Alumno: Max Steel>, <Alumno: Dante Sparda>, <Alumno: Dante >]>}]
(0.000) SELECT "alumnos_alumno"."rut", "alumnos_alumno"."nombre", "alumnos_alumno"."apellido_paterno", "alumnos_alumno"."apellido_materno", "alumnos_alumno"."fecha_nacimiento", "alumnos_alumno"."idGenero", "alumnos_alumno"."telefono", "alumnos_alumno"."email", "alumnos_alumno"."direccion", "alumnos_alumno"."activo" FROM "alumnos_alumno"; args=()
"GET /alumnos/crud HTTP/1.1" 200 2621
"GET /static/css/style.css HTTP/1.1" 404 1798
"GET /static/js/main.js HTTP/1.1" 404 1789
(0.001) SELECT "alumnos_genero"."idGenero", "alumnos_genero"."genero" FROM "alumnos_genero"; args=()
"GET /alumnos/alumnosAdd HTTP/1.1" 200 1837
(0.000) SELECT "alumnos_genero"."idGenero", "alumnos_genero"."genero" FROM "alumnos_genero" WHERE "alumnos_genero"."idGenero" = 1 LIMIT 21; args=(1,)
(0.000) SELECT "alumnos_alumno"."rut", "alumnos_alumno"."nombre", "alumnos_alumno"."apellido_paterno", "alumnos_alumno"."apellido_materno", "alumnos_alumno"."fecha_nacimiento", "alumnos_alumno"."idGenero", "alumnos_alumno"."telefono", "alumnos_alumno"."email", "alumnos_alumno"."direccion", "alumnos_alumno"."activo" FROM "alumnos_alumno" LIMIT 21; args=()
(0.000) SELECT "alumnos_alumno"."rut", "alumnos_alumno"."nombre", "alumnos_alumno"."apellido_paterno", "alumnos_alumno"."apellido_materno", "alumnos_alumno"."fecha_nacimiento", "alumnos_alumno"."idGenero", "alumnos_alumno"."telefono", "alumnos_alumno"."email", "alumnos_alumno"."direccion", "alumnos_alumno"."activo" FROM "alumnos_alumno" LIMIT 21; args=()
Internal Server Error: /alumnos/alumnosAdd
Traceback (most recent call last):
  File "/usr/lib/python3/dist-packages/django/core/handlers/exception.py", line 47, in inner
    response = get_response(request)
  File "/usr/lib/python3/dist-packages/django/core/handlers/base.py", line 181, in _get_response
    response = wrapped_callback(request, *callback_args, **callback_kwargs)
  File "/home/link/Documentos/django3/alumnos/views.py", line 39, in alumnosAdd
    obj = Alumno.objects.create(
  File "/usr/lib/python3/dist-packages/django/db/models/manager.py", line 85, in manager_method
    return getattr(self.get_queryset(), name)(*args, **kwargs)
  File "/usr/lib/python3/dist-packages/django/db/models/query.py", line 453, in create
    obj.save(force_insert=True, using=self.db)
  File "/usr/lib/python3/dist-packages/django/db/models/base.py", line 739, in save
    self.save_base(using=using, force_insert=force_insert,
  File "/usr/lib/python3/dist-packages/django/db/models/base.py", line 776, in save_base
    updated = self._save_table(
  File "/usr/lib/python3/dist-packages/django/db/models/base.py", line 881, in _save_table
    results = self._do_insert(cls._base_manager, using, fields, returning_fields, raw)
  File "/usr/lib/python3/dist-packages/django/db/models/base.py", line 919, in _do_insert
    return manager._insert(
  File "/usr/lib/python3/dist-packages/django/db/models/manager.py", line 85, in manager_method
    return getattr(self.get_queryset(), name)(*args, **kwargs)
  File "/usr/lib/python3/dist-packages/django/db/models/query.py", line 1270, in _insert
    return query.get_compiler(using=using).execute_sql(returning_fields)
  File "/usr/lib/python3/dist-packages/django/db/models/sql/compiler.py", line 1415, in execute_sql
    for sql, params in self.as_sql():
  File "/usr/lib/python3/dist-packages/django/db/models/sql/compiler.py", line 1358, in as_sql
    value_rows = [
  File "/usr/lib/python3/dist-packages/django/db/models/sql/compiler.py", line 1359, in <listcomp>
    [self.prepare_value(field, self.pre_save_val(field, obj)) for field in fields]
  File "/usr/lib/python3/dist-packages/django/db/models/sql/compiler.py", line 1359, in <listcomp>
    [self.prepare_value(field, self.pre_save_val(field, obj)) for field in fields]
  File "/usr/lib/python3/dist-packages/django/db/models/sql/compiler.py", line 1300, in prepare_value
    value = field.get_db_prep_save(value, connection=self.connection)
  File "/usr/lib/python3/dist-packages/django/db/models/fields/__init__.py", line 842, in get_db_prep_save
    return self.get_db_prep_value(value, connection=connection, prepared=False)
  File "/usr/lib/python3/dist-packages/django/db/models/fields/__init__.py", line 1271, in get_db_prep_value
    value = self.get_prep_value(value)
  File "/usr/lib/python3/dist-packages/django/db/models/fields/__init__.py", line 1266, in get_prep_value
    return self.to_python(value)
  File "/usr/lib/python3/dist-packages/django/db/models/fields/__init__.py", line 1238, in to_python
    raise exceptions.ValidationError(
django.core.exceptions.ValidationError: [' value has an invalid date format. It must be in YYYY-MM-DD format.']
"POST /alumnos/alumnosAdd HTTP/1.1" 500 152310
(0.000) SELECT "alumnos_genero"."idGenero", "alumnos_genero"."genero" FROM "alumnos_genero" WHERE "alumnos_genero"."idGenero" = 1 LIMIT 21; args=(1,)
(0.000) INSERT INTO "alumnos_alumno" ("rut", "nombre", "apellido_paterno", "apellido_materno", "fecha_nacimiento", "idGenero", "telefono", "email", "direccion", "activo") SELECT '4237748632', '', '', '', '2024-06-03', 1, '', '', '', 1; args=('4237748632', '', '', '', '2024-06-03', 1, '', '', '', 1)
(0.000) SELECT "alumnos_alumno"."rut", "alumnos_alumno"."nombre", "alumnos_alumno"."apellido_paterno", "alumnos_alumno"."apellido_materno", "alumnos_alumno"."fecha_nacimiento", "alumnos_alumno"."idGenero", "alumnos_alumno"."telefono", "alumnos_alumno"."email", "alumnos_alumno"."direccion", "alumnos_alumno"."activo" FROM "alumnos_alumno" LIMIT 21; args=()
(0.000) SELECT "alumnos_alumno"."rut", "alumnos_alumno"."nombre", "alumnos_alumno"."apellido_paterno", "alumnos_alumno"."apellido_materno", "alumnos_alumno"."fecha_nacimiento", "alumnos_alumno"."idGenero", "alumnos_alumno"."telefono", "alumnos_alumno"."email", "alumnos_alumno"."direccion", "alumnos_alumno"."activo" FROM "alumnos_alumno" LIMIT 21; args=()
Internal Server Error: /alumnos/alumnosAdd
Traceback (most recent call last):
  File "/usr/lib/python3/dist-packages/django/db/backends/utils.py", line 84, in _execute
    return self.cursor.execute(sql, params)
  File "/usr/lib/python3/dist-packages/django/db/backends/sqlite3/base.py", line 423, in execute
    return Database.Cursor.execute(self, query, params)
sqlite3.IntegrityError: UNIQUE constraint failed: alumnos_alumno.email

The above exception was the direct cause of the following exception:

Traceback (most recent call last):
  File "/usr/lib/python3/dist-packages/django/core/handlers/exception.py", line 47, in inner
    response = get_response(request)
  File "/usr/lib/python3/dist-packages/django/core/handlers/base.py", line 181, in _get_response
    response = wrapped_callback(request, *callback_args, **callback_kwargs)
  File "/home/link/Documentos/django3/alumnos/views.py", line 39, in alumnosAdd
    obj = Alumno.objects.create(
  File "/usr/lib/python3/dist-packages/django/db/models/manager.py", line 85, in manager_method
    return getattr(self.get_queryset(), name)(*args, **kwargs)
  File "/usr/lib/python3/dist-packages/django/db/models/query.py", line 453, in create
    obj.save(force_insert=True, using=self.db)
  File "/usr/lib/python3/dist-packages/django/db/models/base.py", line 739, in save
    self.save_base(using=using, force_insert=force_insert,
  File "/usr/lib/python3/dist-packages/django/db/models/base.py", line 776, in save_base
    updated = self._save_table(
  File "/usr/lib/python3/dist-packages/django/db/models/base.py", line 881, in _save_table
    results = self._do_insert(cls._base_manager, using, fields, returning_fields, raw)
  File "/usr/lib/python3/dist-packages/django/db/models/base.py", line 919, in _do_insert
    return manager._insert(
  File "/usr/lib/python3/dist-packages/django/db/models/manager.py", line 85, in manager_method
    return getattr(self.get_queryset(), name)(*args, **kwargs)
  File "/usr/lib/python3/dist-packages/django/db/models/query.py", line 1270, in _insert
    return query.get_compiler(using=using).execute_sql(returning_fields)
  File "/usr/lib/python3/dist-packages/django/db/models/sql/compiler.py", line 1416, in execute_sql
    cursor.execute(sql, params)
  File "/usr/lib/python3/dist-packages/django/db/backends/utils.py", line 98, in execute
    return super().execute(sql, params)
  File "/usr/lib/python3/dist-packages/django/db/backends/utils.py", line 66, in execute
    return self._execute_with_wrappers(sql, params, many=False, executor=self._execute)
  File "/usr/lib/python3/dist-packages/django/db/backends/utils.py", line 75, in _execute_with_wrappers
    return executor(sql, params, many, context)
  File "/usr/lib/python3/dist-packages/django/db/backends/utils.py", line 79, in _execute
    with self.db.wrap_database_errors:
  File "/usr/lib/python3/dist-packages/django/db/utils.py", line 90, in __exit__
    raise dj_exc_value.with_traceback(traceback) from exc_value
  File "/usr/lib/python3/dist-packages/django/db/backends/utils.py", line 84, in _execute
    return self.cursor.execute(sql, params)
  File "/usr/lib/python3/dist-packages/django/db/backends/sqlite3/base.py", line 423, in execute
    return Database.Cursor.execute(self, query, params)
django.db.utils.IntegrityError: UNIQUE constraint failed: alumnos_alumno.email
"POST /alumnos/alumnosAdd HTTP/1.1" 500 161249
(0.000) SELECT "alumnos_genero"."idGenero", "alumnos_genero"."genero" FROM "alumnos_genero" WHERE "alumnos_genero"."idGenero" = 1 LIMIT 21; args=(1,)
(0.000) INSERT INTO "alumnos_alumno" ("rut", "nombre", "apellido_paterno", "apellido_materno", "fecha_nacimiento", "idGenero", "telefono", "email", "direccion", "activo") SELECT '4237748632', '', '', '', '2024-06-03', 1, '', 'link4@gmail.com', '', 1; args=('4237748632', '', '', '', '2024-06-03', 1, '', 'link4@gmail.com', '', 1)
(0.000) SELECT "alumnos_alumno"."rut", "alumnos_alumno"."nombre", "alumnos_alumno"."apellido_paterno", "alumnos_alumno"."apellido_materno", "alumnos_alumno"."fecha_nacimiento", "alumnos_alumno"."idGenero", "alumnos_alumno"."telefono", "alumnos_alumno"."email", "alumnos_alumno"."direccion", "alumnos_alumno"."activo" FROM "alumnos_alumno" LIMIT 21; args=()
(0.000) SELECT "alumnos_alumno"."rut", "alumnos_alumno"."nombre", "alumnos_alumno"."apellido_paterno", "alumnos_alumno"."apellido_materno", "alumnos_alumno"."fecha_nacimiento", "alumnos_alumno"."idGenero", "alumnos_alumno"."telefono", "alumnos_alumno"."email", "alumnos_alumno"."direccion", "alumnos_alumno"."activo" FROM "alumnos_alumno" LIMIT 21; args=()
Internal Server Error: /alumnos/alumnosAdd
Traceback (most recent call last):
  File "/usr/lib/python3/dist-packages/django/db/backends/utils.py", line 84, in _execute
    return self.cursor.execute(sql, params)
  File "/usr/lib/python3/dist-packages/django/db/backends/sqlite3/base.py", line 423, in execute
    return Database.Cursor.execute(self, query, params)
sqlite3.IntegrityError: UNIQUE constraint failed: alumnos_alumno.rut

The above exception was the direct cause of the following exception:

Traceback (most recent call last):
  File "/usr/lib/python3/dist-packages/django/core/handlers/exception.py", line 47, in inner
    response = get_response(request)
  File "/usr/lib/python3/dist-packages/django/core/handlers/base.py", line 181, in _get_response
    response = wrapped_callback(request, *callback_args, **callback_kwargs)
  File "/home/link/Documentos/django3/alumnos/views.py", line 39, in alumnosAdd
    obj = Alumno.objects.create(
  File "/usr/lib/python3/dist-packages/django/db/models/manager.py", line 85, in manager_method
    return getattr(self.get_queryset(), name)(*args, **kwargs)
  File "/usr/lib/python3/dist-packages/django/db/models/query.py", line 453, in create
    obj.save(force_insert=True, using=self.db)
  File "/usr/lib/python3/dist-packages/django/db/models/base.py", line 739, in save
    self.save_base(using=using, force_insert=force_insert,
  File "/usr/lib/python3/dist-packages/django/db/models/base.py", line 776, in save_base
    updated = self._save_table(
  File "/usr/lib/python3/dist-packages/django/db/models/base.py", line 881, in _save_table
    results = self._do_insert(cls._base_manager, using, fields, returning_fields, raw)
  File "/usr/lib/python3/dist-packages/django/db/models/base.py", line 919, in _do_insert
    return manager._insert(
  File "/usr/lib/python3/dist-packages/django/db/models/manager.py", line 85, in manager_method
    return getattr(self.get_queryset(), name)(*args, **kwargs)
  File "/usr/lib/python3/dist-packages/django/db/models/query.py", line 1270, in _insert
    return query.get_compiler(using=using).execute_sql(returning_fields)
  File "/usr/lib/python3/dist-packages/django/db/models/sql/compiler.py", line 1416, in execute_sql
    cursor.execute(sql, params)
  File "/usr/lib/python3/dist-packages/django/db/backends/utils.py", line 98, in execute
    return super().execute(sql, params)
  File "/usr/lib/python3/dist-packages/django/db/backends/utils.py", line 66, in execute
    return self._execute_with_wrappers(sql, params, many=False, executor=self._execute)
  File "/usr/lib/python3/dist-packages/django/db/backends/utils.py", line 75, in _execute_with_wrappers
    return executor(sql, params, many, context)
  File "/usr/lib/python3/dist-packages/django/db/backends/utils.py", line 79, in _execute
    with self.db.wrap_database_errors:
  File "/usr/lib/python3/dist-packages/django/db/utils.py", line 90, in __exit__
    raise dj_exc_value.with_traceback(traceback) from exc_value
  File "/usr/lib/python3/dist-packages/django/db/backends/utils.py", line 84, in _execute
    return self.cursor.execute(sql, params)
  File "/usr/lib/python3/dist-packages/django/db/backends/sqlite3/base.py", line 423, in execute
    return Database.Cursor.execute(self, query, params)
django.db.utils.IntegrityError: UNIQUE constraint failed: alumnos_alumno.rut
"POST /alumnos/alumnosAdd HTTP/1.1" 500 161428
(0.001) SELECT "alumnos_genero"."idGenero", "alumnos_genero"."genero" FROM "alumnos_genero" WHERE "alumnos_genero"."idGenero" = 1 LIMIT 21; args=(1,)
(0.000) INSERT INTO "alumnos_alumno" ("rut", "nombre", "apellido_paterno", "apellido_materno", "fecha_nacimiento", "idGenero", "telefono", "email", "direccion", "activo") SELECT '4237748632', '', '', '', '2024-06-03', 1, '', 'link4@gmail.com', '', 1; args=('4237748632', '', '', '', '2024-06-03', 1, '', 'link4@gmail.com', '', 1)
(0.000) SELECT "alumnos_alumno"."rut", "alumnos_alumno"."nombre", "alumnos_alumno"."apellido_paterno", "alumnos_alumno"."apellido_materno", "alumnos_alumno"."fecha_nacimiento", "alumnos_alumno"."idGenero", "alumnos_alumno"."telefono", "alumnos_alumno"."email", "alumnos_alumno"."direccion", "alumnos_alumno"."activo" FROM "alumnos_alumno" LIMIT 21; args=()
(0.000) SELECT "alumnos_alumno"."rut", "alumnos_alumno"."nombre", "alumnos_alumno"."apellido_paterno", "alumnos_alumno"."apellido_materno", "alumnos_alumno"."fecha_nacimiento", "alumnos_alumno"."idGenero", "alumnos_alumno"."telefono", "alumnos_alumno"."email", "alumnos_alumno"."direccion", "alumnos_alumno"."activo" FROM "alumnos_alumno" LIMIT 21; args=()
Internal Server Error: /alumnos/alumnosAdd
Traceback (most recent call last):
  File "/usr/lib/python3/dist-packages/django/db/backends/utils.py", line 84, in _execute
    return self.cursor.execute(sql, params)
  File "/usr/lib/python3/dist-packages/django/db/backends/sqlite3/base.py", line 423, in execute
    return Database.Cursor.execute(self, query, params)
sqlite3.IntegrityError: UNIQUE constraint failed: alumnos_alumno.rut

The above exception was the direct cause of the following exception:

Traceback (most recent call last):
  File "/usr/lib/python3/dist-packages/django/core/handlers/exception.py", line 47, in inner
    response = get_response(request)
  File "/usr/lib/python3/dist-packages/django/core/handlers/base.py", line 181, in _get_response
    response = wrapped_callback(request, *callback_args, **callback_kwargs)
  File "/home/link/Documentos/django3/alumnos/views.py", line 39, in alumnosAdd
    obj = Alumno.objects.create(
  File "/usr/lib/python3/dist-packages/django/db/models/manager.py", line 85, in manager_method
    return getattr(self.get_queryset(), name)(*args, **kwargs)
  File "/usr/lib/python3/dist-packages/django/db/models/query.py", line 453, in create
    obj.save(force_insert=True, using=self.db)
  File "/usr/lib/python3/dist-packages/django/db/models/base.py", line 739, in save
    self.save_base(using=using, force_insert=force_insert,
  File "/usr/lib/python3/dist-packages/django/db/models/base.py", line 776, in save_base
    updated = self._save_table(
  File "/usr/lib/python3/dist-packages/django/db/models/base.py", line 881, in _save_table
    results = self._do_insert(cls._base_manager, using, fields, returning_fields, raw)
  File "/usr/lib/python3/dist-packages/django/db/models/base.py", line 919, in _do_insert
    return manager._insert(
  File "/usr/lib/python3/dist-packages/django/db/models/manager.py", line 85, in manager_method
    return getattr(self.get_queryset(), name)(*args, **kwargs)
  File "/usr/lib/python3/dist-packages/django/db/models/query.py", line 1270, in _insert
    return query.get_compiler(using=using).execute_sql(returning_fields)
  File "/usr/lib/python3/dist-packages/django/db/models/sql/compiler.py", line 1416, in execute_sql
    cursor.execute(sql, params)
  File "/usr/lib/python3/dist-packages/django/db/backends/utils.py", line 98, in execute
    return super().execute(sql, params)
  File "/usr/lib/python3/dist-packages/django/db/backends/utils.py", line 66, in execute
    return self._execute_with_wrappers(sql, params, many=False, executor=self._execute)
  File "/usr/lib/python3/dist-packages/django/db/backends/utils.py", line 75, in _execute_with_wrappers
    return executor(sql, params, many, context)
  File "/usr/lib/python3/dist-packages/django/db/backends/utils.py", line 79, in _execute
    with self.db.wrap_database_errors:
  File "/usr/lib/python3/dist-packages/django/db/utils.py", line 90, in __exit__
    raise dj_exc_value.with_traceback(traceback) from exc_value
  File "/usr/lib/python3/dist-packages/django/db/backends/utils.py", line 84, in _execute
    return self.cursor.execute(sql, params)
  File "/usr/lib/python3/dist-packages/django/db/backends/sqlite3/base.py", line 423, in execute
    return Database.Cursor.execute(self, query, params)
django.db.utils.IntegrityError: UNIQUE constraint failed: alumnos_alumno.rut
"POST /alumnos/alumnosAdd HTTP/1.1" 500 161428
(0.000) SELECT "alumnos_genero"."idGenero", "alumnos_genero"."genero" FROM "alumnos_genero" WHERE "alumnos_genero"."idGenero" = 1 LIMIT 21; args=(1,)
(0.000) INSERT INTO "alumnos_alumno" ("rut", "nombre", "apellido_paterno", "apellido_materno", "fecha_nacimiento", "idGenero", "telefono", "email", "direccion", "activo") SELECT '4237748632', '', '', '', '2024-06-03', 1, '', 'link4@gmail.com', '', 1; args=('4237748632', '', '', '', '2024-06-03', 1, '', 'link4@gmail.com', '', 1)
(0.000) SELECT "alumnos_alumno"."rut", "alumnos_alumno"."nombre", "alumnos_alumno"."apellido_paterno", "alumnos_alumno"."apellido_materno", "alumnos_alumno"."fecha_nacimiento", "alumnos_alumno"."idGenero", "alumnos_alumno"."telefono", "alumnos_alumno"."email", "alumnos_alumno"."direccion", "alumnos_alumno"."activo" FROM "alumnos_alumno" LIMIT 21; args=()
(0.000) SELECT "alumnos_alumno"."rut", "alumnos_alumno"."nombre", "alumnos_alumno"."apellido_paterno", "alumnos_alumno"."apellido_materno", "alumnos_alumno"."fecha_nacimiento", "alumnos_alumno"."idGenero", "alumnos_alumno"."telefono", "alumnos_alumno"."email", "alumnos_alumno"."direccion", "alumnos_alumno"."activo" FROM "alumnos_alumno" LIMIT 21; args=()
Internal Server Error: /alumnos/alumnosAdd
Traceback (most recent call last):
  File "/usr/lib/python3/dist-packages/django/db/backends/utils.py", line 84, in _execute
    return self.cursor.execute(sql, params)
  File "/usr/lib/python3/dist-packages/django/db/backends/sqlite3/base.py", line 423, in execute
    return Database.Cursor.execute(self, query, params)
sqlite3.IntegrityError: UNIQUE constraint failed: alumnos_alumno.rut

The above exception was the direct cause of the following exception:

Traceback (most recent call last):
  File "/usr/lib/python3/dist-packages/django/core/handlers/exception.py", line 47, in inner
    response = get_response(request)
  File "/usr/lib/python3/dist-packages/django/core/handlers/base.py", line 181, in _get_response
    response = wrapped_callback(request, *callback_args, **callback_kwargs)
  File "/home/link/Documentos/django3/alumnos/views.py", line 39, in alumnosAdd
    obj = Alumno.objects.create(
  File "/usr/lib/python3/dist-packages/django/db/models/manager.py", line 85, in manager_method
    return getattr(self.get_queryset(), name)(*args, **kwargs)
  File "/usr/lib/python3/dist-packages/django/db/models/query.py", line 453, in create
    obj.save(force_insert=True, using=self.db)
  File "/usr/lib/python3/dist-packages/django/db/models/base.py", line 739, in save
    self.save_base(using=using, force_insert=force_insert,
  File "/usr/lib/python3/dist-packages/django/db/models/base.py", line 776, in save_base
    updated = self._save_table(
  File "/usr/lib/python3/dist-packages/django/db/models/base.py", line 881, in _save_table
    results = self._do_insert(cls._base_manager, using, fields, returning_fields, raw)
  File "/usr/lib/python3/dist-packages/django/db/models/base.py", line 919, in _do_insert
    return manager._insert(
  File "/usr/lib/python3/dist-packages/django/db/models/manager.py", line 85, in manager_method
    return getattr(self.get_queryset(), name)(*args, **kwargs)
  File "/usr/lib/python3/dist-packages/django/db/models/query.py", line 1270, in _insert
    return query.get_compiler(using=using).execute_sql(returning_fields)
  File "/usr/lib/python3/dist-packages/django/db/models/sql/compiler.py", line 1416, in execute_sql
    cursor.execute(sql, params)
  File "/usr/lib/python3/dist-packages/django/db/backends/utils.py", line 98, in execute
    return super().execute(sql, params)
  File "/usr/lib/python3/dist-packages/django/db/backends/utils.py", line 66, in execute
    return self._execute_with_wrappers(sql, params, many=False, executor=self._execute)
  File "/usr/lib/python3/dist-packages/django/db/backends/utils.py", line 75, in _execute_with_wrappers
    return executor(sql, params, many, context)
  File "/usr/lib/python3/dist-packages/django/db/backends/utils.py", line 79, in _execute
    with self.db.wrap_database_errors:
  File "/usr/lib/python3/dist-packages/django/db/utils.py", line 90, in __exit__
    raise dj_exc_value.with_traceback(traceback) from exc_value
  File "/usr/lib/python3/dist-packages/django/db/backends/utils.py", line 84, in _execute
    return self.cursor.execute(sql, params)
  File "/usr/lib/python3/dist-packages/django/db/backends/sqlite3/base.py", line 423, in execute
    return Database.Cursor.execute(self, query, params)
django.db.utils.IntegrityError: UNIQUE constraint failed: alumnos_alumno.rut
"POST /alumnos/alumnosAdd HTTP/1.1" 500 161428
(0.000) SELECT "alumnos_genero"."idGenero", "alumnos_genero"."genero" FROM "alumnos_genero" WHERE "alumnos_genero"."idGenero" = 1 LIMIT 21; args=(1,)
(0.006) INSERT INTO "alumnos_alumno" ("rut", "nombre", "apellido_paterno", "apellido_materno", "fecha_nacimiento", "idGenero", "telefono", "email", "direccion", "activo") SELECT '448632', '', '', '', '2024-06-03', 1, '', 'link4@gmail.com', '', 1; args=('448632', '', '', '', '2024-06-03', 1, '', 'link4@gmail.com', '', 1)
(0.003) UPDATE "alumnos_alumno" SET "nombre" = '', "apellido_paterno" = '', "apellido_materno" = '', "fecha_nacimiento" = '2024-06-03', "idGenero" = 1, "telefono" = '', "email" = 'link4@gmail.com', "direccion" = '', "activo" = 1 WHERE "alumnos_alumno"."rut" = '448632'; args=('', '', '', '2024-06-03', 1, '', 'link4@gmail.com', '', 1, '448632')
Exception while resolving variable 'generos' in template 'alumnos/alumnos_add.html'.
Traceback (most recent call last):
  File "/usr/lib/python3/dist-packages/django/template/base.py", line 829, in _resolve_lookup
    current = current[bit]
  File "/usr/lib/python3/dist-packages/django/template/context.py", line 83, in __getitem__
    raise KeyError(key)
KeyError: 'generos'

During handling of the above exception, another exception occurred:

Traceback (most recent call last):
  File "/usr/lib/python3/dist-packages/django/template/base.py", line 835, in _resolve_lookup
    if isinstance(current, BaseContext) and getattr(type(current), bit):
AttributeError: type object 'RequestContext' has no attribute 'generos'

During handling of the above exception, another exception occurred:

Traceback (most recent call last):
  File "/usr/lib/python3/dist-packages/django/template/base.py", line 843, in _resolve_lookup
    current = current[int(bit)]
ValueError: invalid literal for int() with base 10: 'generos'

During handling of the above exception, another exception occurred:

Traceback (most recent call last):
  File "/usr/lib/python3/dist-packages/django/template/base.py", line 848, in _resolve_lookup
    raise VariableDoesNotExist("Failed lookup for key "
django.template.base.VariableDoesNotExist: Failed lookup for key [generos] in [{'True': True, 'False': False, 'None': None}, {'csrf_token': <SimpleLazyObject: 'iNAyjwp5PBTeqrg96fkGh2k5f8I9DjnkgT6W1x8xwnyz3nDlcFlJDk3mmUs3TVOf'>, 'request': <WSGIRequest: POST '/alumnos/alumnosAdd'>, 'user': <SimpleLazyObject: <function AuthenticationMiddleware.process_request.<locals>.<lambda> at 0x716b5d1e27a0>>, 'perms': <django.contrib.auth.context_processors.PermWrapper object at 0x716b4ff4c760>, 'messages': <django.contrib.messages.storage.fallback.FallbackStorage object at 0x716b4ff4caf0>, 'DEFAULT_MESSAGE_LEVELS': {'DEBUG': 10, 'INFO': 20, 'SUCCESS': 25, 'WARNING': 30, 'ERROR': 40}}, {}, {'mensaje': 'OK, datos grabados...'}, {}]
"POST /alumnos/alumnosAdd HTTP/1.1" 200 1698
(0.000) SELECT "alumnos_alumno"."rut", "alumnos_alumno"."nombre", "alumnos_alumno"."apellido_paterno", "alumnos_alumno"."apellido_materno", "alumnos_alumno"."fecha_nacimiento", "alumnos_alumno"."idGenero", "alumnos_alumno"."telefono", "alumnos_alumno"."email", "alumnos_alumno"."direccion", "alumnos_alumno"."activo" FROM "alumnos_alumno" LIMIT 21; args=()
Exception while resolving variable 'mensaje' in template 'alumnos/alumnos_list.html'.
Traceback (most recent call last):
  File "/usr/lib/python3/dist-packages/django/template/base.py", line 829, in _resolve_lookup
    current = current[bit]
  File "/usr/lib/python3/dist-packages/django/template/context.py", line 83, in __getitem__
    raise KeyError(key)
KeyError: 'mensaje'

During handling of the above exception, another exception occurred:

Traceback (most recent call last):
  File "/usr/lib/python3/dist-packages/django/template/base.py", line 835, in _resolve_lookup
    if isinstance(current, BaseContext) and getattr(type(current), bit):
AttributeError: type object 'RequestContext' has no attribute 'mensaje'

During handling of the above exception, another exception occurred:

Traceback (most recent call last):
  File "/usr/lib/python3/dist-packages/django/template/base.py", line 843, in _resolve_lookup
    current = current[int(bit)]
ValueError: invalid literal for int() with base 10: 'mensaje'

During handling of the above exception, another exception occurred:

Traceback (most recent call last):
  File "/usr/lib/python3/dist-packages/django/template/base.py", line 848, in _resolve_lookup
    raise VariableDoesNotExist("Failed lookup for key "
django.template.base.VariableDoesNotExist: Failed lookup for key [mensaje] in [{'True': True, 'False': False, 'None': None}, {'csrf_token': <SimpleLazyObject: <function csrf.<locals>._get_val at 0x716b4ff12560>>, 'request': <WSGIRequest: GET '/alumnos/crud'>, 'user': <SimpleLazyObject: <function AuthenticationMiddleware.process_request.<locals>.<lambda> at 0x716b4ffd7490>>, 'perms': <django.contrib.auth.context_processors.PermWrapper object at 0x716b4ff4e3b0>, 'messages': <django.contrib.messages.storage.fallback.FallbackStorage object at 0x716b4ff4ee90>, 'DEFAULT_MESSAGE_LEVELS': {'DEBUG': 10, 'INFO': 20, 'SUCCESS': 25, 'WARNING': 30, 'ERROR': 40}}, {}, {'alumnos': <QuerySet [<Alumno: Link Kokiry>, <Alumno: Max Steel>, <Alumno: Dante Sparda>, <Alumno: Dante >, <Alumno:  >]>}]
(0.000) SELECT "alumnos_alumno"."rut", "alumnos_alumno"."nombre", "alumnos_alumno"."apellido_paterno", "alumnos_alumno"."apellido_materno", "alumnos_alumno"."fecha_nacimiento", "alumnos_alumno"."idGenero", "alumnos_alumno"."telefono", "alumnos_alumno"."email", "alumnos_alumno"."direccion", "alumnos_alumno"."activo" FROM "alumnos_alumno"; args=()
"GET /alumnos/crud HTTP/1.1" 200 2799
"GET /static/css/style.css HTTP/1.1" 404 1798
"GET /static/js/main.js HTTP/1.1" 404 1789
(0.000) SELECT "alumnos_genero"."idGenero", "alumnos_genero"."genero" FROM "alumnos_genero"; args=()
"GET /alumnos/alumnosAdd HTTP/1.1" 200 1837
(0.001) SELECT "alumnos_genero"."idGenero", "alumnos_genero"."genero" FROM "alumnos_genero" WHERE "alumnos_genero"."idGenero" = 1 LIMIT 21; args=(1,)
(0.004) INSERT INTO "alumnos_alumno" ("rut", "nombre", "apellido_paterno", "apellido_materno", "fecha_nacimiento", "idGenero", "telefono", "email", "direccion", "activo") SELECT '44863211', 'Felipe', 'Soto', 'Arias', '2024-06-05', 1, '4325243544', '244345@gm.com', 'Fake Street 123', 1; args=('44863211', 'Felipe', 'Soto', 'Arias', '2024-06-05', 1, '4325243544', '244345@gm.com', 'Fake Street 123', 1)
(0.003) UPDATE "alumnos_alumno" SET "nombre" = 'Felipe', "apellido_paterno" = 'Soto', "apellido_materno" = 'Arias', "fecha_nacimiento" = '2024-06-05', "idGenero" = 1, "telefono" = '4325243544', "email" = '244345@gm.com', "direccion" = 'Fake Street 123', "activo" = 1 WHERE "alumnos_alumno"."rut" = '44863211'; args=('Felipe', 'Soto', 'Arias', '2024-06-05', 1, '4325243544', '244345@gm.com', 'Fake Street 123', 1, '44863211')
Exception while resolving variable 'generos' in template 'alumnos/alumnos_add.html'.
Traceback (most recent call last):
  File "/usr/lib/python3/dist-packages/django/template/base.py", line 829, in _resolve_lookup
    current = current[bit]
  File "/usr/lib/python3/dist-packages/django/template/context.py", line 83, in __getitem__
    raise KeyError(key)
KeyError: 'generos'

During handling of the above exception, another exception occurred:

Traceback (most recent call last):
  File "/usr/lib/python3/dist-packages/django/template/base.py", line 835, in _resolve_lookup
    if isinstance(current, BaseContext) and getattr(type(current), bit):
AttributeError: type object 'RequestContext' has no attribute 'generos'

During handling of the above exception, another exception occurred:

Traceback (most recent call last):
  File "/usr/lib/python3/dist-packages/django/template/base.py", line 843, in _resolve_lookup
    current = current[int(bit)]
ValueError: invalid literal for int() with base 10: 'generos'

During handling of the above exception, another exception occurred:

Traceback (most recent call last):
  File "/usr/lib/python3/dist-packages/django/template/base.py", line 848, in _resolve_lookup
    raise VariableDoesNotExist("Failed lookup for key "
django.template.base.VariableDoesNotExist: Failed lookup for key [generos] in [{'True': True, 'False': False, 'None': None}, {'csrf_token': <SimpleLazyObject: 'xNNyzriTRejjq3JDFuibhRK6mxjDdlntvTjWhs1ly0YE3Z6PLUjeD9tntj3xtXOo'>, 'request': <WSGIRequest: POST '/alumnos/alumnosAdd'>, 'user': <SimpleLazyObject: <function AuthenticationMiddleware.process_request.<locals>.<lambda> at 0x716b5d222cb0>>, 'perms': <django.contrib.auth.context_processors.PermWrapper object at 0x716b4ff4f910>, 'messages': <django.contrib.messages.storage.fallback.FallbackStorage object at 0x716b4ff4d8d0>, 'DEFAULT_MESSAGE_LEVELS': {'DEBUG': 10, 'INFO': 20, 'SUCCESS': 25, 'WARNING': 30, 'ERROR': 40}}, {}, {'mensaje': 'OK, datos grabados...'}, {}]
"POST /alumnos/alumnosAdd HTTP/1.1" 200 1698
(0.000) SELECT "alumnos_alumno"."rut", "alumnos_alumno"."nombre", "alumnos_alumno"."apellido_paterno", "alumnos_alumno"."apellido_materno", "alumnos_alumno"."fecha_nacimiento", "alumnos_alumno"."idGenero", "alumnos_alumno"."telefono", "alumnos_alumno"."email", "alumnos_alumno"."direccion", "alumnos_alumno"."activo" FROM "alumnos_alumno" LIMIT 21; args=()
Exception while resolving variable 'mensaje' in template 'alumnos/alumnos_list.html'.
Traceback (most recent call last):
  File "/usr/lib/python3/dist-packages/django/template/base.py", line 829, in _resolve_lookup
    current = current[bit]
  File "/usr/lib/python3/dist-packages/django/template/context.py", line 83, in __getitem__
    raise KeyError(key)
KeyError: 'mensaje'

During handling of the above exception, another exception occurred:

Traceback (most recent call last):
  File "/usr/lib/python3/dist-packages/django/template/base.py", line 835, in _resolve_lookup
    if isinstance(current, BaseContext) and getattr(type(current), bit):
AttributeError: type object 'RequestContext' has no attribute 'mensaje'

During handling of the above exception, another exception occurred:

Traceback (most recent call last):
  File "/usr/lib/python3/dist-packages/django/template/base.py", line 843, in _resolve_lookup
    current = current[int(bit)]
ValueError: invalid literal for int() with base 10: 'mensaje'

During handling of the above exception, another exception occurred:

Traceback (most recent call last):
  File "/usr/lib/python3/dist-packages/django/template/base.py", line 848, in _resolve_lookup
    raise VariableDoesNotExist("Failed lookup for key "
django.template.base.VariableDoesNotExist: Failed lookup for key [mensaje] in [{'True': True, 'False': False, 'None': None}, {'csrf_token': <SimpleLazyObject: <function csrf.<locals>._get_val at 0x716b5c168af0>>, 'request': <WSGIRequest: GET '/alumnos/crud'>, 'user': <SimpleLazyObject: <function AuthenticationMiddleware.process_request.<locals>.<lambda> at 0x716b5d223250>>, 'perms': <django.contrib.auth.context_processors.PermWrapper object at 0x716b4ff4d5a0>, 'messages': <django.contrib.messages.storage.fallback.FallbackStorage object at 0x716b4ff4f070>, 'DEFAULT_MESSAGE_LEVELS': {'DEBUG': 10, 'INFO': 20, 'SUCCESS': 25, 'WARNING': 30, 'ERROR': 40}}, {}, {'alumnos': <QuerySet [<Alumno: Link Kokiry>, <Alumno: Max Steel>, <Alumno: Dante Sparda>, <Alumno: Dante >, <Alumno:  >, <Alumno: Felipe Soto>]>}]
(0.000) SELECT "alumnos_alumno"."rut", "alumnos_alumno"."nombre", "alumnos_alumno"."apellido_paterno", "alumnos_alumno"."apellido_materno", "alumnos_alumno"."fecha_nacimiento", "alumnos_alumno"."idGenero", "alumnos_alumno"."telefono", "alumnos_alumno"."email", "alumnos_alumno"."direccion", "alumnos_alumno"."activo" FROM "alumnos_alumno"; args=()
"GET /alumnos/crud HTTP/1.1" 200 3004
"GET /static/css/style.css HTTP/1.1" 404 1798
"GET /static/js/main.js HTTP/1.1" 404 1789
